Release 14.7 Map P.20131013 (nt64)
Xilinx Mapping Report File for Design 'FiltroTop'

Design Information
------------------
Command Line   : map -intstyle ise -p xc6slx16-csg324-3 -w -logic_opt off -ol
high -t 1 -xt 0 -register_duplication off -r 4 -global_opt off -mt off -ir off
-pr off -lc off -power off -o FiltroTop_map.ncd FiltroTop.ngd FiltroTop.pcf 
Target Device  : xc6slx16
Target Package : csg324
Target Speed   : -3
Mapper Version : spartan6 -- $Revision: 1.55 $
Mapped Date    : Thu Apr 30 11:28:25 2015

Interim Summary
---------------
Slice Logic Utilization:
  Number of Slice Registers:                   307 out of  18,224    1%
    Number used as Flip Flops:                 297
    Number used as Latches:                      0
    Number used as Latch-thrus:                  0
    Number used as AND/OR logics:               10
  Number of Slice LUTs:                      5,115 out of   9,112   56%
    Number used as logic:                    5,088 out of   9,112   55%
      Number using O6 output only:           4,302
      Number using O5 output only:             374
      Number using O5 and O6:                  412
      Number used as ROM:                        0
    Number used as Memory:                       0 out of   2,176    0%
    Number used exclusively as route-thrus:     27
      Number with same-slice register load:      0
      Number with same-slice carry load:        27
      Number with other load:                    0

Slice Logic Distribution:
  Number of MUXCYs used:                     4,208 out of   4,556   92%
  Number of LUT Flip Flop pairs used:        5,275
    Number with an unused Flip Flop:         4,968 out of   5,275   94%
    Number with an unused LUT:                 160 out of   5,275    3%
    Number of fully used LUT-FF pairs:         147 out of   5,275    2%
    Number of unique control sets:               3
    Number of slice register sites lost
      to control set restrictions:               7 out of  18,224    1%

  A LUT Flip Flop pair for this architecture represents one LUT paired with
  one Flip Flop within a slice.  A control set is a unique combination of
  clock, reset, set, and enable signals for a registered element.
  The Slice Logic Distribution report is not meaningful if the design is
  over-mapped for a non-slice resource or if Placement fails.

IO Utilization:
  Number of bonded IOBs:                        95 out of     232   40%

Specific Feature Utilization:
  Number of RAMB16BWERs:                         0 out of      32    0%
  Number of RAMB8BWERs:                          0 out of      64    0%
  Number of BUFIO2/BUFIO2_2CLKs:                 0 out of      32    0%
  Number of BUFIO2FB/BUFIO2FB_2CLKs:             0 out of      32    0%
  Number of BUFG/BUFGMUXs:                       2 out of      16   12%
    Number used as BUFGs:                        2
    Number used as BUFGMUX:                      0
  Number of DCM/DCM_CLKGENs:                     0 out of       4    0%
  Number of ILOGIC2/ISERDES2s:                   0 out of     248    0%
  Number of IODELAY2/IODRP2/IODRP2_MCBs:         0 out of     248    0%
  Number of OLOGIC2/OSERDES2s:                   0 out of     248    0%
  Number of BSCANs:                              0 out of       4    0%
  Number of BUFHs:                               0 out of     128    0%
  Number of BUFPLLs:                             0 out of       8    0%
  Number of BUFPLL_MCBs:                         0 out of       4    0%
  Number of DSP48A1s:                           16 out of      32   50%
  Number of ICAPs:                               0 out of       1    0%
  Number of MCBs:                                0 out of       2    0%
  Number of PCILOGICSEs:                         0 out of       2    0%
  Number of PLL_ADVs:                            0 out of       2    0%
  Number of PMVs:                                0 out of       1    0%
  Number of STARTUPs:                            0 out of       1    0%
  Number of SUSPEND_SYNCs:                       0 out of       1    0%


Design Summary
--------------
Number of errors   :   5
Number of warnings :   0

Section 1 - Errors
------------------
ERROR:Place:543 - This design does not fit into the number of slices available
   in this device due to the complexity of the design and/or constraints.

   Unplaced instances by type:

     LUTL    436 (5.3)

   Please evaluate the following:

   - If there are user-defined constraints or area groups:
     Please look at the "User-defined constraints" section below to determine
     what constraints might be impacting the fitting of this design.
     Evaluate if they can be moved, removed or resized to allow for fitting.
     Verify that they do not overlap or conflict with clock region restrictions.
     See the clock region reports in the MAP log file (*map) for more details
     on clock region usage.

   - If there is difficulty in placing LUTs:
     Try using the MAP LUT Combining Option (map lc area|auto|off).

   - If there is difficulty in placing FFs:
     Evaluate the number and configuration of the control sets in your design.

   The following instances are the last set of instances that failed to place:

   0. Placer RPM "carry chain" (size: 44)
      LUTL filtro_pb2/Multi_a1/Mmult_y1_Madd2_cy<7>
      LUTL filtro_pb2/Multi_a1/Mmult_y1_Madd2_lut<7>
      LUTL filtro_pb2/Multi_a1/Mmult_y1_Madd2_cy<7>
      LUTL filtro_pb2/Multi_a1/Mmult_y1_Madd2_lut<6>
      LUTL filtro_pb2/Multi_a1/Mmult_y1_Madd2_cy<7>
      LUTL filtro_pb2/Multi_a1/Mmult_y1_Madd2_lut<5>
      LUTL filtro_pb2/Multi_a1/Mmult_y1_Madd2_cy<7>
      LUTL filtro_pb2/Multi_a1/Mmult_y1_Madd2_lut<4>
      LUTL filtro_pb2/Multi_a1/Mmult_y1_Madd2_cy<11>
      LUTL filtro_pb2/Multi_a1/Mmult_y1_Madd2_lut<11>
      LUTL filtro_pb2/Multi_a1/Mmult_y1_Madd2_cy<11>
      LUTL filtro_pb2/Multi_a1/Mmult_y1_Madd2_lut<10>
      LUTL filtro_pb2/Multi_a1/Mmult_y1_Madd2_cy<11>
      LUTL filtro_pb2/Multi_a1/Mmult_y1_Madd2_lut<9>
      LUTL filtro_pb2/Multi_a1/Mmult_y1_Madd2_cy<11>
      LUTL filtro_pb2/Multi_a1/Mmult_y1_Madd2_lut<8>
      LUTL filtro_pb2/Multi_a1/Mmult_y1_Madd2_cy<15>
      LUTL filtro_pb2/Multi_a1/Mmult_y1_Madd2_lut<15>
      LUTL filtro_pb2/Multi_a1/Mmult_y1_Madd2_cy<15>
      LUTL filtro_pb2/Multi_a1/Mmult_y1_Madd2_lut<14>
      LUTL filtro_pb2/Multi_a1/Mmult_y1_Madd2_cy<15>
      LUTL filtro_pb2/Multi_a1/Mmult_y1_Madd2_lut<13>
      LUTL filtro_pb2/Multi_a1/Mmult_y1_Madd2_cy<15>
      LUTL filtro_pb2/Multi_a1/Mmult_y1_Madd2_lut<12>
      LUTL filtro_pb2/Multi_a1/Mmult_y1_Madd2_cy<19>
      LUTL filtro_pb2/Multi_a1/Mmult_y1_Madd2_lut<19>
      LUTL filtro_pb2/Multi_a1/Mmult_y1_Madd2_cy<19>
      LUTL filtro_pb2/Multi_a1/Mmult_y1_Madd2_lut<18>
      LUTL filtro_pb2/Multi_a1/Mmult_y1_Madd2_cy<19>
      LUTL filtro_pb2/Multi_a1/Mmult_y1_Madd2_lut<17>
      LUTL filtro_pb2/Multi_a1/Mmult_y1_Madd2_cy<19>
      LUTL filtro_pb2/Multi_a1/Mmult_y1_Madd2_lut<16>
      LUTL filtro_pa2/Multi_b2/o_915.D5LUT
      LUTL filtro_pb2/R1/data_o<19>_rt.2
      LUTL filtro_pb2/Multi_a1/Mmult_y1_Madd2_cy<23>
      LUTL filtro_pb2/Multi_a1/Mmult_y1_Madd2_lut<22>
      LUTL filtro_pb2/Multi_a1/Mmult_y1_Madd2_cy<23>
      LUTL filtro_pb2/Multi_a1/Mmult_y1_Madd2_lut<21>
      LUTL filtro_pb2/Multi_a1/Mmult_y1_Madd2_cy<23>
      LUTL filtro_pb2/Multi_a1/Mmult_y1_Madd2_lut<20>
      LUTL filtro_pb2/Multi_a1/Mmult_y1_Madd2_cy<24>
      LUTL PhysOnlyGnd.B6LUT
      LUTL filtro_pa2/Multi_b2/o_916.A5LUT
      LUTL filtro_pb2/R1/data_o<21>_rt.3
   1. Placer RPM "carry chain" (size: 44)
      LUTL filtro_pa2/Multi_b2/o_1273.D5LUT
      LUTL filtro_pa2/data_r1<3>_inv1_INV_0
      LUTL filtro_pa2/Multi_b2/o_1272.C5LUT
      LUTL filtro_pa2/data_r1<2>_inv1_INV_0
      LUTL filtro_pa2/Multi_b2/o_1271.B5LUT
      LUTL filtro_pa2/data_r1<1>_inv1_INV_0
      LUTL filtro_pa2/Multi_b2/o_1270.A5LUT
      LUTL filtro_pa2/data_r1<0>_inv1_INV_0
      LUTL filtro_pa2/Multi_b2/o_1277.D5LUT
      LUTL filtro_pa2/data_r1<7>_inv1_INV_0
      LUTL filtro_pa2/Multi_b2/o_1276.C5LUT
      LUTL filtro_pa2/data_r1<6>_inv1_INV_0
      LUTL filtro_pa2/Multi_b2/o_1275.B5LUT
      LUTL filtro_pa2/data_r1<5>_inv1_INV_0
      LUTL filtro_pa2/Multi_b2/o_1274.A5LUT
      LUTL filtro_pa2/data_r1<4>_inv1_INV_0
      LUTL filtro_pa2/Multi_b2/o_1281.D5LUT
      LUTL filtro_pa2/data_r1<11>_inv1_INV_0
      LUTL filtro_pa2/Multi_b2/o_1280.C5LUT
      LUTL filtro_pa2/data_r1<10>_inv1_INV_0
      LUTL filtro_pa2/Multi_b2/o_1279.B5LUT
      LUTL filtro_pa2/data_r1<9>_inv1_INV_0
      LUTL filtro_pa2/Multi_b2/o_1278.A5LUT
      LUTL filtro_pa2/data_r1<8>_inv1_INV_0
      LUTL filtro_pa2/Multi_b2/o_1285.D5LUT
      LUTL filtro_pa2/data_r1<15>_inv1_INV_0
      LUTL filtro_pa2/Multi_b2/o_1284.C5LUT
      LUTL filtro_pa2/data_r1<14>_inv1_INV_0
      LUTL filtro_pa2/Multi_b2/o_1283.B5LUT
      LUTL filtro_pa2/data_r1<13>_inv1_INV_0
      LUTL filtro_pa2/Multi_b2/o_1282.A5LUT
      LUTL filtro_pa2/data_r1<12>_inv1_INV_0
      LUTL filtro_pa2/Multi_b2/o_1289.D5LUT
      LUTL filtro_pa2/data_r1<19>_inv1_INV_0
      LUTL filtro_pa2/Multi_b2/o_1288.C5LUT
      LUTL filtro_pa2/data_r1<18>_inv1_INV_0
      LUTL filtro_pa2/Multi_b2/o_1287.B5LUT
      LUTL filtro_pa2/data_r1<17>_inv1_INV_0
      LUTL filtro_pa2/Multi_b2/o_1286.A5LUT
      LUTL filtro_pa2/data_r1<16>_inv1_INV_0
      LUTL filtro_pa2/Multi_b1/y1<38>
      LUTL filtro_pa2/data_r1<21>_inv1_INV_0
      LUTL filtro_pa2/Multi_b2/o_1290.A5LUT
      LUTL filtro_pa2/data_r1<20>_inv1_INV_0
   2. Placer RPM "carry chain" (size: 44)
      LUTL filtro_pa3/Multi_a1/Mmult_y1_Madd2_cy<7>
      LUTL filtro_pa3/Multi_a1/Mmult_y1_Madd2_lut<7>
      LUTL filtro_pa3/Multi_a1/Mmult_y1_Madd2_cy<7>
      LUTL filtro_pa3/Multi_a1/Mmult_y1_Madd2_lut<6>
      LUTL filtro_pa3/Multi_a1/Mmult_y1_Madd2_cy<7>
      LUTL filtro_pa3/Multi_a1/Mmult_y1_Madd2_lut<5>
      LUTL filtro_pa3/Multi_a1/Mmult_y1_Madd2_cy<7>
      LUTL filtro_pa3/Multi_a1/Mmult_y1_Madd2_lut<4>
      LUTL filtro_pa3/Multi_a1/Mmult_y1_Madd2_cy<11>
      LUTL filtro_pa3/Multi_a1/Mmult_y1_Madd2_lut<11>
      LUTL filtro_pa3/Multi_a1/Mmult_y1_Madd2_cy<11>
      LUTL filtro_pa3/Multi_a1/Mmult_y1_Madd2_lut<10>
      LUTL filtro_pa3/Multi_a1/Mmult_y1_Madd2_cy<11>
      LUTL filtro_pa3/Multi_a1/Mmult_y1_Madd2_lut<9>
      LUTL filtro_pa3/Multi_a1/Mmult_y1_Madd2_cy<11>
      LUTL filtro_pa3/Multi_a1/Mmult_y1_Madd2_lut<8>
      LUTL filtro_pa3/Multi_a1/Mmult_y1_Madd2_cy<15>
      LUTL filtro_pa3/Multi_a1/Mmult_y1_Madd2_lut<15>
      LUTL filtro_pa3/Multi_a1/Mmult_y1_Madd2_cy<15>
      LUTL filtro_pa3/Multi_a1/Mmult_y1_Madd2_lut<14>
      LUTL filtro_pa3/Multi_a1/Mmult_y1_Madd2_cy<15>
      LUTL filtro_pa3/Multi_a1/Mmult_y1_Madd2_lut<13>
      LUTL filtro_pa3/Multi_a1/Mmult_y1_Madd2_cy<15>
      LUTL filtro_pa3/Multi_a1/Mmult_y1_Madd2_lut<12>
      LUTL filtro_pa3/Multi_a1/Mmult_y1_Madd2_cy<19>
      LUTL filtro_pa3/Multi_a1/Mmult_y1_Madd2_lut<19>
      LUTL filtro_pa3/Multi_a1/Mmult_y1_Madd2_cy<19>
      LUTL filtro_pa3/Multi_a1/Mmult_y1_Madd2_lut<18>
      LUTL filtro_pa3/Multi_a1/Mmult_y1_Madd2_cy<19>
      LUTL filtro_pa3/Multi_a1/Mmult_y1_Madd2_lut<17>
      LUTL filtro_pa3/Multi_a1/Mmult_y1_Madd2_cy<19>
      LUTL filtro_pa3/Multi_a1/Mmult_y1_Madd2_lut<16>
      LUTL filtro_pa2/Multi_b2/o_1049.D5LUT
      LUTL filtro_pa3/R1/data_o<19>_rt.2
      LUTL filtro_pa3/Multi_a1/Mmult_y1_Madd2_cy<23>
      LUTL filtro_pa3/Multi_a1/Mmult_y1_Madd2_lut<22>
      LUTL filtro_pa3/Multi_a1/Mmult_y1_Madd2_cy<23>
      LUTL filtro_pa3/Multi_a1/Mmult_y1_Madd2_lut<21>
      LUTL filtro_pa3/Multi_a1/Mmult_y1_Madd2_cy<23>
      LUTL filtro_pa3/Multi_a1/Mmult_y1_Madd2_lut<20>
      LUTL filtro_pa3/Multi_a1/Mmult_y1_Madd2_cy<24>
      LUTL PhysOnlyGnd.B6LUT.5
      LUTL filtro_pa2/Multi_b2/o_1050.A5LUT
      LUTL filtro_pa3/R1/data_o<21>_rt.3
   3. Placer RPM "carry chain" (size: 36)
      LUTL filtro_pb3/Multi_a1/Mmult_y1_Madd5_cy<12>
      LUTL filtro_pb3/Multi_a1/Mmult_y1_Madd5_lut<12>
      LUTL filtro_pb3/Multi_a1/Mmult_y1_Madd5_cy<12>
      LUTL filtro_pb3/Multi_a1/Mmult_y1_Madd5_lut<11>
      LUTL filtro_pb3/Multi_a1/Mmult_y1_Madd5_cy<12>
      LUTL filtro_pb3/Multi_a1/Mmult_y1_Madd5_lut<10>
      LUTL filtro_pb3/Multi_a1/Mmult_y1_Madd5_cy<12>
      LUTL filtro_pb3/Multi_a1/Mmult_y1_Madd5_lut<9>
      LUTL filtro_pb3/Multi_a1/Mmult_y1_Madd5_cy<16>
      LUTL filtro_pb3/Multi_a1/Mmult_y1_Madd5_lut<16>
      LUTL filtro_pb3/Multi_a1/Mmult_y1_Madd5_cy<16>
      LUTL filtro_pb3/Multi_a1/Mmult_y1_Madd5_lut<15>
      LUTL filtro_pb3/Multi_a1/Mmult_y1_Madd5_cy<16>
      LUTL filtro_pb3/Multi_a1/Mmult_y1_Madd5_lut<14>
      LUTL filtro_pb3/Multi_a1/Mmult_y1_Madd5_cy<16>
      LUTL filtro_pb3/Multi_a1/Mmult_y1_Madd5_lut<13>
      LUTL filtro_pa2/Multi_b2/o_1019.D5LUT
      LUTL filtro_pb3/Multi_a1/Mmult_y1_Madd_262_rt
      LUTL filtro_pa2/Multi_b2/o_1018.C5LUT
      LUTL filtro_pb3/Multi_a1/Mmult_y1_Madd_252_rt
      LUTL filtro_pa2/Multi_b2/o_1017.B5LUT
      LUTL filtro_pb3/Multi_a1/Mmult_y1_Madd_242_rt
      LUTL filtro_pa2/Multi_b2/o_1016.A5LUT
      LUTL filtro_pb3/Multi_a1/Mmult_y1_Madd_232_rt
      LUTL filtro_pa2/Multi_b2/o_1023.D5LUT
      LUTL filtro_pb3/Multi_a1/Mmult_y1_Madd_302_rt
      LUTL filtro_pa2/Multi_b2/o_1022.C5LUT
      LUTL filtro_pb3/Multi_a1/Mmult_y1_Madd_292_rt
      LUTL filtro_pa2/Multi_b2/o_1021.B5LUT
      LUTL filtro_pb3/Multi_a1/Mmult_y1_Madd_272_rt_pack_1
      LUTL filtro_pa2/Multi_b2/o_1020.A5LUT
      LUTL filtro_pb3/Multi_a1/Mmult_y1_Madd_272_rt
      LUTL filtro_pb3/Multi_a1/Mmult_y1_Madd5_cy<25>
      LUTL PhysOnlyGnd.B6LUT.7
      LUTL filtro_pa2/Multi_b2/o_1024.A5LUT
      LUTL filtro_pb3/Multi_a1/Mmult_y1_Madd2_cy<23>_rt
   4. Placer RPM "carry chain" (size: 44)
      LUTL filtro_pa3/Multi_a2/Mmult_y1_Madd2_cy<7>
      LUTL filtro_pa3/Multi_a2/Mmult_y1_Madd2_lut<7>
      LUTL filtro_pa3/Multi_a2/Mmult_y1_Madd2_cy<7>
      LUTL filtro_pa3/Multi_a2/Mmult_y1_Madd2_lut<6>
      LUTL filtro_pa3/Multi_a2/Mmult_y1_Madd2_cy<7>
      LUTL filtro_pa3/Multi_a2/Mmult_y1_Madd2_lut<5>
      LUTL filtro_pa3/Multi_a2/Mmult_y1_Madd2_cy<7>
      LUTL filtro_pa3/Multi_a2/Mmult_y1_Madd2_lut<4>
      LUTL filtro_pa3/Multi_a2/Mmult_y1_Madd2_cy<11>
      LUTL filtro_pa3/Multi_a2/Mmult_y1_Madd2_lut<11>
      LUTL filtro_pa3/Multi_a2/Mmult_y1_Madd2_cy<11>
      LUTL filtro_pa3/Multi_a2/Mmult_y1_Madd2_lut<10>
      LUTL filtro_pa3/Multi_a2/Mmult_y1_Madd2_cy<11>
      LUTL filtro_pa3/Multi_a2/Mmult_y1_Madd2_lut<9>
      LUTL filtro_pa3/Multi_a2/Mmult_y1_Madd2_cy<11>
      LUTL filtro_pa3/Multi_a2/Mmult_y1_Madd2_lut<8>
      LUTL filtro_pa3/Multi_a2/Mmult_y1_Madd2_cy<15>
      LUTL filtro_pa3/Multi_a2/Mmult_y1_Madd2_lut<15>
      LUTL filtro_pa3/Multi_a2/Mmult_y1_Madd2_cy<15>
      LUTL filtro_pa3/Multi_a2/Mmult_y1_Madd2_lut<14>
      LUTL filtro_pa3/Multi_a2/Mmult_y1_Madd2_cy<15>
      LUTL filtro_pa3/Multi_a2/Mmult_y1_Madd2_lut<13>
      LUTL filtro_pa3/Multi_a2/Mmult_y1_Madd2_cy<15>
      LUTL filtro_pa3/Multi_a2/Mmult_y1_Madd2_lut<12>
      LUTL filtro_pa3/Multi_a2/Mmult_y1_Madd2_cy<19>
      LUTL filtro_pa3/Multi_a2/Mmult_y1_Madd2_lut<19>
      LUTL filtro_pa3/Multi_a2/Mmult_y1_Madd2_cy<19>
      LUTL filtro_pa3/Multi_a2/Mmult_y1_Madd2_lut<18>
      LUTL filtro_pa3/Multi_a2/Mmult_y1_Madd2_cy<19>
      LUTL filtro_pa3/Multi_a2/Mmult_y1_Madd2_lut<17>1
      LUTL filtro_pa3/Multi_a2/Mmult_y1_Madd2_cy<19>
      LUTL filtro_pa3/Multi_a2/Mmult_y1_Madd2_lut<16>
      LUTL filtro_pa2/Multi_b2/o_1151.D5LUT
      LUTL filtro_pa3/R2/data_o<14>_rt
      LUTL filtro_pa2/Multi_b2/o_1150.C5LUT
      LUTL filtro_pa3/R2/data_o<13>_rt
      LUTL filtro_pa3/Multi_a2/Mmult_y1_Madd2_cy<23>
      LUTL filtro_pa3/Multi_a2/Mmult_y1_Madd2_lut<21>
      LUTL filtro_pa3/Multi_a2/Mmult_y1_Madd2_cy<23>
      LUTL filtro_pa3/Multi_a2/Mmult_y1_Madd2_lut<20>1
      LUTL filtro_pa3/Multi_a2/Mmult_y1_Madd2_cy<24>
      LUTL PhysOnlyGnd.B6LUT.11
      LUTL filtro_pa2/Multi_b2/o_1152.A5LUT
      LUTL filtro_pa3/R2/data_o<15>_rt
   5. Placer RPM "carry chain" (size: 44)
      LUTL filtro_pb2/Multi_b1/Mmult_y1_Madd3_cy<14>
      LUTL filtro_pb2/Multi_b1/Mmult_y1_Madd3_lut<14>
      LUTL filtro_pb2/Multi_b1/Mmult_y1_Madd3_cy<14>
      LUTL filtro_pb2/Multi_b1/Mmult_y1_Madd3_lut<13>
      LUTL filtro_pb2/Multi_b1/Mmult_y1_Madd3_cy<14>
      LUTL filtro_pb2/Multi_b1/Mmult_y1_Madd3_lut<12>
      LUTL filtro_pb2/Multi_b1/Mmult_y1_Madd3_cy<14>
      LUTL filtro_pb2/Multi_b1/Mmult_y1_Madd3_lut<11>
      LUTL filtro_pb2/Multi_b1/Mmult_y1_Madd3_cy<18>
      LUTL filtro_pb2/Multi_b1/Mmult_y1_Madd3_lut<18>
      LUTL filtro_pb2/Multi_b1/Mmult_y1_Madd3_cy<18>
      LUTL filtro_pb2/Multi_b1/Mmult_y1_Madd3_lut<17>
      LUTL filtro_pb2/Multi_b1/Mmult_y1_Madd3_cy<18>
      LUTL filtro_pb2/Multi_b1/Mmult_y1_Madd3_lut<16>
      LUTL filtro_pb2/Multi_b1/Mmult_y1_Madd3_cy<18>
      LUTL filtro_pb2/Multi_b1/Mmult_y1_Madd3_lut<15>
      LUTL filtro_pa2/Multi_b2/o_1462.D5LUT
      LUTL filtro_pb2/Multi_b1/Mmult_y1_Madd_242_rt
      LUTL filtro_pa2/Multi_b2/o_1461.C5LUT
      LUTL filtro_pb2/Multi_b1/Mmult_y1_Madd_232_rt
      LUTL filtro_pb2/Multi_b1/Mmult_y1_Madd3_cy<22>
      LUTL filtro_pb2/Multi_b1/Mmult_y1_Madd3_lut<20>
      LUTL filtro_pb2/Multi_b1/Mmult_y1_Madd3_cy<22>
      LUTL filtro_pb2/Multi_b1/Mmult_y1_Madd3_lut<19>
      LUTL filtro_pa2/Multi_b2/o_1466.D5LUT
      LUTL filtro_pb2/Multi_b1/Mmult_y1_Madd_282_rt
      LUTL filtro_pa2/Multi_b2/o_1465.C5LUT
      LUTL filtro_pb2/Multi_b1/Mmult_y1_Madd_272_rt
      LUTL filtro_pa2/Multi_b2/o_1464.B5LUT
      LUTL filtro_pb2/Multi_b1/Mmult_y1_Madd_262_rt
      LUTL filtro_pa2/Multi_b2/o_1463.A5LUT
      LUTL filtro_pb2/Multi_b1/Mmult_y1_Madd_252_rt
      LUTL filtro_pa2/Multi_b2/o_1470.D5LUT
      LUTL filtro_pb2/Multi_b1/Mmult_y1_Madd_322_rt
      LUTL filtro_pa2/Multi_b2/o_1469.C5LUT
      LUTL filtro_pb2/Multi_b1/Mmult_y1_Madd_312_rt
      LUTL filtro_pa2/Multi_b2/o_1468.B5LUT
      LUTL filtro_pb2/Multi_b1/Mmult_y1_Madd_302_rt
      LUTL filtro_pa2/Multi_b2/o_1467.A5LUT
      LUTL filtro_pb2/Multi_b1/Mmult_y1_Madd_292_rt
      LUTL filtro_pb2/Multi_b1/Mmult_y1_Madd3_cy<31>
      LUTL PhysOnlyGnd.B6LUT.14
      LUTL filtro_pa2/Multi_b2/o_1471.A5LUT
      LUTL filtro_pb2/Multi_b1/Mmult_y1_Madd2_cy<30>_rt
   6. Placer RPM "carry chain" (size: 44)
      LUTL filtro_pb3/Multi_b0/Mmult_y1_Madd3_cy<18>
      LUTL filtro_pb3/Multi_b0/Mmult_y1_Madd3_lut<18>
      LUTL filtro_pb3/Multi_b0/Mmult_y1_Madd3_cy<18>
      LUTL filtro_pb3/Multi_b0/Mmult_y1_Madd3_lut<17>
      LUTL filtro_pb3/Multi_b0/Mmult_y1_Madd3_cy<18>
      LUTL filtro_pb3/Multi_b0/Mmult_y1_Madd3_lut<16>
      LUTL filtro_pb3/Multi_b0/Mmult_y1_Madd3_cy<18>
      LUTL filtro_pb3/Multi_b0/Mmult_y1_Madd3_lut<15>
      LUTL filtro_pb3/Multi_b0/Mmult_y1_Madd3_cy<22>
      LUTL filtro_pb3/Suma_in/Mmux_y2241
      LUTL filtro_pb3/Multi_b0/Mmult_y1_Madd3_cy<22>
      LUTL filtro_pb3/Multi_b0/Mmult_y1_Madd3_lut<21>
      LUTL filtro_pb3/Multi_b0/Mmult_y1_Madd3_cy<22>
      LUTL filtro_pb3/Multi_b0/Mmult_y1_Madd3_lut<20>
      LUTL filtro_pb3/Multi_b0/Mmult_y1_Madd3_cy<22>
      LUTL filtro_pb3/Multi_b0/Mmult_y1_Madd3_lut<19>
      LUTL filtro_pb3/Multi_b0/Mmult_y1_Madd3_cy<26>
      LUTL filtro_pb3/Suma_in/Mmux_y2412
      LUTL filtro_pb3/Multi_b0/Mmult_y1_Madd3_cy<26>
      LUTL filtro_pb3/Suma_in/Mmux_y2242
      LUTL filtro_pb3/Multi_b0/Mmult_y1_Madd3_cy<26>
      LUTL filtro_pb3/Suma_in/Mmux_y2411
      LUTL filtro_pb3/Multi_b0/Mmult_y1_Madd3_cy<26>
      LUTL filtro_pb3/Suma_in/Mmux_y21414
      LUTL filtro_pb3/Multi_b0/Mmult_y1_Madd3_cy<30>
      LUTL filtro_pb3/Suma_in/Mmux_y21012
      LUTL filtro_pb3/Multi_b0/Mmult_y1_Madd3_cy<30>
      LUTL filtro_pb3/Suma_in/Mmux_y2612
      LUTL filtro_pb3/Multi_b0/Mmult_y1_Madd3_cy<30>
      LUTL filtro_pb3/Suma_in/Mmux_y2611
      LUTL filtro_pb3/Multi_b0/Mmult_y1_Madd3_cy<30>
      LUTL filtro_pb3/Suma_in/Mmux_y2413
      LUTL filtro_pb3/Multi_b0/Mmult_y1_Madd3_cy<34>
      LUTL filtro_pb3/Suma_in/Mmux_y21113
      LUTL filtro_pb3/Multi_b0/Mmult_y1_Madd3_cy<34>
      LUTL filtro_pb3/Suma_in/Mmux_y21013
      LUTL filtro_pb3/Multi_b0/Mmult_y1_Madd3_cy<34>
      LUTL filtro_pb3/Suma_in/Mmux_y2913
      LUTL filtro_pb3/Multi_b0/Mmult_y1_Madd3_cy<34>
      LUTL filtro_pb3/Suma_in/Mmux_y2912
      LUTL filtro_pb3/Multi_b0/Mmult_y1_Madd3_cy<35>
      LUTL PhysOnlyGnd.B6LUT.15
      LUTL filtro_pb3/Multi_b0/Mmult_y1_Madd3_cy<35>
      LUTL filtro_pb3/Suma_in/Mmux_y21415
   7. Placer RPM "carry chain" (size: 46)
      LUTL filtro_pb1/Suma_b/Madd_y1_Madd_cy<3>
      LUTL filtro_pb1/Suma_b/Madd_y1_Madd_lut<3>
      LUTL filtro_pb1/Suma_b/Madd_y1_Madd_cy<3>
      LUTL filtro_pb1/Suma_b/Madd_y1_Madd_lut<2>
      LUTL filtro_pb1/Suma_b/Madd_y1_Madd_cy<3>
      LUTL filtro_pb1/Suma_b/Madd_y1_Madd_lut<1>
      LUTL filtro_pb1/Suma_b/Madd_y1_Madd_cy<3>
      LUTL filtro_pb1/Suma_b/Madd_y1_Madd_lut<0>
      LUTL filtro_pb1/Suma_b/Madd_y1_Madd_cy<7>
      LUTL filtro_pb1/Suma_b/Madd_y1_Madd_lut<7>
      LUTL filtro_pb1/Suma_b/Madd_y1_Madd_cy<7>
      LUTL filtro_pb1/Suma_b/Madd_y1_Madd_lut<6>
      LUTL filtro_pb1/Suma_b/Madd_y1_Madd_cy<7>
      LUTL filtro_pb1/Suma_b/Madd_y1_Madd_lut<5>
      LUTL filtro_pb1/Suma_b/Madd_y1_Madd_cy<7>
      LUTL filtro_pb1/Suma_b/Madd_y1_Madd_lut<4>
      LUTL filtro_pb1/Multi_b1/Mmux_y231
      LUTL filtro_pb1/Suma_b/Madd_y1_Madd_lut<11>
      LUTL filtro_pb1/Suma_b/Madd_y1_Madd_cy<11>
      LUTL filtro_pb1/Suma_b/Madd_y1_Madd_lut<10>
      LUTL filtro_pb1/Suma_b/Madd_y1_Madd_cy<11>
      LUTL filtro_pb1/Suma_b/Madd_y1_Madd_lut<9>
      LUTL filtro_pb1/Suma_b/Madd_y1_Madd_cy<11>
      LUTL filtro_pb1/Suma_b/Madd_y1_Madd_lut<8>
      LUTL filtro_pb1/Suma_b/Madd_y1_Madd_cy<15>
      LUTL filtro_pb1/Suma_b/Madd_y1_Madd_lut<15>
      LUTL filtro_pb1/Suma_b/Madd_y1_Madd_cy<15>
      LUTL filtro_pb1/Suma_b/Madd_y1_Madd_lut<14>
      LUTL filtro_pb1/Suma_b/Madd_y1_Madd_cy<15>
      LUTL filtro_pb1/Suma_b/Madd_y1_Madd_lut<13>
      LUTL filtro_pb1/Suma_b/Madd_y1_Madd_cy<15>
      LUTL filtro_pb1/Suma_b/Madd_y1_Madd_lut<12>
      LUTL filtro_pb1/Suma_b/Madd_y1_Madd_cy<19>
      LUTL filtro_pb1/Suma_b/Madd_y1_Madd_lut<19>
      LUTL filtro_pb1/Suma_b/Madd_y1_Madd_cy<19>
      LUTL filtro_pb1/Suma_b/Madd_y1_Madd_lut<18>
      LUTL filtro_pb1/Suma_b/Madd_y1_Madd_cy<19>
      LUTL filtro_pb1/Suma_b/Madd_y1_Madd_lut<17>
      LUTL filtro_pb1/Suma_b/Madd_y1_Madd_cy<19>
      LUTL filtro_pb1/Suma_b/Madd_y1_Madd_lut<16>
      LUTL filtro_pb1/Suma_b/y1<22>
      LUTL filtro_pb1/Suma_b/Madd_y1_Madd_lut<22>
      LUTL filtro_pb1/Suma_b/y1<22>
      LUTL filtro_pb1/Suma_b/Madd_y1_Madd_lut<21>
      LUTL filtro_pb1/Suma_b/y1<22>
      LUTL filtro_pb1/Suma_b/Madd_y1_Madd_lut<20>
   8. Placer RPM "carry chain" (size: 44)
      LUTL filtro_pb3/Multi_b2/Mmult_y1_Madd3_cy<18>
      LUTL filtro_pb3/Multi_b2/Mmult_y1_Madd3_lut<18>
      LUTL filtro_pb3/Multi_b2/Mmult_y1_Madd3_cy<18>
      LUTL filtro_pb3/Multi_b2/Mmult_y1_Madd3_lut<17>
      LUTL filtro_pb3/Multi_b2/Mmult_y1_Madd3_cy<18>
      LUTL filtro_pb3/Multi_b2/Mmult_y1_Madd3_lut<16>
      LUTL filtro_pb3/Multi_b2/Mmult_y1_Madd3_cy<18>
      LUTL filtro_pb3/Multi_b2/Mmult_y1_Madd3_lut<15>
      LUTL filtro_pa2/Multi_b2/o_1564.D5LUT
      LUTL filtro_pb3/R2/data_o<10>_rt
      LUTL filtro_pb3/Multi_b2/Mmult_y1_Madd3_cy<22>
      LUTL filtro_pb3/Multi_b2/Mmult_y1_Madd3_lut<21>
      LUTL filtro_pb3/Multi_b2/Mmult_y1_Madd3_cy<22>
      LUTL filtro_pb3/Multi_b2/Mmult_y1_Madd3_lut<20>
      LUTL filtro_pb3/Multi_b2/Mmult_y1_Madd3_cy<22>
      LUTL filtro_pb3/Multi_b2/Mmult_y1_Madd3_lut<19>
      LUTL filtro_pa2/Multi_b2/o_1568.D5LUT
      LUTL filtro_pb3/R2/data_o<12>_rt_pack_1.1
      LUTL filtro_pa2/Multi_b2/o_1567.C5LUT
      LUTL filtro_pb3/R2/data_o<10>_rt.1
      LUTL filtro_pa2/Multi_b2/o_1566.B5LUT
      LUTL filtro_pb3/R2/data_o<12>_rt.1
      LUTL filtro_pa2/Multi_b2/o_1565.A5LUT
      LUTL filtro_pb3/R2/data_o<21>_rt.5
      LUTL filtro_pa2/Multi_b2/o_1572.D5LUT
      LUTL filtro_pb3/R2/data_o<18>_rt.3
      LUTL filtro_pa2/Multi_b2/o_1571.C5LUT
      LUTL filtro_pb3/R2/data_o<14>_rt_pack_1
      LUTL filtro_pa2/Multi_b2/o_1570.B5LUT
      LUTL filtro_pb3/R2/data_o<14>_rt
      LUTL filtro_pa2/Multi_b2/o_1569.A5LUT
      LUTL filtro_pb3/R2/data_o<12>_rt.2
      LUTL filtro_pa2/Multi_b2/o_1576.D5LUT
      LUTL filtro_pb3/R2/data_o<19>_rt.3
      LUTL filtro_pa2/Multi_b2/o_1575.C5LUT
      LUTL filtro_pb3/R2/data_o<18>_rt.4
      LUTL filtro_pa2/Multi_b2/o_1574.B5LUT
      LUTL filtro_pb3/R2/data_o<17>_rt_pack_1
      LUTL filtro_pa2/Multi_b2/o_1573.A5LUT
      LUTL filtro_pb3/R2/data_o<17>_rt.4
      LUTL filtro_pb3/Multi_b2/Mmult_y1_Madd3_cy<35>
      LUTL PhysOnlyGnd.B6LUT.18
      LUTL filtro_pa2/Multi_b2/o_1577.A5LUT
      LUTL filtro_pb3/R2/data_o<21>_rt.6
   9. Placer RPM "carry chain" (size: 46)
      LUTL filtro_pa2/Suma_in/Madd_y1_Madd_cy<3>
      LUTL filtro_pa2/Suma_in/Madd_y1_Madd_lut<3>
      LUTL filtro_pa2/Suma_in/Madd_y1_Madd_cy<3>
      LUTL filtro_pa2/Suma_in/Madd_y1_Madd_lut<2>
      LUTL filtro_pa2/Suma_in/Madd_y1_Madd_cy<3>
      LUTL filtro_pa2/Suma_in/Madd_y1_Madd_lut<1>
      LUTL filtro_pa2/Suma_in/Madd_y1_Madd_cy<3>
      LUTL filtro_pa2/Suma_in/Madd_y1_Madd_lut<0>
      LUTL filtro_pa2/Suma_in/Madd_y1_Madd_cy<7>
      LUTL filtro_pa2/Suma_in/Madd_y1_Madd_lut<7>
      LUTL filtro_pa2/Suma_in/Madd_y1_Madd_cy<7>
      LUTL filtro_pa2/Suma_in/Madd_y1_Madd_lut<6>
      LUTL filtro_pa2/Suma_in/Madd_y1_Madd_cy<7>
      LUTL filtro_pa2/Suma_in/Madd_y1_Madd_lut<5>
      LUTL filtro_pa2/Suma_in/Madd_y1_Madd_cy<7>
      LUTL filtro_pa2/Suma_in/Madd_y1_Madd_lut<4>
      LUTL filtro_pa2/Suma_in/Madd_y1_Madd_cy<11>
      LUTL filtro_pa2/Suma_in/Madd_y1_Madd_lut<11>
      LUTL filtro_pa2/Suma_in/Madd_y1_Madd_cy<11>
      LUTL filtro_pa2/Suma_in/Madd_y1_Madd_lut<10>
      LUTL filtro_pa2/Suma_in/Madd_y1_Madd_cy<11>
      LUTL filtro_pa2/Suma_in/Madd_y1_Madd_lut<9>
      LUTL filtro_pa2/Suma_in/Madd_y1_Madd_cy<11>
      LUTL filtro_pa2/Suma_in/Madd_y1_Madd_lut<8>
      LUTL filtro_pa2/Suma_in/Madd_y1_Madd_cy<15>
      LUTL filtro_pa2/Suma_in/Madd_y1_Madd_lut<15>
      LUTL filtro_pa2/Suma_in/Madd_y1_Madd_cy<15>
      LUTL filtro_pa2/Suma_in/Madd_y1_Madd_lut<14>
      LUTL filtro_pa2/Suma_in/Madd_y1_Madd_cy<15>
      LUTL filtro_pa2/Suma_in/Madd_y1_Madd_lut<13>
      LUTL filtro_pa2/Suma_in/Madd_y1_Madd_cy<15>
      LUTL filtro_pa2/Suma_in/Madd_y1_Madd_lut<12>
      LUTL filtro_pa2/Suma_in/Madd_y1_Madd_cy<19>
      LUTL filtro_pa2/Suma_in/Madd_y1_Madd_lut<19>
      LUTL filtro_pa2/Suma_in/Madd_y1_Madd_cy<19>
      LUTL filtro_pa2/Suma_in/Madd_y1_Madd_lut<18>
      LUTL filtro_pa2/Suma_in/Madd_y1_Madd_cy<19>
      LUTL filtro_pa2/Suma_in/Madd_y1_Madd_lut<17>
      LUTL filtro_pa2/Suma_in/Madd_y1_Madd_cy<19>
      LUTL filtro_pa2/Suma_in/Madd_y1_Madd_lut<16>
      LUTL filtro_pa2/Suma_in/y1<22>
      LUTL filtro_pa2/Suma_in/Madd_y1_Madd_lut<22>
      LUTL filtro_pa2/Suma_in/y1<22>
      LUTL filtro_pa2/Suma_in/Madd_y1_Madd_lut<21>
      LUTL filtro_pa2/Suma_in/y1<22>
      LUTL filtro_pa2/Suma_in/Madd_y1_Madd_lut<20>
ERROR:Place:543 - This design does not fit into the number of slices available
   in this device due to the complexity of the design and/or constraints.

   Unplaced instances by type:

     LUTL    352 (4.3)

   Please evaluate the following:

   - If there are user-defined constraints or area groups:
     Please look at the "User-defined constraints" section below to determine
     what constraints might be impacting the fitting of this design.
     Evaluate if they can be moved, removed or resized to allow for fitting.
     Verify that they do not overlap or conflict with clock region restrictions.
     See the clock region reports in the MAP log file (*map) for more details
     on clock region usage.

   - If there is difficulty in placing LUTs:
     Try using the MAP LUT Combining Option (map lc area|auto|off).

   - If there is difficulty in placing FFs:
     Evaluate the number and configuration of the control sets in your design.

   The following instances are the last set of instances that failed to place:

   0. Placer RPM "carry chain" (size: 44)
      LUTL filtro_pb2/Multi_a1/Mmult_y1_Madd2_cy<7>
      LUTL filtro_pb2/Multi_a1/Mmult_y1_Madd2_lut<7>
      LUTL filtro_pb2/Multi_a1/Mmult_y1_Madd2_cy<7>
      LUTL filtro_pb2/Multi_a1/Mmult_y1_Madd2_lut<6>
      LUTL filtro_pb2/Multi_a1/Mmult_y1_Madd2_cy<7>
      LUTL filtro_pb2/Multi_a1/Mmult_y1_Madd2_lut<5>
      LUTL filtro_pb2/Multi_a1/Mmult_y1_Madd2_cy<7>
      LUTL filtro_pb2/Multi_a1/Mmult_y1_Madd2_lut<4>
      LUTL filtro_pb2/Multi_a1/Mmult_y1_Madd2_cy<11>
      LUTL filtro_pb2/Multi_a1/Mmult_y1_Madd2_lut<11>
      LUTL filtro_pb2/Multi_a1/Mmult_y1_Madd2_cy<11>
      LUTL filtro_pb2/Multi_a1/Mmult_y1_Madd2_lut<10>
      LUTL filtro_pb2/Multi_a1/Mmult_y1_Madd2_cy<11>
      LUTL filtro_pb2/Multi_a1/Mmult_y1_Madd2_lut<9>
      LUTL filtro_pb2/Multi_a1/Mmult_y1_Madd2_cy<11>
      LUTL filtro_pb2/Multi_a1/Mmult_y1_Madd2_lut<8>
      LUTL filtro_pb2/Multi_a1/Mmult_y1_Madd2_cy<15>
      LUTL filtro_pb2/Multi_a1/Mmult_y1_Madd2_lut<15>
      LUTL filtro_pb2/Multi_a1/Mmult_y1_Madd2_cy<15>
      LUTL filtro_pb2/Multi_a1/Mmult_y1_Madd2_lut<14>
      LUTL filtro_pb2/Multi_a1/Mmult_y1_Madd2_cy<15>
      LUTL filtro_pb2/Multi_a1/Mmult_y1_Madd2_lut<13>
      LUTL filtro_pb2/Multi_a1/Mmult_y1_Madd2_cy<15>
      LUTL filtro_pb2/Multi_a1/Mmult_y1_Madd2_lut<12>
      LUTL filtro_pb2/Multi_a1/Mmult_y1_Madd2_cy<19>
      LUTL filtro_pb2/Multi_a1/Mmult_y1_Madd2_lut<19>
      LUTL filtro_pb2/Multi_a1/Mmult_y1_Madd2_cy<19>
      LUTL filtro_pb2/Multi_a1/Mmult_y1_Madd2_lut<18>
      LUTL filtro_pb2/Multi_a1/Mmult_y1_Madd2_cy<19>
      LUTL filtro_pb2/Multi_a1/Mmult_y1_Madd2_lut<17>
      LUTL filtro_pb2/Multi_a1/Mmult_y1_Madd2_cy<19>
      LUTL filtro_pb2/Multi_a1/Mmult_y1_Madd2_lut<16>
      LUTL filtro_pa2/Multi_b2/o_915.D5LUT
      LUTL filtro_pb2/R1/data_o<19>_rt.2
      LUTL filtro_pb2/Multi_a1/Mmult_y1_Madd2_cy<23>
      LUTL filtro_pb2/Multi_a1/Mmult_y1_Madd2_lut<22>
      LUTL filtro_pb2/Multi_a1/Mmult_y1_Madd2_cy<23>
      LUTL filtro_pb2/Multi_a1/Mmult_y1_Madd2_lut<21>
      LUTL filtro_pb2/Multi_a1/Mmult_y1_Madd2_cy<23>
      LUTL filtro_pb2/Multi_a1/Mmult_y1_Madd2_lut<20>
      LUTL filtro_pb2/Multi_a1/Mmult_y1_Madd2_cy<24>
      LUTL PhysOnlyGnd.B6LUT
      LUTL filtro_pa2/Multi_b2/o_916.A5LUT
      LUTL filtro_pb2/R1/data_o<21>_rt.3
   1. Placer RPM "carry chain" (size: 44)
      LUTL filtro_pa2/Multi_b2/o_1273.D5LUT
      LUTL filtro_pa2/data_r1<3>_inv1_INV_0
      LUTL filtro_pa2/Multi_b2/o_1272.C5LUT
      LUTL filtro_pa2/data_r1<2>_inv1_INV_0
      LUTL filtro_pa2/Multi_b2/o_1271.B5LUT
      LUTL filtro_pa2/data_r1<1>_inv1_INV_0
      LUTL filtro_pa2/Multi_b2/o_1270.A5LUT
      LUTL filtro_pa2/data_r1<0>_inv1_INV_0
      LUTL filtro_pa2/Multi_b2/o_1277.D5LUT
      LUTL filtro_pa2/data_r1<7>_inv1_INV_0
      LUTL filtro_pa2/Multi_b2/o_1276.C5LUT
      LUTL filtro_pa2/data_r1<6>_inv1_INV_0
      LUTL filtro_pa2/Multi_b2/o_1275.B5LUT
      LUTL filtro_pa2/data_r1<5>_inv1_INV_0
      LUTL filtro_pa2/Multi_b2/o_1274.A5LUT
      LUTL filtro_pa2/data_r1<4>_inv1_INV_0
      LUTL filtro_pa2/Multi_b2/o_1281.D5LUT
      LUTL filtro_pa2/data_r1<11>_inv1_INV_0
      LUTL filtro_pa2/Multi_b2/o_1280.C5LUT
      LUTL filtro_pa2/data_r1<10>_inv1_INV_0
      LUTL filtro_pa2/Multi_b2/o_1279.B5LUT
      LUTL filtro_pa2/data_r1<9>_inv1_INV_0
      LUTL filtro_pa2/Multi_b2/o_1278.A5LUT
      LUTL filtro_pa2/data_r1<8>_inv1_INV_0
      LUTL filtro_pa2/Multi_b2/o_1285.D5LUT
      LUTL filtro_pa2/data_r1<15>_inv1_INV_0
      LUTL filtro_pa2/Multi_b2/o_1284.C5LUT
      LUTL filtro_pa2/data_r1<14>_inv1_INV_0
      LUTL filtro_pa2/Multi_b2/o_1283.B5LUT
      LUTL filtro_pa2/data_r1<13>_inv1_INV_0
      LUTL filtro_pa2/Multi_b2/o_1282.A5LUT
      LUTL filtro_pa2/data_r1<12>_inv1_INV_0
      LUTL filtro_pa2/Multi_b2/o_1289.D5LUT
      LUTL filtro_pa2/data_r1<19>_inv1_INV_0
      LUTL filtro_pa2/Multi_b2/o_1288.C5LUT
      LUTL filtro_pa2/data_r1<18>_inv1_INV_0
      LUTL filtro_pa2/Multi_b2/o_1287.B5LUT
      LUTL filtro_pa2/data_r1<17>_inv1_INV_0
      LUTL filtro_pa2/Multi_b2/o_1286.A5LUT
      LUTL filtro_pa2/data_r1<16>_inv1_INV_0
      LUTL filtro_pa2/Multi_b1/y1<38>
      LUTL filtro_pa2/data_r1<21>_inv1_INV_0
      LUTL filtro_pa2/Multi_b2/o_1290.A5LUT
      LUTL filtro_pa2/data_r1<20>_inv1_INV_0
   2. Placer RPM "carry chain" (size: 44)
      LUTL filtro_pa3/Multi_a1/Mmult_y1_Madd2_cy<7>
      LUTL filtro_pa3/Multi_a1/Mmult_y1_Madd2_lut<7>
      LUTL filtro_pa3/Multi_a1/Mmult_y1_Madd2_cy<7>
      LUTL filtro_pa3/Multi_a1/Mmult_y1_Madd2_lut<6>
      LUTL filtro_pa3/Multi_a1/Mmult_y1_Madd2_cy<7>
      LUTL filtro_pa3/Multi_a1/Mmult_y1_Madd2_lut<5>
      LUTL filtro_pa3/Multi_a1/Mmult_y1_Madd2_cy<7>
      LUTL filtro_pa3/Multi_a1/Mmult_y1_Madd2_lut<4>
      LUTL filtro_pa3/Multi_a1/Mmult_y1_Madd2_cy<11>
      LUTL filtro_pa3/Multi_a1/Mmult_y1_Madd2_lut<11>
      LUTL filtro_pa3/Multi_a1/Mmult_y1_Madd2_cy<11>
      LUTL filtro_pa3/Multi_a1/Mmult_y1_Madd2_lut<10>
      LUTL filtro_pa3/Multi_a1/Mmult_y1_Madd2_cy<11>
      LUTL filtro_pa3/Multi_a1/Mmult_y1_Madd2_lut<9>
      LUTL filtro_pa3/Multi_a1/Mmult_y1_Madd2_cy<11>
      LUTL filtro_pa3/Multi_a1/Mmult_y1_Madd2_lut<8>
      LUTL filtro_pa3/Multi_a1/Mmult_y1_Madd2_cy<15>
      LUTL filtro_pa3/Multi_a1/Mmult_y1_Madd2_lut<15>
      LUTL filtro_pa3/Multi_a1/Mmult_y1_Madd2_cy<15>
      LUTL filtro_pa3/Multi_a1/Mmult_y1_Madd2_lut<14>
      LUTL filtro_pa3/Multi_a1/Mmult_y1_Madd2_cy<15>
      LUTL filtro_pa3/Multi_a1/Mmult_y1_Madd2_lut<13>
      LUTL filtro_pa3/Multi_a1/Mmult_y1_Madd2_cy<15>
      LUTL filtro_pa3/Multi_a1/Mmult_y1_Madd2_lut<12>
      LUTL filtro_pa3/Multi_a1/Mmult_y1_Madd2_cy<19>
      LUTL filtro_pa3/Multi_a1/Mmult_y1_Madd2_lut<19>
      LUTL filtro_pa3/Multi_a1/Mmult_y1_Madd2_cy<19>
      LUTL filtro_pa3/Multi_a1/Mmult_y1_Madd2_lut<18>
      LUTL filtro_pa3/Multi_a1/Mmult_y1_Madd2_cy<19>
      LUTL filtro_pa3/Multi_a1/Mmult_y1_Madd2_lut<17>
      LUTL filtro_pa3/Multi_a1/Mmult_y1_Madd2_cy<19>
      LUTL filtro_pa3/Multi_a1/Mmult_y1_Madd2_lut<16>
      LUTL filtro_pa2/Multi_b2/o_1049.D5LUT
      LUTL filtro_pa3/R1/data_o<19>_rt.2
      LUTL filtro_pa3/Multi_a1/Mmult_y1_Madd2_cy<23>
      LUTL filtro_pa3/Multi_a1/Mmult_y1_Madd2_lut<22>
      LUTL filtro_pa3/Multi_a1/Mmult_y1_Madd2_cy<23>
      LUTL filtro_pa3/Multi_a1/Mmult_y1_Madd2_lut<21>
      LUTL filtro_pa3/Multi_a1/Mmult_y1_Madd2_cy<23>
      LUTL filtro_pa3/Multi_a1/Mmult_y1_Madd2_lut<20>
      LUTL filtro_pa3/Multi_a1/Mmult_y1_Madd2_cy<24>
      LUTL PhysOnlyGnd.B6LUT.5
      LUTL filtro_pa2/Multi_b2/o_1050.A5LUT
      LUTL filtro_pa3/R1/data_o<21>_rt.3
   3. Placer RPM "carry chain" (size: 44)
      LUTL filtro_pa3/Multi_a2/Mmult_y1_Madd2_cy<7>
      LUTL filtro_pa3/Multi_a2/Mmult_y1_Madd2_lut<7>
      LUTL filtro_pa3/Multi_a2/Mmult_y1_Madd2_cy<7>
      LUTL filtro_pa3/Multi_a2/Mmult_y1_Madd2_lut<6>
      LUTL filtro_pa3/Multi_a2/Mmult_y1_Madd2_cy<7>
      LUTL filtro_pa3/Multi_a2/Mmult_y1_Madd2_lut<5>
      LUTL filtro_pa3/Multi_a2/Mmult_y1_Madd2_cy<7>
      LUTL filtro_pa3/Multi_a2/Mmult_y1_Madd2_lut<4>
      LUTL filtro_pa3/Multi_a2/Mmult_y1_Madd2_cy<11>
      LUTL filtro_pa3/Multi_a2/Mmult_y1_Madd2_lut<11>
      LUTL filtro_pa3/Multi_a2/Mmult_y1_Madd2_cy<11>
      LUTL filtro_pa3/Multi_a2/Mmult_y1_Madd2_lut<10>
      LUTL filtro_pa3/Multi_a2/Mmult_y1_Madd2_cy<11>
      LUTL filtro_pa3/Multi_a2/Mmult_y1_Madd2_lut<9>
      LUTL filtro_pa3/Multi_a2/Mmult_y1_Madd2_cy<11>
      LUTL filtro_pa3/Multi_a2/Mmult_y1_Madd2_lut<8>
      LUTL filtro_pa3/Multi_a2/Mmult_y1_Madd2_cy<15>
      LUTL filtro_pa3/Multi_a2/Mmult_y1_Madd2_lut<15>
      LUTL filtro_pa3/Multi_a2/Mmult_y1_Madd2_cy<15>
      LUTL filtro_pa3/Multi_a2/Mmult_y1_Madd2_lut<14>
      LUTL filtro_pa3/Multi_a2/Mmult_y1_Madd2_cy<15>
      LUTL filtro_pa3/Multi_a2/Mmult_y1_Madd2_lut<13>
      LUTL filtro_pa3/Multi_a2/Mmult_y1_Madd2_cy<15>
      LUTL filtro_pa3/Multi_a2/Mmult_y1_Madd2_lut<12>
      LUTL filtro_pa3/Multi_a2/Mmult_y1_Madd2_cy<19>
      LUTL filtro_pa3/Multi_a2/Mmult_y1_Madd2_lut<19>
      LUTL filtro_pa3/Multi_a2/Mmult_y1_Madd2_cy<19>
      LUTL filtro_pa3/Multi_a2/Mmult_y1_Madd2_lut<18>
      LUTL filtro_pa3/Multi_a2/Mmult_y1_Madd2_cy<19>
      LUTL filtro_pa3/Multi_a2/Mmult_y1_Madd2_lut<17>1
      LUTL filtro_pa3/Multi_a2/Mmult_y1_Madd2_cy<19>
      LUTL filtro_pa3/Multi_a2/Mmult_y1_Madd2_lut<16>
      LUTL filtro_pa2/Multi_b2/o_1151.D5LUT
      LUTL filtro_pa3/R2/data_o<14>_rt
      LUTL filtro_pa2/Multi_b2/o_1150.C5LUT
      LUTL filtro_pa3/R2/data_o<13>_rt
      LUTL filtro_pa3/Multi_a2/Mmult_y1_Madd2_cy<23>
      LUTL filtro_pa3/Multi_a2/Mmult_y1_Madd2_lut<21>
      LUTL filtro_pa3/Multi_a2/Mmult_y1_Madd2_cy<23>
      LUTL filtro_pa3/Multi_a2/Mmult_y1_Madd2_lut<20>1
      LUTL filtro_pa3/Multi_a2/Mmult_y1_Madd2_cy<24>
      LUTL PhysOnlyGnd.B6LUT.11
      LUTL filtro_pa2/Multi_b2/o_1152.A5LUT
      LUTL filtro_pa3/R2/data_o<15>_rt
   4. Placer RPM "carry chain" (size: 44)
      LUTL filtro_pa2/Multi_b1/Mmux_y[22]_PWR_5_o_mux_8_OUT181
      LUTL filtro_pa2/Suma_b/Madd_y1_Madd_lut<4>
      LUTL filtro_pa2/Multi_b1/Mmux_y[22]_PWR_5_o_mux_8_OUT171
      LUTL filtro_pa2/Suma_b/Madd_y1_Madd_lut<3>
      LUTL filtro_pa2/Multi_b1/Mmux_y[22]_PWR_5_o_mux_8_OUT161
      LUTL filtro_pa2/Suma_b/Madd_y1_Madd_lut<2>
      LUTL filtro_pa2/Multi_b1/Mmux_y[22]_PWR_5_o_mux_8_OUT121
      LUTL filtro_pa2/Suma_b/Madd_y1_Madd_lut<1>
      LUTL filtro_pa2/Multi_b1/Mmux_y[22]_PWR_5_o_mux_8_OUT221
      LUTL filtro_pa2/Suma_b/Madd_y1_Madd_lut<8>
      LUTL filtro_pa2/Multi_b1/Mmux_y[22]_PWR_5_o_mux_8_OUT211
      LUTL filtro_pa2/Suma_b/Madd_y1_Madd_lut<7>
      LUTL filtro_pa2/Multi_b1/Mmux_y[22]_PWR_5_o_mux_8_OUT201
      LUTL filtro_pa2/Suma_b/Madd_y1_Madd_lut<6>
      LUTL filtro_pa2/Multi_b1/Mmux_y[22]_PWR_5_o_mux_8_OUT191
      LUTL filtro_pa2/Suma_b/Madd_y1_Madd_lut<5>
      LUTL filtro_pa2/Multi_b1/Mmux_y[22]_PWR_5_o_mux_8_OUT41
      LUTL filtro_pa2/Suma_b/Madd_y1_Madd_lut<12>
      LUTL filtro_pa2/Multi_b1/Mmux_y[22]_PWR_5_o_mux_8_OUT31
      LUTL filtro_pa2/Suma_b/Madd_y1_Madd_lut<11>
      LUTL filtro_pa2/Multi_b1/Mmux_y[22]_PWR_5_o_mux_8_OUT21
      LUTL filtro_pa2/Suma_b/Madd_y1_Madd_lut<10>
      LUTL filtro_pa2/Multi_b1/Mmux_y[22]_PWR_5_o_mux_8_OUT231
      LUTL filtro_pa2/Suma_b/Madd_y1_Madd_lut<9>
      LUTL filtro_pa2/Multi_b1/Mmux_y[22]_PWR_5_o_mux_8_OUT81
      LUTL filtro_pa2/Suma_b/Madd_y1_Madd_lut<16>
      LUTL filtro_pa2/Multi_b1/Mmux_y[22]_PWR_5_o_mux_8_OUT71
      LUTL filtro_pa2/Suma_b/Madd_y1_Madd_lut<15>
      LUTL filtro_pa2/Multi_b1/Mmux_y[22]_PWR_5_o_mux_8_OUT61
      LUTL filtro_pa2/Suma_b/Madd_y1_Madd_lut<14>
      LUTL filtro_pa2/Multi_b1/Mmux_y[22]_PWR_5_o_mux_8_OUT51
      LUTL filtro_pa2/Suma_b/Madd_y1_Madd_lut<13>
      LUTL filtro_pa2/Multi_b1/Mmux_y[22]_PWR_5_o_mux_8_OUT131
      LUTL filtro_pa2/Suma_b/Madd_y1_Madd_lut<20>
      LUTL filtro_pa2/Multi_b1/Mmux_y[22]_PWR_5_o_mux_8_OUT111
      LUTL filtro_pa2/Suma_b/Madd_y1_Madd_lut<19>
      LUTL filtro_pa2/Multi_b1/Mmux_y[22]_PWR_5_o_mux_8_OUT101
      LUTL filtro_pa2/Suma_b/Madd_y1_Madd_lut<18>
      LUTL filtro_pa2/Multi_b1/Mmux_y[22]_PWR_5_o_mux_8_OUT91
      LUTL filtro_pa2/Suma_b/Madd_y1_Madd_lut<17>
      LUTL filtro_pa2/Suma_b/y1<22>
      LUTL filtro_pa2/Suma_b/Madd_y1_Madd_lut<22>
      LUTL filtro_pa2/Multi_b1/Mmux_y[22]_PWR_5_o_mux_8_OUT141
      LUTL filtro_pa2/Suma_b/Madd_y1_Madd_lut<21>
   5. Placer RPM "carry chain" (size: 44)
      LUTL filtro_pb2/Multi_b1/Mmult_y1_Madd3_cy<14>
      LUTL filtro_pb2/Multi_b1/Mmult_y1_Madd3_lut<14>
      LUTL filtro_pb2/Multi_b1/Mmult_y1_Madd3_cy<14>
      LUTL filtro_pb2/Multi_b1/Mmult_y1_Madd3_lut<13>
      LUTL filtro_pb2/Multi_b1/Mmult_y1_Madd3_cy<14>
      LUTL filtro_pb2/Multi_b1/Mmult_y1_Madd3_lut<12>
      LUTL filtro_pb2/Multi_b1/Mmult_y1_Madd3_cy<14>
      LUTL filtro_pb2/Multi_b1/Mmult_y1_Madd3_lut<11>
      LUTL filtro_pb2/Multi_b1/Mmult_y1_Madd3_cy<18>
      LUTL filtro_pb2/Multi_b1/Mmult_y1_Madd3_lut<18>
      LUTL filtro_pb2/Multi_b1/Mmult_y1_Madd3_cy<18>
      LUTL filtro_pb2/Multi_b1/Mmult_y1_Madd3_lut<17>
      LUTL filtro_pb2/Multi_b1/Mmult_y1_Madd3_cy<18>
      LUTL filtro_pb2/Multi_b1/Mmult_y1_Madd3_lut<16>
      LUTL filtro_pb2/Multi_b1/Mmult_y1_Madd3_cy<18>
      LUTL filtro_pb2/Multi_b1/Mmult_y1_Madd3_lut<15>
      LUTL filtro_pa2/Multi_b2/o_1462.D5LUT
      LUTL filtro_pb2/Multi_b1/Mmult_y1_Madd_242_rt
      LUTL filtro_pa2/Multi_b2/o_1461.C5LUT
      LUTL filtro_pb2/Multi_b1/Mmult_y1_Madd_232_rt
      LUTL filtro_pb2/Multi_b1/Mmult_y1_Madd3_cy<22>
      LUTL filtro_pb2/Multi_b1/Mmult_y1_Madd3_lut<20>
      LUTL filtro_pb2/Multi_b1/Mmult_y1_Madd3_cy<22>
      LUTL filtro_pb2/Multi_b1/Mmult_y1_Madd3_lut<19>
      LUTL filtro_pa2/Multi_b2/o_1466.D5LUT
      LUTL filtro_pb2/Multi_b1/Mmult_y1_Madd_282_rt
      LUTL filtro_pa2/Multi_b2/o_1465.C5LUT
      LUTL filtro_pb2/Multi_b1/Mmult_y1_Madd_272_rt
      LUTL filtro_pa2/Multi_b2/o_1464.B5LUT
      LUTL filtro_pb2/Multi_b1/Mmult_y1_Madd_262_rt
      LUTL filtro_pa2/Multi_b2/o_1463.A5LUT
      LUTL filtro_pb2/Multi_b1/Mmult_y1_Madd_252_rt
      LUTL filtro_pa2/Multi_b2/o_1470.D5LUT
      LUTL filtro_pb2/Multi_b1/Mmult_y1_Madd_322_rt
      LUTL filtro_pa2/Multi_b2/o_1469.C5LUT
      LUTL filtro_pb2/Multi_b1/Mmult_y1_Madd_312_rt
      LUTL filtro_pa2/Multi_b2/o_1468.B5LUT
      LUTL filtro_pb2/Multi_b1/Mmult_y1_Madd_302_rt
      LUTL filtro_pa2/Multi_b2/o_1467.A5LUT
      LUTL filtro_pb2/Multi_b1/Mmult_y1_Madd_292_rt
      LUTL filtro_pb2/Multi_b1/Mmult_y1_Madd3_cy<31>
      LUTL PhysOnlyGnd.B6LUT.14
      LUTL filtro_pa2/Multi_b2/o_1471.A5LUT
      LUTL filtro_pb2/Multi_b1/Mmult_y1_Madd2_cy<30>_rt
   6. Placer RPM "carry chain" (size: 44)
      LUTL filtro_pb3/Multi_b0/Mmult_y1_Madd3_cy<18>
      LUTL filtro_pb3/Multi_b0/Mmult_y1_Madd3_lut<18>
      LUTL filtro_pb3/Multi_b0/Mmult_y1_Madd3_cy<18>
      LUTL filtro_pb3/Multi_b0/Mmult_y1_Madd3_lut<17>
      LUTL filtro_pb3/Multi_b0/Mmult_y1_Madd3_cy<18>
      LUTL filtro_pb3/Multi_b0/Mmult_y1_Madd3_lut<16>
      LUTL filtro_pb3/Multi_b0/Mmult_y1_Madd3_cy<18>
      LUTL filtro_pb3/Multi_b0/Mmult_y1_Madd3_lut<15>
      LUTL filtro_pb3/Multi_b0/Mmult_y1_Madd3_cy<22>
      LUTL filtro_pb3/Suma_in/Mmux_y2241
      LUTL filtro_pb3/Multi_b0/Mmult_y1_Madd3_cy<22>
      LUTL filtro_pb3/Multi_b0/Mmult_y1_Madd3_lut<21>
      LUTL filtro_pb3/Multi_b0/Mmult_y1_Madd3_cy<22>
      LUTL filtro_pb3/Multi_b0/Mmult_y1_Madd3_lut<20>
      LUTL filtro_pb3/Multi_b0/Mmult_y1_Madd3_cy<22>
      LUTL filtro_pb3/Multi_b0/Mmult_y1_Madd3_lut<19>
      LUTL filtro_pb3/Multi_b0/Mmult_y1_Madd3_cy<26>
      LUTL filtro_pb3/Suma_in/Mmux_y2412
      LUTL filtro_pb3/Multi_b0/Mmult_y1_Madd3_cy<26>
      LUTL filtro_pb3/Suma_in/Mmux_y2242
      LUTL filtro_pb3/Multi_b0/Mmult_y1_Madd3_cy<26>
      LUTL filtro_pb3/Suma_in/Mmux_y2411
      LUTL filtro_pb3/Multi_b0/Mmult_y1_Madd3_cy<26>
      LUTL filtro_pb3/Suma_in/Mmux_y21414
      LUTL filtro_pb3/Multi_b0/Mmult_y1_Madd3_cy<30>
      LUTL filtro_pb3/Suma_in/Mmux_y21012
      LUTL filtro_pb3/Multi_b0/Mmult_y1_Madd3_cy<30>
      LUTL filtro_pb3/Suma_in/Mmux_y2612
      LUTL filtro_pb3/Multi_b0/Mmult_y1_Madd3_cy<30>
      LUTL filtro_pb3/Suma_in/Mmux_y2611
      LUTL filtro_pb3/Multi_b0/Mmult_y1_Madd3_cy<30>
      LUTL filtro_pb3/Suma_in/Mmux_y2413
      LUTL filtro_pb3/Multi_b0/Mmult_y1_Madd3_cy<34>
      LUTL filtro_pb3/Suma_in/Mmux_y21113
      LUTL filtro_pb3/Multi_b0/Mmult_y1_Madd3_cy<34>
      LUTL filtro_pb3/Suma_in/Mmux_y21013
      LUTL filtro_pb3/Multi_b0/Mmult_y1_Madd3_cy<34>
      LUTL filtro_pb3/Suma_in/Mmux_y2913
      LUTL filtro_pb3/Multi_b0/Mmult_y1_Madd3_cy<34>
      LUTL filtro_pb3/Suma_in/Mmux_y2912
      LUTL filtro_pb3/Multi_b0/Mmult_y1_Madd3_cy<35>
      LUTL PhysOnlyGnd.B6LUT.15
      LUTL filtro_pb3/Multi_b0/Mmult_y1_Madd3_cy<35>
      LUTL filtro_pb3/Suma_in/Mmux_y21415
   7. Placer RPM "carry chain" (size: 44)
      LUTL filtro_pb3/Multi_b2/Mmult_y1_Madd3_cy<18>
      LUTL filtro_pb3/Multi_b2/Mmult_y1_Madd3_lut<18>
      LUTL filtro_pb3/Multi_b2/Mmult_y1_Madd3_cy<18>
      LUTL filtro_pb3/Multi_b2/Mmult_y1_Madd3_lut<17>
      LUTL filtro_pb3/Multi_b2/Mmult_y1_Madd3_cy<18>
      LUTL filtro_pb3/Multi_b2/Mmult_y1_Madd3_lut<16>
      LUTL filtro_pb3/Multi_b2/Mmult_y1_Madd3_cy<18>
      LUTL filtro_pb3/Multi_b2/Mmult_y1_Madd3_lut<15>
      LUTL filtro_pa2/Multi_b2/o_1564.D5LUT
      LUTL filtro_pb3/R2/data_o<10>_rt
      LUTL filtro_pb3/Multi_b2/Mmult_y1_Madd3_cy<22>
      LUTL filtro_pb3/Multi_b2/Mmult_y1_Madd3_lut<21>
      LUTL filtro_pb3/Multi_b2/Mmult_y1_Madd3_cy<22>
      LUTL filtro_pb3/Multi_b2/Mmult_y1_Madd3_lut<20>
      LUTL filtro_pb3/Multi_b2/Mmult_y1_Madd3_cy<22>
      LUTL filtro_pb3/Multi_b2/Mmult_y1_Madd3_lut<19>
      LUTL filtro_pa2/Multi_b2/o_1568.D5LUT
      LUTL filtro_pb3/R2/data_o<12>_rt_pack_1.1
      LUTL filtro_pa2/Multi_b2/o_1567.C5LUT
      LUTL filtro_pb3/R2/data_o<10>_rt.1
      LUTL filtro_pa2/Multi_b2/o_1566.B5LUT
      LUTL filtro_pb3/R2/data_o<12>_rt.1
      LUTL filtro_pa2/Multi_b2/o_1565.A5LUT
      LUTL filtro_pb3/R2/data_o<21>_rt.5
      LUTL filtro_pa2/Multi_b2/o_1572.D5LUT
      LUTL filtro_pb3/R2/data_o<18>_rt.3
      LUTL filtro_pa2/Multi_b2/o_1571.C5LUT
      LUTL filtro_pb3/R2/data_o<14>_rt_pack_1
      LUTL filtro_pa2/Multi_b2/o_1570.B5LUT
      LUTL filtro_pb3/R2/data_o<14>_rt
      LUTL filtro_pa2/Multi_b2/o_1569.A5LUT
      LUTL filtro_pb3/R2/data_o<12>_rt.2
      LUTL filtro_pa2/Multi_b2/o_1576.D5LUT
      LUTL filtro_pb3/R2/data_o<19>_rt.3
      LUTL filtro_pa2/Multi_b2/o_1575.C5LUT
      LUTL filtro_pb3/R2/data_o<18>_rt.4
      LUTL filtro_pa2/Multi_b2/o_1574.B5LUT
      LUTL filtro_pb3/R2/data_o<17>_rt_pack_1
      LUTL filtro_pa2/Multi_b2/o_1573.A5LUT
      LUTL filtro_pb3/R2/data_o<17>_rt.4
      LUTL filtro_pb3/Multi_b2/Mmult_y1_Madd3_cy<35>
      LUTL PhysOnlyGnd.B6LUT.18
      LUTL filtro_pa2/Multi_b2/o_1577.A5LUT
      LUTL filtro_pb3/R2/data_o<21>_rt.6
ERROR:Place:543 - This design does not fit into the number of slices available
   in this device due to the complexity of the design and/or constraints.

   Unplaced instances by type:

     LUTL    352 (4.3)

   Please evaluate the following:

   - If there are user-defined constraints or area groups:
     Please look at the "User-defined constraints" section below to determine
     what constraints might be impacting the fitting of this design.
     Evaluate if they can be moved, removed or resized to allow for fitting.
     Verify that they do not overlap or conflict with clock region restrictions.
     See the clock region reports in the MAP log file (*map) for more details
     on clock region usage.

   - If there is difficulty in placing LUTs:
     Try using the MAP LUT Combining Option (map lc area|auto|off).

   - If there is difficulty in placing FFs:
     Evaluate the number and configuration of the control sets in your design.

   The following instances are the last set of instances that failed to place:

   0. Placer RPM "carry chain" (size: 44)
      LUTL filtro_pb2/Multi_a1/Mmult_y1_Madd2_cy<7>
      LUTL filtro_pb2/Multi_a1/Mmult_y1_Madd2_lut<7>
      LUTL filtro_pb2/Multi_a1/Mmult_y1_Madd2_cy<7>
      LUTL filtro_pb2/Multi_a1/Mmult_y1_Madd2_lut<6>
      LUTL filtro_pb2/Multi_a1/Mmult_y1_Madd2_cy<7>
      LUTL filtro_pb2/Multi_a1/Mmult_y1_Madd2_lut<5>
      LUTL filtro_pb2/Multi_a1/Mmult_y1_Madd2_cy<7>
      LUTL filtro_pb2/Multi_a1/Mmult_y1_Madd2_lut<4>
      LUTL filtro_pb2/Multi_a1/Mmult_y1_Madd2_cy<11>
      LUTL filtro_pb2/Multi_a1/Mmult_y1_Madd2_lut<11>
      LUTL filtro_pb2/Multi_a1/Mmult_y1_Madd2_cy<11>
      LUTL filtro_pb2/Multi_a1/Mmult_y1_Madd2_lut<10>
      LUTL filtro_pb2/Multi_a1/Mmult_y1_Madd2_cy<11>
      LUTL filtro_pb2/Multi_a1/Mmult_y1_Madd2_lut<9>
      LUTL filtro_pb2/Multi_a1/Mmult_y1_Madd2_cy<11>
      LUTL filtro_pb2/Multi_a1/Mmult_y1_Madd2_lut<8>
      LUTL filtro_pb2/Multi_a1/Mmult_y1_Madd2_cy<15>
      LUTL filtro_pb2/Multi_a1/Mmult_y1_Madd2_lut<15>
      LUTL filtro_pb2/Multi_a1/Mmult_y1_Madd2_cy<15>
      LUTL filtro_pb2/Multi_a1/Mmult_y1_Madd2_lut<14>
      LUTL filtro_pb2/Multi_a1/Mmult_y1_Madd2_cy<15>
      LUTL filtro_pb2/Multi_a1/Mmult_y1_Madd2_lut<13>
      LUTL filtro_pb2/Multi_a1/Mmult_y1_Madd2_cy<15>
      LUTL filtro_pb2/Multi_a1/Mmult_y1_Madd2_lut<12>
      LUTL filtro_pb2/Multi_a1/Mmult_y1_Madd2_cy<19>
      LUTL filtro_pb2/Multi_a1/Mmult_y1_Madd2_lut<19>
      LUTL filtro_pb2/Multi_a1/Mmult_y1_Madd2_cy<19>
      LUTL filtro_pb2/Multi_a1/Mmult_y1_Madd2_lut<18>
      LUTL filtro_pb2/Multi_a1/Mmult_y1_Madd2_cy<19>
      LUTL filtro_pb2/Multi_a1/Mmult_y1_Madd2_lut<17>
      LUTL filtro_pb2/Multi_a1/Mmult_y1_Madd2_cy<19>
      LUTL filtro_pb2/Multi_a1/Mmult_y1_Madd2_lut<16>
      LUTL filtro_pa2/Multi_b2/o_915.D5LUT
      LUTL filtro_pb2/R1/data_o<19>_rt.2
      LUTL filtro_pb2/Multi_a1/Mmult_y1_Madd2_cy<23>
      LUTL filtro_pb2/Multi_a1/Mmult_y1_Madd2_lut<22>
      LUTL filtro_pb2/Multi_a1/Mmult_y1_Madd2_cy<23>
      LUTL filtro_pb2/Multi_a1/Mmult_y1_Madd2_lut<21>
      LUTL filtro_pb2/Multi_a1/Mmult_y1_Madd2_cy<23>
      LUTL filtro_pb2/Multi_a1/Mmult_y1_Madd2_lut<20>
      LUTL filtro_pb2/Multi_a1/Mmult_y1_Madd2_cy<24>
      LUTL PhysOnlyGnd.B6LUT
      LUTL filtro_pa2/Multi_b2/o_916.A5LUT
      LUTL filtro_pb2/R1/data_o<21>_rt.3
   1. Placer RPM "carry chain" (size: 44)
      LUTL filtro_pa2/Multi_b2/o_1273.D5LUT
      LUTL filtro_pa2/data_r1<3>_inv1_INV_0
      LUTL filtro_pa2/Multi_b2/o_1272.C5LUT
      LUTL filtro_pa2/data_r1<2>_inv1_INV_0
      LUTL filtro_pa2/Multi_b2/o_1271.B5LUT
      LUTL filtro_pa2/data_r1<1>_inv1_INV_0
      LUTL filtro_pa2/Multi_b2/o_1270.A5LUT
      LUTL filtro_pa2/data_r1<0>_inv1_INV_0
      LUTL filtro_pa2/Multi_b2/o_1277.D5LUT
      LUTL filtro_pa2/data_r1<7>_inv1_INV_0
      LUTL filtro_pa2/Multi_b2/o_1276.C5LUT
      LUTL filtro_pa2/data_r1<6>_inv1_INV_0
      LUTL filtro_pa2/Multi_b2/o_1275.B5LUT
      LUTL filtro_pa2/data_r1<5>_inv1_INV_0
      LUTL filtro_pa2/Multi_b2/o_1274.A5LUT
      LUTL filtro_pa2/data_r1<4>_inv1_INV_0
      LUTL filtro_pa2/Multi_b2/o_1281.D5LUT
      LUTL filtro_pa2/data_r1<11>_inv1_INV_0
      LUTL filtro_pa2/Multi_b2/o_1280.C5LUT
      LUTL filtro_pa2/data_r1<10>_inv1_INV_0
      LUTL filtro_pa2/Multi_b2/o_1279.B5LUT
      LUTL filtro_pa2/data_r1<9>_inv1_INV_0
      LUTL filtro_pa2/Multi_b2/o_1278.A5LUT
      LUTL filtro_pa2/data_r1<8>_inv1_INV_0
      LUTL filtro_pa2/Multi_b2/o_1285.D5LUT
      LUTL filtro_pa2/data_r1<15>_inv1_INV_0
      LUTL filtro_pa2/Multi_b2/o_1284.C5LUT
      LUTL filtro_pa2/data_r1<14>_inv1_INV_0
      LUTL filtro_pa2/Multi_b2/o_1283.B5LUT
      LUTL filtro_pa2/data_r1<13>_inv1_INV_0
      LUTL filtro_pa2/Multi_b2/o_1282.A5LUT
      LUTL filtro_pa2/data_r1<12>_inv1_INV_0
      LUTL filtro_pa2/Multi_b2/o_1289.D5LUT
      LUTL filtro_pa2/data_r1<19>_inv1_INV_0
      LUTL filtro_pa2/Multi_b2/o_1288.C5LUT
      LUTL filtro_pa2/data_r1<18>_inv1_INV_0
      LUTL filtro_pa2/Multi_b2/o_1287.B5LUT
      LUTL filtro_pa2/data_r1<17>_inv1_INV_0
      LUTL filtro_pa2/Multi_b2/o_1286.A5LUT
      LUTL filtro_pa2/data_r1<16>_inv1_INV_0
      LUTL filtro_pa2/Multi_b1/y1<38>
      LUTL filtro_pa2/data_r1<21>_inv1_INV_0
      LUTL filtro_pa2/Multi_b2/o_1290.A5LUT
      LUTL filtro_pa2/data_r1<20>_inv1_INV_0
   2. Placer RPM "carry chain" (size: 44)
      LUTL filtro_pa3/Multi_a1/Mmult_y1_Madd2_cy<7>
      LUTL filtro_pa3/Multi_a1/Mmult_y1_Madd2_lut<7>
      LUTL filtro_pa3/Multi_a1/Mmult_y1_Madd2_cy<7>
      LUTL filtro_pa3/Multi_a1/Mmult_y1_Madd2_lut<6>
      LUTL filtro_pa3/Multi_a1/Mmult_y1_Madd2_cy<7>
      LUTL filtro_pa3/Multi_a1/Mmult_y1_Madd2_lut<5>
      LUTL filtro_pa3/Multi_a1/Mmult_y1_Madd2_cy<7>
      LUTL filtro_pa3/Multi_a1/Mmult_y1_Madd2_lut<4>
      LUTL filtro_pa3/Multi_a1/Mmult_y1_Madd2_cy<11>
      LUTL filtro_pa3/Multi_a1/Mmult_y1_Madd2_lut<11>
      LUTL filtro_pa3/Multi_a1/Mmult_y1_Madd2_cy<11>
      LUTL filtro_pa3/Multi_a1/Mmult_y1_Madd2_lut<10>
      LUTL filtro_pa3/Multi_a1/Mmult_y1_Madd2_cy<11>
      LUTL filtro_pa3/Multi_a1/Mmult_y1_Madd2_lut<9>
      LUTL filtro_pa3/Multi_a1/Mmult_y1_Madd2_cy<11>
      LUTL filtro_pa3/Multi_a1/Mmult_y1_Madd2_lut<8>
      LUTL filtro_pa3/Multi_a1/Mmult_y1_Madd2_cy<15>
      LUTL filtro_pa3/Multi_a1/Mmult_y1_Madd2_lut<15>
      LUTL filtro_pa3/Multi_a1/Mmult_y1_Madd2_cy<15>
      LUTL filtro_pa3/Multi_a1/Mmult_y1_Madd2_lut<14>
      LUTL filtro_pa3/Multi_a1/Mmult_y1_Madd2_cy<15>
      LUTL filtro_pa3/Multi_a1/Mmult_y1_Madd2_lut<13>
      LUTL filtro_pa3/Multi_a1/Mmult_y1_Madd2_cy<15>
      LUTL filtro_pa3/Multi_a1/Mmult_y1_Madd2_lut<12>
      LUTL filtro_pa3/Multi_a1/Mmult_y1_Madd2_cy<19>
      LUTL filtro_pa3/Multi_a1/Mmult_y1_Madd2_lut<19>
      LUTL filtro_pa3/Multi_a1/Mmult_y1_Madd2_cy<19>
      LUTL filtro_pa3/Multi_a1/Mmult_y1_Madd2_lut<18>
      LUTL filtro_pa3/Multi_a1/Mmult_y1_Madd2_cy<19>
      LUTL filtro_pa3/Multi_a1/Mmult_y1_Madd2_lut<17>
      LUTL filtro_pa3/Multi_a1/Mmult_y1_Madd2_cy<19>
      LUTL filtro_pa3/Multi_a1/Mmult_y1_Madd2_lut<16>
      LUTL filtro_pa2/Multi_b2/o_1049.D5LUT
      LUTL filtro_pa3/R1/data_o<19>_rt.2
      LUTL filtro_pa3/Multi_a1/Mmult_y1_Madd2_cy<23>
      LUTL filtro_pa3/Multi_a1/Mmult_y1_Madd2_lut<22>
      LUTL filtro_pa3/Multi_a1/Mmult_y1_Madd2_cy<23>
      LUTL filtro_pa3/Multi_a1/Mmult_y1_Madd2_lut<21>
      LUTL filtro_pa3/Multi_a1/Mmult_y1_Madd2_cy<23>
      LUTL filtro_pa3/Multi_a1/Mmult_y1_Madd2_lut<20>
      LUTL filtro_pa3/Multi_a1/Mmult_y1_Madd2_cy<24>
      LUTL PhysOnlyGnd.B6LUT.5
      LUTL filtro_pa2/Multi_b2/o_1050.A5LUT
      LUTL filtro_pa3/R1/data_o<21>_rt.3
   3. Placer RPM "carry chain" (size: 44)
      LUTL filtro_pa3/Multi_a2/Mmult_y1_Madd2_cy<7>
      LUTL filtro_pa3/Multi_a2/Mmult_y1_Madd2_lut<7>
      LUTL filtro_pa3/Multi_a2/Mmult_y1_Madd2_cy<7>
      LUTL filtro_pa3/Multi_a2/Mmult_y1_Madd2_lut<6>
      LUTL filtro_pa3/Multi_a2/Mmult_y1_Madd2_cy<7>
      LUTL filtro_pa3/Multi_a2/Mmult_y1_Madd2_lut<5>
      LUTL filtro_pa3/Multi_a2/Mmult_y1_Madd2_cy<7>
      LUTL filtro_pa3/Multi_a2/Mmult_y1_Madd2_lut<4>
      LUTL filtro_pa3/Multi_a2/Mmult_y1_Madd2_cy<11>
      LUTL filtro_pa3/Multi_a2/Mmult_y1_Madd2_lut<11>
      LUTL filtro_pa3/Multi_a2/Mmult_y1_Madd2_cy<11>
      LUTL filtro_pa3/Multi_a2/Mmult_y1_Madd2_lut<10>
      LUTL filtro_pa3/Multi_a2/Mmult_y1_Madd2_cy<11>
      LUTL filtro_pa3/Multi_a2/Mmult_y1_Madd2_lut<9>
      LUTL filtro_pa3/Multi_a2/Mmult_y1_Madd2_cy<11>
      LUTL filtro_pa3/Multi_a2/Mmult_y1_Madd2_lut<8>
      LUTL filtro_pa3/Multi_a2/Mmult_y1_Madd2_cy<15>
      LUTL filtro_pa3/Multi_a2/Mmult_y1_Madd2_lut<15>
      LUTL filtro_pa3/Multi_a2/Mmult_y1_Madd2_cy<15>
      LUTL filtro_pa3/Multi_a2/Mmult_y1_Madd2_lut<14>
      LUTL filtro_pa3/Multi_a2/Mmult_y1_Madd2_cy<15>
      LUTL filtro_pa3/Multi_a2/Mmult_y1_Madd2_lut<13>
      LUTL filtro_pa3/Multi_a2/Mmult_y1_Madd2_cy<15>
      LUTL filtro_pa3/Multi_a2/Mmult_y1_Madd2_lut<12>
      LUTL filtro_pa3/Multi_a2/Mmult_y1_Madd2_cy<19>
      LUTL filtro_pa3/Multi_a2/Mmult_y1_Madd2_lut<19>
      LUTL filtro_pa3/Multi_a2/Mmult_y1_Madd2_cy<19>
      LUTL filtro_pa3/Multi_a2/Mmult_y1_Madd2_lut<18>
      LUTL filtro_pa3/Multi_a2/Mmult_y1_Madd2_cy<19>
      LUTL filtro_pa3/Multi_a2/Mmult_y1_Madd2_lut<17>1
      LUTL filtro_pa3/Multi_a2/Mmult_y1_Madd2_cy<19>
      LUTL filtro_pa3/Multi_a2/Mmult_y1_Madd2_lut<16>
      LUTL filtro_pa2/Multi_b2/o_1151.D5LUT
      LUTL filtro_pa3/R2/data_o<14>_rt
      LUTL filtro_pa2/Multi_b2/o_1150.C5LUT
      LUTL filtro_pa3/R2/data_o<13>_rt
      LUTL filtro_pa3/Multi_a2/Mmult_y1_Madd2_cy<23>
      LUTL filtro_pa3/Multi_a2/Mmult_y1_Madd2_lut<21>
      LUTL filtro_pa3/Multi_a2/Mmult_y1_Madd2_cy<23>
      LUTL filtro_pa3/Multi_a2/Mmult_y1_Madd2_lut<20>1
      LUTL filtro_pa3/Multi_a2/Mmult_y1_Madd2_cy<24>
      LUTL PhysOnlyGnd.B6LUT.11
      LUTL filtro_pa2/Multi_b2/o_1152.A5LUT
      LUTL filtro_pa3/R2/data_o<15>_rt
   4. Placer RPM "carry chain" (size: 44)
      LUTL filtro_pa2/Multi_b1/Mmux_y[22]_PWR_5_o_mux_8_OUT181
      LUTL filtro_pa2/Suma_b/Madd_y1_Madd_lut<4>
      LUTL filtro_pa2/Multi_b1/Mmux_y[22]_PWR_5_o_mux_8_OUT171
      LUTL filtro_pa2/Suma_b/Madd_y1_Madd_lut<3>
      LUTL filtro_pa2/Multi_b1/Mmux_y[22]_PWR_5_o_mux_8_OUT161
      LUTL filtro_pa2/Suma_b/Madd_y1_Madd_lut<2>
      LUTL filtro_pa2/Multi_b1/Mmux_y[22]_PWR_5_o_mux_8_OUT121
      LUTL filtro_pa2/Suma_b/Madd_y1_Madd_lut<1>
      LUTL filtro_pa2/Multi_b1/Mmux_y[22]_PWR_5_o_mux_8_OUT221
      LUTL filtro_pa2/Suma_b/Madd_y1_Madd_lut<8>
      LUTL filtro_pa2/Multi_b1/Mmux_y[22]_PWR_5_o_mux_8_OUT211
      LUTL filtro_pa2/Suma_b/Madd_y1_Madd_lut<7>
      LUTL filtro_pa2/Multi_b1/Mmux_y[22]_PWR_5_o_mux_8_OUT201
      LUTL filtro_pa2/Suma_b/Madd_y1_Madd_lut<6>
      LUTL filtro_pa2/Multi_b1/Mmux_y[22]_PWR_5_o_mux_8_OUT191
      LUTL filtro_pa2/Suma_b/Madd_y1_Madd_lut<5>
      LUTL filtro_pa2/Multi_b1/Mmux_y[22]_PWR_5_o_mux_8_OUT41
      LUTL filtro_pa2/Suma_b/Madd_y1_Madd_lut<12>
      LUTL filtro_pa2/Multi_b1/Mmux_y[22]_PWR_5_o_mux_8_OUT31
      LUTL filtro_pa2/Suma_b/Madd_y1_Madd_lut<11>
      LUTL filtro_pa2/Multi_b1/Mmux_y[22]_PWR_5_o_mux_8_OUT21
      LUTL filtro_pa2/Suma_b/Madd_y1_Madd_lut<10>
      LUTL filtro_pa2/Multi_b1/Mmux_y[22]_PWR_5_o_mux_8_OUT231
      LUTL filtro_pa2/Suma_b/Madd_y1_Madd_lut<9>
      LUTL filtro_pa2/Multi_b1/Mmux_y[22]_PWR_5_o_mux_8_OUT81
      LUTL filtro_pa2/Suma_b/Madd_y1_Madd_lut<16>
      LUTL filtro_pa2/Multi_b1/Mmux_y[22]_PWR_5_o_mux_8_OUT71
      LUTL filtro_pa2/Suma_b/Madd_y1_Madd_lut<15>
      LUTL filtro_pa2/Multi_b1/Mmux_y[22]_PWR_5_o_mux_8_OUT61
      LUTL filtro_pa2/Suma_b/Madd_y1_Madd_lut<14>
      LUTL filtro_pa2/Multi_b1/Mmux_y[22]_PWR_5_o_mux_8_OUT51
      LUTL filtro_pa2/Suma_b/Madd_y1_Madd_lut<13>
      LUTL filtro_pa2/Multi_b1/Mmux_y[22]_PWR_5_o_mux_8_OUT131
      LUTL filtro_pa2/Suma_b/Madd_y1_Madd_lut<20>
      LUTL filtro_pa2/Multi_b1/Mmux_y[22]_PWR_5_o_mux_8_OUT111
      LUTL filtro_pa2/Suma_b/Madd_y1_Madd_lut<19>
      LUTL filtro_pa2/Multi_b1/Mmux_y[22]_PWR_5_o_mux_8_OUT101
      LUTL filtro_pa2/Suma_b/Madd_y1_Madd_lut<18>
      LUTL filtro_pa2/Multi_b1/Mmux_y[22]_PWR_5_o_mux_8_OUT91
      LUTL filtro_pa2/Suma_b/Madd_y1_Madd_lut<17>
      LUTL filtro_pa2/Suma_b/y1<22>
      LUTL filtro_pa2/Suma_b/Madd_y1_Madd_lut<22>
      LUTL filtro_pa2/Multi_b1/Mmux_y[22]_PWR_5_o_mux_8_OUT141
      LUTL filtro_pa2/Suma_b/Madd_y1_Madd_lut<21>
   5. Placer RPM "carry chain" (size: 44)
      LUTL filtro_pb2/Multi_b1/Mmult_y1_Madd3_cy<14>
      LUTL filtro_pb2/Multi_b1/Mmult_y1_Madd3_lut<14>
      LUTL filtro_pb2/Multi_b1/Mmult_y1_Madd3_cy<14>
      LUTL filtro_pb2/Multi_b1/Mmult_y1_Madd3_lut<13>
      LUTL filtro_pb2/Multi_b1/Mmult_y1_Madd3_cy<14>
      LUTL filtro_pb2/Multi_b1/Mmult_y1_Madd3_lut<12>
      LUTL filtro_pb2/Multi_b1/Mmult_y1_Madd3_cy<14>
      LUTL filtro_pb2/Multi_b1/Mmult_y1_Madd3_lut<11>
      LUTL filtro_pb2/Multi_b1/Mmult_y1_Madd3_cy<18>
      LUTL filtro_pb2/Multi_b1/Mmult_y1_Madd3_lut<18>
      LUTL filtro_pb2/Multi_b1/Mmult_y1_Madd3_cy<18>
      LUTL filtro_pb2/Multi_b1/Mmult_y1_Madd3_lut<17>
      LUTL filtro_pb2/Multi_b1/Mmult_y1_Madd3_cy<18>
      LUTL filtro_pb2/Multi_b1/Mmult_y1_Madd3_lut<16>
      LUTL filtro_pb2/Multi_b1/Mmult_y1_Madd3_cy<18>
      LUTL filtro_pb2/Multi_b1/Mmult_y1_Madd3_lut<15>
      LUTL filtro_pa2/Multi_b2/o_1462.D5LUT
      LUTL filtro_pb2/Multi_b1/Mmult_y1_Madd_242_rt
      LUTL filtro_pa2/Multi_b2/o_1461.C5LUT
      LUTL filtro_pb2/Multi_b1/Mmult_y1_Madd_232_rt
      LUTL filtro_pb2/Multi_b1/Mmult_y1_Madd3_cy<22>
      LUTL filtro_pb2/Multi_b1/Mmult_y1_Madd3_lut<20>
      LUTL filtro_pb2/Multi_b1/Mmult_y1_Madd3_cy<22>
      LUTL filtro_pb2/Multi_b1/Mmult_y1_Madd3_lut<19>
      LUTL filtro_pa2/Multi_b2/o_1466.D5LUT
      LUTL filtro_pb2/Multi_b1/Mmult_y1_Madd_282_rt
      LUTL filtro_pa2/Multi_b2/o_1465.C5LUT
      LUTL filtro_pb2/Multi_b1/Mmult_y1_Madd_272_rt
      LUTL filtro_pa2/Multi_b2/o_1464.B5LUT
      LUTL filtro_pb2/Multi_b1/Mmult_y1_Madd_262_rt
      LUTL filtro_pa2/Multi_b2/o_1463.A5LUT
      LUTL filtro_pb2/Multi_b1/Mmult_y1_Madd_252_rt
      LUTL filtro_pa2/Multi_b2/o_1470.D5LUT
      LUTL filtro_pb2/Multi_b1/Mmult_y1_Madd_322_rt
      LUTL filtro_pa2/Multi_b2/o_1469.C5LUT
      LUTL filtro_pb2/Multi_b1/Mmult_y1_Madd_312_rt
      LUTL filtro_pa2/Multi_b2/o_1468.B5LUT
      LUTL filtro_pb2/Multi_b1/Mmult_y1_Madd_302_rt
      LUTL filtro_pa2/Multi_b2/o_1467.A5LUT
      LUTL filtro_pb2/Multi_b1/Mmult_y1_Madd_292_rt
      LUTL filtro_pb2/Multi_b1/Mmult_y1_Madd3_cy<31>
      LUTL PhysOnlyGnd.B6LUT.14
      LUTL filtro_pa2/Multi_b2/o_1471.A5LUT
      LUTL filtro_pb2/Multi_b1/Mmult_y1_Madd2_cy<30>_rt
   6. Placer RPM "carry chain" (size: 44)
      LUTL filtro_pb3/Multi_b0/Mmult_y1_Madd3_cy<18>
      LUTL filtro_pb3/Multi_b0/Mmult_y1_Madd3_lut<18>
      LUTL filtro_pb3/Multi_b0/Mmult_y1_Madd3_cy<18>
      LUTL filtro_pb3/Multi_b0/Mmult_y1_Madd3_lut<17>
      LUTL filtro_pb3/Multi_b0/Mmult_y1_Madd3_cy<18>
      LUTL filtro_pb3/Multi_b0/Mmult_y1_Madd3_lut<16>
      LUTL filtro_pb3/Multi_b0/Mmult_y1_Madd3_cy<18>
      LUTL filtro_pb3/Multi_b0/Mmult_y1_Madd3_lut<15>
      LUTL filtro_pb3/Multi_b0/Mmult_y1_Madd3_cy<22>
      LUTL filtro_pb3/Suma_in/Mmux_y2241
      LUTL filtro_pb3/Multi_b0/Mmult_y1_Madd3_cy<22>
      LUTL filtro_pb3/Multi_b0/Mmult_y1_Madd3_lut<21>
      LUTL filtro_pb3/Multi_b0/Mmult_y1_Madd3_cy<22>
      LUTL filtro_pb3/Multi_b0/Mmult_y1_Madd3_lut<20>
      LUTL filtro_pb3/Multi_b0/Mmult_y1_Madd3_cy<22>
      LUTL filtro_pb3/Multi_b0/Mmult_y1_Madd3_lut<19>
      LUTL filtro_pb3/Multi_b0/Mmult_y1_Madd3_cy<26>
      LUTL filtro_pb3/Suma_in/Mmux_y2412
      LUTL filtro_pb3/Multi_b0/Mmult_y1_Madd3_cy<26>
      LUTL filtro_pb3/Suma_in/Mmux_y2242
      LUTL filtro_pb3/Multi_b0/Mmult_y1_Madd3_cy<26>
      LUTL filtro_pb3/Suma_in/Mmux_y2411
      LUTL filtro_pb3/Multi_b0/Mmult_y1_Madd3_cy<26>
      LUTL filtro_pb3/Suma_in/Mmux_y21414
      LUTL filtro_pb3/Multi_b0/Mmult_y1_Madd3_cy<30>
      LUTL filtro_pb3/Suma_in/Mmux_y21012
      LUTL filtro_pb3/Multi_b0/Mmult_y1_Madd3_cy<30>
      LUTL filtro_pb3/Suma_in/Mmux_y2612
      LUTL filtro_pb3/Multi_b0/Mmult_y1_Madd3_cy<30>
      LUTL filtro_pb3/Suma_in/Mmux_y2611
      LUTL filtro_pb3/Multi_b0/Mmult_y1_Madd3_cy<30>
      LUTL filtro_pb3/Suma_in/Mmux_y2413
      LUTL filtro_pb3/Multi_b0/Mmult_y1_Madd3_cy<34>
      LUTL filtro_pb3/Suma_in/Mmux_y21113
      LUTL filtro_pb3/Multi_b0/Mmult_y1_Madd3_cy<34>
      LUTL filtro_pb3/Suma_in/Mmux_y21013
      LUTL filtro_pb3/Multi_b0/Mmult_y1_Madd3_cy<34>
      LUTL filtro_pb3/Suma_in/Mmux_y2913
      LUTL filtro_pb3/Multi_b0/Mmult_y1_Madd3_cy<34>
      LUTL filtro_pb3/Suma_in/Mmux_y2912
      LUTL filtro_pb3/Multi_b0/Mmult_y1_Madd3_cy<35>
      LUTL PhysOnlyGnd.B6LUT.15
      LUTL filtro_pb3/Multi_b0/Mmult_y1_Madd3_cy<35>
      LUTL filtro_pb3/Suma_in/Mmux_y21415
   7. Placer RPM "carry chain" (size: 44)
      LUTL filtro_pb3/Multi_b2/Mmult_y1_Madd3_cy<18>
      LUTL filtro_pb3/Multi_b2/Mmult_y1_Madd3_lut<18>
      LUTL filtro_pb3/Multi_b2/Mmult_y1_Madd3_cy<18>
      LUTL filtro_pb3/Multi_b2/Mmult_y1_Madd3_lut<17>
      LUTL filtro_pb3/Multi_b2/Mmult_y1_Madd3_cy<18>
      LUTL filtro_pb3/Multi_b2/Mmult_y1_Madd3_lut<16>
      LUTL filtro_pb3/Multi_b2/Mmult_y1_Madd3_cy<18>
      LUTL filtro_pb3/Multi_b2/Mmult_y1_Madd3_lut<15>
      LUTL filtro_pa2/Multi_b2/o_1564.D5LUT
      LUTL filtro_pb3/R2/data_o<10>_rt
      LUTL filtro_pb3/Multi_b2/Mmult_y1_Madd3_cy<22>
      LUTL filtro_pb3/Multi_b2/Mmult_y1_Madd3_lut<21>
      LUTL filtro_pb3/Multi_b2/Mmult_y1_Madd3_cy<22>
      LUTL filtro_pb3/Multi_b2/Mmult_y1_Madd3_lut<20>
      LUTL filtro_pb3/Multi_b2/Mmult_y1_Madd3_cy<22>
      LUTL filtro_pb3/Multi_b2/Mmult_y1_Madd3_lut<19>
      LUTL filtro_pa2/Multi_b2/o_1568.D5LUT
      LUTL filtro_pb3/R2/data_o<12>_rt_pack_1.1
      LUTL filtro_pa2/Multi_b2/o_1567.C5LUT
      LUTL filtro_pb3/R2/data_o<10>_rt.1
      LUTL filtro_pa2/Multi_b2/o_1566.B5LUT
      LUTL filtro_pb3/R2/data_o<12>_rt.1
      LUTL filtro_pa2/Multi_b2/o_1565.A5LUT
      LUTL filtro_pb3/R2/data_o<21>_rt.5
      LUTL filtro_pa2/Multi_b2/o_1572.D5LUT
      LUTL filtro_pb3/R2/data_o<18>_rt.3
      LUTL filtro_pa2/Multi_b2/o_1571.C5LUT
      LUTL filtro_pb3/R2/data_o<14>_rt_pack_1
      LUTL filtro_pa2/Multi_b2/o_1570.B5LUT
      LUTL filtro_pb3/R2/data_o<14>_rt
      LUTL filtro_pa2/Multi_b2/o_1569.A5LUT
      LUTL filtro_pb3/R2/data_o<12>_rt.2
      LUTL filtro_pa2/Multi_b2/o_1576.D5LUT
      LUTL filtro_pb3/R2/data_o<19>_rt.3
      LUTL filtro_pa2/Multi_b2/o_1575.C5LUT
      LUTL filtro_pb3/R2/data_o<18>_rt.4
      LUTL filtro_pa2/Multi_b2/o_1574.B5LUT
      LUTL filtro_pb3/R2/data_o<17>_rt_pack_1
      LUTL filtro_pa2/Multi_b2/o_1573.A5LUT
      LUTL filtro_pb3/R2/data_o<17>_rt.4
      LUTL filtro_pb3/Multi_b2/Mmult_y1_Madd3_cy<35>
      LUTL PhysOnlyGnd.B6LUT.18
      LUTL filtro_pa2/Multi_b2/o_1577.A5LUT
      LUTL filtro_pb3/R2/data_o<21>_rt.6
ERROR:Place:120 - There were not enough sites to place all selected components.
   Some of these failures can be circumvented by using an alternate algorithm
   (though it may take longer run time). If you would like to enable this
   algorithm please set the environment variable XIL_PAR_ENABLE_LEGALIZER to 1
   and try again 


ERROR:Pack:1654 - The timing-driven placement phase encountered an error.

Section 2 - Warnings
--------------------

Section 3 - Informational
-------------------------
INFO:MapLib:562 - No environment variables are currently set.
INFO:LIT:244 - All of the single ended outputs in this design are using slew
   rate limited output drivers. The delay on speed critical single ended outputs
   can be dramatically reduced by designating them as fast outputs.
INFO:Pack:1716 - Initializing temperature to 85.000 Celsius. (default - Range:
   0.000 to 85.000 Celsius)
INFO:Pack:1720 - Initializing voltage to 1.140 Volts. (default - Range: 1.140 to
   1.260 Volts)
INFO:Map:215 - The Interim Design Summary has been generated in the MAP Report
   (.mrp).

Section 4 - Removed Logic Summary
---------------------------------
   2 block(s) optimized away

Section 5 - Removed Logic
-------------------------

Optimized Block(s):
TYPE 		BLOCK
GND 		XST_GND
VCC 		XST_VCC

To enable printing of redundant blocks removed and signals merged, set the
detailed map report option and rerun map.

Section 12 - Configuration String Details
-----------------------------------------
Use the "-detail" map option to print out Configuration Strings

Section 13 - Control Set Information
------------------------------------
Use the "-detail" map option to print out Control Set Information.
