Release 14.7 - xst P.20131013 (nt)
Copyright (c) 1995-2013 Xilinx, Inc.  All rights reserved.
--> Parameter TMPDIR set to xst/projnav.tmp


Total REAL time to Xst completion: 0.00 secs
Total CPU time to Xst completion: 0.20 secs
 
--> Parameter xsthdpdir set to xst


Total REAL time to Xst completion: 0.00 secs
Total CPU time to Xst completion: 0.20 secs
 
--> Reading design: Maquina_de_Estados.prj

TABLE OF CONTENTS
  1) Synthesis Options Summary
  2) HDL Parsing
  3) HDL Elaboration
  4) HDL Synthesis
       4.1) HDL Synthesis Report
  5) Advanced HDL Synthesis
       5.1) Advanced HDL Synthesis Report
  6) Low Level Synthesis
  7) Partition Report
  8) Design Summary
       8.1) Primitive and Black Box Usage
       8.2) Device utilization summary
       8.3) Partition Resource Summary
       8.4) Timing Report
            8.4.1) Clock Information
            8.4.2) Asynchronous Control Signals Information
            8.4.3) Timing Summary
            8.4.4) Timing Details
            8.4.5) Cross Clock Domains Report


=========================================================================
*                      Synthesis Options Summary                        *
=========================================================================
---- Source Parameters
Input File Name                    : "Maquina_de_Estados.prj"
Ignore Synthesis Constraint File   : NO

---- Target Parameters
Output File Name                   : "Maquina_de_Estados"
Output Format                      : NGC
Target Device                      : xc6slx16-2-csg324

---- Source Options
Top Module Name                    : Maquina_de_Estados
Automatic FSM Extraction           : YES
FSM Encoding Algorithm             : Auto
Safe Implementation                : No
FSM Style                          : LUT
RAM Extraction                     : Yes
RAM Style                          : Auto
ROM Extraction                     : Yes
Shift Register Extraction          : YES
ROM Style                          : Auto
Resource Sharing                   : YES
Asynchronous To Synchronous        : NO
Shift Register Minimum Size        : 2
Use DSP Block                      : Auto
Automatic Register Balancing       : No

---- Target Options
LUT Combining                      : Auto
Reduce Control Sets                : Auto
Add IO Buffers                     : YES
Global Maximum Fanout              : 100000
Add Generic Clock Buffer(BUFG)     : 16
Register Duplication               : YES
Optimize Instantiated Primitives   : NO
Use Clock Enable                   : Auto
Use Synchronous Set                : Auto
Use Synchronous Reset              : Auto
Pack IO Registers into IOBs        : Auto
Equivalent register Removal        : YES

---- General Options
Optimization Goal                  : Speed
Optimization Effort                : 1
Power Reduction                    : NO
Keep Hierarchy                     : No
Netlist Hierarchy                  : As_Optimized
RTL Output                         : Yes
Global Optimization                : AllClockNets
Read Cores                         : YES
Write Timing Constraints           : NO
Cross Clock Analysis               : NO
Hierarchy Separator                : /
Bus Delimiter                      : <>
Case Specifier                     : Maintain
Slice Utilization Ratio            : 100
BRAM Utilization Ratio             : 100
DSP48 Utilization Ratio            : 100
Auto BRAM Packing                  : NO
Slice Utilization Ratio Delta      : 5

=========================================================================


=========================================================================
*                          HDL Parsing                                  *
=========================================================================
Analyzing Verilog file "C:\Users\Javier\Desktop\LabDigitales\Proyecto_Corto_1_LDSD\Registro_8bits.v" into library work
Parsing module <Registro_8bits>.
Analyzing Verilog file "C:\Users\Javier\Desktop\LabDigitales\Proyecto_Corto_1_LDSD\FlipFlop_D.v" into library work
Parsing module <FlipFlop_D>.
Analyzing Verilog file "C:\Users\Javier\Desktop\LabDigitales\Proyecto_Corto_1_LDSD\Maquina_de_Estados.v" into library work
Parsing module <Maquina_de_Estados>.

=========================================================================
*                            HDL Elaboration                            *
=========================================================================

Elaborating module <Maquina_de_Estados>.

Elaborating module <Registro_8bits>.

Elaborating module <FlipFlop_D>.

=========================================================================
*                           HDL Synthesis                               *
=========================================================================

Synthesizing Unit <Maquina_de_Estados>.
    Related source file is "C:\Users\Javier\Desktop\LabDigitales\Proyecto_Corto_1_LDSD\Maquina_de_Estados.v".
    Found 4-bit register for signal <EA>.
    Found finite state machine <FSM_0> for signal <EA>.
    -----------------------------------------------------------------------
    | States             | 5                                              |
    | Transitions        | 9                                              |
    | Inputs             | 4                                              |
    | Outputs            | 5                                              |
    | Clock              | clk_i (rising_edge)                            |
    | Reset              | rst_i (positive)                               |
    | Reset type         | asynchronous                                   |
    | Reset State        | 0000                                           |
    | Encoding           | auto                                           |
    | Implementation     | LUT                                            |
    -----------------------------------------------------------------------
    Found 8-bit comparator greater for signal <Temp_o[7]_PWR_1_o_LessThan_4_o> created at line 79
    Found 8-bit comparator lessequal for signal <n0007> created at line 81
    Summary:
	inferred   2 Comparator(s).
	inferred   1 Finite State Machine(s).
Unit <Maquina_de_Estados> synthesized.

Synthesizing Unit <Registro_8bits>.
    Related source file is "C:\Users\Javier\Desktop\LabDigitales\Proyecto_Corto_1_LDSD\Registro_8bits.v".
    Found 8-bit register for signal <Q_o>.
    Summary:
	inferred   8 D-type flip-flop(s).
	inferred   1 Multiplexer(s).
Unit <Registro_8bits> synthesized.

Synthesizing Unit <FlipFlop_D>.
    Related source file is "C:\Users\Javier\Desktop\LabDigitales\Proyecto_Corto_1_LDSD\FlipFlop_D.v".
    Found 1-bit register for signal <Q_o>.
    Summary:
	inferred   1 D-type flip-flop(s).
Unit <FlipFlop_D> synthesized.

=========================================================================
HDL Synthesis Report

Macro Statistics
# Registers                                            : 3
 1-bit register                                        : 2
 8-bit register                                        : 1
# Comparators                                          : 2
 8-bit comparator greater                              : 1
 8-bit comparator lessequal                            : 1
# Multiplexers                                         : 1
 8-bit 2-to-1 multiplexer                              : 1
# FSMs                                                 : 1

=========================================================================

=========================================================================
*                       Advanced HDL Synthesis                          *
=========================================================================


=========================================================================
Advanced HDL Synthesis Report

Macro Statistics
# Registers                                            : 10
 Flip-Flops                                            : 10
# Comparators                                          : 2
 8-bit comparator greater                              : 1
 8-bit comparator lessequal                            : 1
# Multiplexers                                         : 1
 8-bit 2-to-1 multiplexer                              : 1
# FSMs                                                 : 1

=========================================================================

=========================================================================
*                         Low Level Synthesis                           *
=========================================================================
Analyzing FSM <MFsm> for best encoding.
Optimizing FSM <FSM_0> on signal <EA[1:3]> with sequential encoding.
-------------------
 State | Encoding
-------------------
 0000  | 000
 0001  | 001
 0010  | 010
 0011  | 011
 0100  | 100
-------------------

Optimizing unit <Maquina_de_Estados> ...

Optimizing unit <Registro_8bits> ...

Mapping all equations...
Building and optimizing final netlist ...
Found area constraint ratio of 100 (+ 5) on block Maquina_de_Estados, actual ratio is 0.

Final Macro Processing ...

=========================================================================
Final Register Report

Macro Statistics
# Registers                                            : 13
 Flip-Flops                                            : 13

=========================================================================

=========================================================================
*                           Partition Report                            *
=========================================================================

Partition Implementation Status
-------------------------------

  No Partitions were found in this design.

-------------------------------

=========================================================================
*                            Design Summary                             *
=========================================================================

Top Level Output File Name         : Maquina_de_Estados.ngc

Primitive and Black Box Usage:
------------------------------
# BELS                             : 18
#      GND                         : 1
#      LUT2                        : 9
#      LUT3                        : 1
#      LUT4                        : 1
#      LUT5                        : 1
#      LUT6                        : 5
# FlipFlops/Latches                : 13
#      FDC                         : 13
# Clock Buffers                    : 1
#      BUFG                        : 1
# IO Buffers                       : 18
#      IBUF                        : 12
#      OBUF                        : 6

Device utilization summary:
---------------------------

Selected Device : 6slx16csg324-2 


Slice Logic Utilization: 
 Number of Slice Registers:              13  out of  18224     0%  
 Number of Slice LUTs:                   17  out of   9112     0%  
    Number used as Logic:                17  out of   9112     0%  

Slice Logic Distribution: 
 Number of LUT Flip Flop pairs used:     19
   Number with an unused Flip Flop:       6  out of     19    31%  
   Number with an unused LUT:             2  out of     19    10%  
   Number of fully used LUT-FF pairs:    11  out of     19    57%  
   Number of unique control sets:         1

IO Utilization: 
 Number of IOs:                          18
 Number of bonded IOBs:                  18  out of    232     7%  

Specific Feature Utilization:
 Number of BUFG/BUFGCTRLs:                1  out of     16     6%  

---------------------------
Partition Resource Summary:
---------------------------

  No Partitions were found in this design.

---------------------------


=========================================================================
Timing Report

NOTE: THESE TIMING NUMBERS ARE ONLY A SYNTHESIS ESTIMATE.
      FOR ACCURATE TIMING INFORMATION PLEASE REFER TO THE TRACE REPORT
      GENERATED AFTER PLACE-and-ROUTE.

Clock Information:
------------------
-----------------------------------+------------------------+-------+
Clock Signal                       | Clock buffer(FF name)  | Load  |
-----------------------------------+------------------------+-------+
clk_i                              | IBUF+BUFG              | 13    |
-----------------------------------+------------------------+-------+

Asynchronous Control Signals Information:
----------------------------------------
No asynchronous control signals found in this design

Timing Summary:
---------------
Speed Grade: -2

   Minimum period: 3.010ns (Maximum Frequency: 332.226MHz)
   Minimum input arrival time before clock: 2.884ns
   Maximum output required time after clock: 6.573ns
   Maximum combinational path delay: No path found

Timing Details:
---------------
All values displayed in nanoseconds (ns)

=========================================================================
Timing constraint: Default period analysis for Clock 'clk_i'
  Clock period: 3.010ns (frequency: 332.226MHz)
  Total number of paths / destination ports: 35 / 3
-------------------------------------------------------------------------
Delay:               3.010ns (Levels of Logic = 2)
  Source:            A/Q_o_7 (FF)
  Destination:       EA_FSM_FFd3 (FF)
  Source Clock:      clk_i rising
  Destination Clock: clk_i rising

  Data Path: A/Q_o_7 to EA_FSM_FFd3
                                Gate     Net
    Cell:in->out      fanout   Delay   Delay  Logical Name (Net Name)
    ----------------------------------------  ------------
     FDC:C->Q              3   0.525   1.221  A/Q_o_7 (A/Q_o_7)
     LUT6:I0->O            1   0.254   0.682  EA_FSM_FFd3-In1_SW1 (N10)
     LUT6:I5->O            2   0.254   0.000  EA_FSM_FFd3-In1 (SE_0_OBUF)
     FDC:D                     0.074          EA_FSM_FFd3
    ----------------------------------------
    Total                      3.010ns (1.107ns logic, 1.903ns route)
                                       (36.8% logic, 63.2% route)

=========================================================================
Timing constraint: Default OFFSET IN BEFORE for Clock 'clk_i'
  Total number of paths / destination ports: 31 / 23
-------------------------------------------------------------------------
Offset:              2.884ns (Levels of Logic = 1)
  Source:            rst_i (PAD)
  Destination:       C/Q_o (FF)
  Destination Clock: clk_i rising

  Data Path: rst_i to C/Q_o
                                Gate     Net
    Cell:in->out      fanout   Delay   Delay  Logical Name (Net Name)
    ----------------------------------------  ------------
     IBUF:I->O            13   1.328   1.097  rst_i_IBUF (rst_i_IBUF)
     FDC:CLR                   0.459          C/Q_o
    ----------------------------------------
    Total                      2.884ns (1.787ns logic, 1.097ns route)
                                       (62.0% logic, 38.0% route)

=========================================================================
Timing constraint: Default OFFSET OUT AFTER for Clock 'clk_i'
  Total number of paths / destination ports: 40 / 5
-------------------------------------------------------------------------
Offset:              6.573ns (Levels of Logic = 3)
  Source:            A/Q_o_5 (FF)
  Destination:       SE<1> (PAD)
  Source Clock:      clk_i rising

  Data Path: A/Q_o_5 to SE<1>
                                Gate     Net
    Cell:in->out      fanout   Delay   Delay  Logical Name (Net Name)
    ----------------------------------------  ------------
     FDC:C->Q              3   0.525   1.221  A/Q_o_5 (A/Q_o_5)
     LUT6:I0->O            1   0.254   0.682  EA_FSM_FFd2-In1_SW0 (N12)
     LUT6:I5->O            2   0.254   0.725  EA_FSM_FFd2-In1 (SE_1_OBUF)
     OBUF:I->O                 2.912          SE_1_OBUF (SE<1>)
    ----------------------------------------
    Total                      6.573ns (3.945ns logic, 2.628ns route)
                                       (60.0% logic, 40.0% route)

=========================================================================

Cross Clock Domains Report:
--------------------------

Clock to Setup on destination clock clk_i
---------------+---------+---------+---------+---------+
               | Src:Rise| Src:Fall| Src:Rise| Src:Fall|
Source Clock   |Dest:Rise|Dest:Rise|Dest:Fall|Dest:Fall|
---------------+---------+---------+---------+---------+
clk_i          |    3.010|         |         |         |
---------------+---------+---------+---------+---------+

=========================================================================


Total REAL time to Xst completion: 9.00 secs
Total CPU time to Xst completion: 8.58 secs
 
--> 

Total memory usage is 194672 kilobytes

Number of errors   :    0 (   0 filtered)
Number of warnings :    0 (   0 filtered)
Number of infos    :    0 (   0 filtered)

