Release 14.7 - xst P.20131013 (nt)
Copyright (c) 1995-2013 Xilinx, Inc.  All rights reserved.
--> Parameter TMPDIR set to xst/projnav.tmp


Total REAL time to Xst completion: 0.00 secs
Total CPU time to Xst completion: 0.25 secs
 
--> Parameter xsthdpdir set to xst


Total REAL time to Xst completion: 0.00 secs
Total CPU time to Xst completion: 0.25 secs
 
--> Reading design: Proyecto_Corto_1.prj

TABLE OF CONTENTS
  1) Synthesis Options Summary
  2) HDL Parsing
  3) HDL Elaboration
  4) HDL Synthesis
       4.1) HDL Synthesis Report
  5) Advanced HDL Synthesis
       5.1) Advanced HDL Synthesis Report
  6) Low Level Synthesis
  7) Partition Report
  8) Design Summary
       8.1) Primitive and Black Box Usage
       8.2) Device utilization summary
       8.3) Partition Resource Summary
       8.4) Timing Report
            8.4.1) Clock Information
            8.4.2) Asynchronous Control Signals Information
            8.4.3) Timing Summary
            8.4.4) Timing Details
            8.4.5) Cross Clock Domains Report


=========================================================================
*                      Synthesis Options Summary                        *
=========================================================================
---- Source Parameters
Input File Name                    : "Proyecto_Corto_1.prj"
Ignore Synthesis Constraint File   : NO

---- Target Parameters
Output File Name                   : "Proyecto_Corto_1"
Output Format                      : NGC
Target Device                      : xc6slx16-2-csg324

---- Source Options
Top Module Name                    : Proyecto_Corto_1
Automatic FSM Extraction           : YES
FSM Encoding Algorithm             : Auto
Safe Implementation                : No
FSM Style                          : LUT
RAM Extraction                     : Yes
RAM Style                          : Auto
ROM Extraction                     : Yes
Shift Register Extraction          : YES
ROM Style                          : Auto
Resource Sharing                   : YES
Asynchronous To Synchronous        : NO
Shift Register Minimum Size        : 2
Use DSP Block                      : Auto
Automatic Register Balancing       : No

---- Target Options
LUT Combining                      : Auto
Reduce Control Sets                : Auto
Add IO Buffers                     : YES
Global Maximum Fanout              : 100000
Add Generic Clock Buffer(BUFG)     : 16
Register Duplication               : YES
Optimize Instantiated Primitives   : NO
Use Clock Enable                   : Auto
Use Synchronous Set                : Auto
Use Synchronous Reset              : Auto
Pack IO Registers into IOBs        : Auto
Equivalent register Removal        : YES

---- General Options
Optimization Goal                  : Speed
Optimization Effort                : 1
Power Reduction                    : NO
Keep Hierarchy                     : No
Netlist Hierarchy                  : As_Optimized
RTL Output                         : Yes
Global Optimization                : AllClockNets
Read Cores                         : YES
Write Timing Constraints           : NO
Cross Clock Analysis               : NO
Hierarchy Separator                : /
Bus Delimiter                      : <>
Case Specifier                     : Maintain
Slice Utilization Ratio            : 100
BRAM Utilization Ratio             : 100
DSP48 Utilization Ratio            : 100
Auto BRAM Packing                  : NO
Slice Utilization Ratio Delta      : 5

=========================================================================


=========================================================================
*                          HDL Parsing                                  *
=========================================================================
Analyzing Verilog file "C:\Users\Javier\Desktop\LabDigitales\Proyecto_Corto_1_LDSD\seven_segment_mux.v" into library work
Parsing module <seven_segment_mux>.
Analyzing Verilog file "C:\Users\Javier\Desktop\LabDigitales\Proyecto_Corto_1_LDSD\Registro_5bits.v" into library work
Parsing module <Registro_5bits>.
Analyzing Verilog file "C:\Users\Javier\Desktop\LabDigitales\Proyecto_Corto_1_LDSD\Maquina_de_Estados.v" into library work
Parsing module <Maquina_de_Estados>.
Analyzing Verilog file "C:\Users\Javier\Desktop\LabDigitales\Proyecto_Corto_1_LDSD\FlipFlop_D.v" into library work
Parsing module <FlipFlop_D>.
Analyzing Verilog file "C:\Users\Javier\Desktop\LabDigitales\Proyecto_Corto_1_LDSD\CLK_2.v" into library work
Parsing module <CLK_2>.
Analyzing Verilog file "C:\Users\Javier\Desktop\LabDigitales\Proyecto_Corto_1_LDSD\CLK.v" into library work
Parsing module <CLK>.
Analyzing Verilog file "C:\Users\Javier\Desktop\LabDigitales\Proyecto_Corto_1_LDSD\Proyecto_Corto_1.v" into library work
Parsing module <Proyecto_Corto_1>.

=========================================================================
*                            HDL Elaboration                            *
=========================================================================

Elaborating module <Proyecto_Corto_1>.

Elaborating module <Registro_5bits>.

Elaborating module <FlipFlop_D>.

Elaborating module <CLK>.

Elaborating module <CLK_2>.

Elaborating module <Maquina_de_Estados>.

Elaborating module <seven_segment_mux>.

=========================================================================
*                           HDL Synthesis                               *
=========================================================================

Synthesizing Unit <Proyecto_Corto_1>.
    Related source file is "C:\Users\Javier\Desktop\LabDigitales\Proyecto_Corto_1_LDSD\Proyecto_Corto_1.v".
    Summary:
	no macro.
Unit <Proyecto_Corto_1> synthesized.

Synthesizing Unit <Registro_5bits>.
    Related source file is "C:\Users\Javier\Desktop\LabDigitales\Proyecto_Corto_1_LDSD\Registro_5bits.v".
    Found 5-bit register for signal <Q_o>.
    Summary:
	inferred   5 D-type flip-flop(s).
Unit <Registro_5bits> synthesized.

Synthesizing Unit <FlipFlop_D>.
    Related source file is "C:\Users\Javier\Desktop\LabDigitales\Proyecto_Corto_1_LDSD\FlipFlop_D.v".
    Found 1-bit register for signal <Q_o>.
    Summary:
	inferred   1 D-type flip-flop(s).
Unit <FlipFlop_D> synthesized.

Synthesizing Unit <CLK>.
    Related source file is "C:\Users\Javier\Desktop\LabDigitales\Proyecto_Corto_1_LDSD\CLK.v".
    Found 19-bit register for signal <counter>.
    Found 1-bit register for signal <clk_o>.
    Found 19-bit adder for signal <counter[18]_GND_4_o_add_1_OUT> created at line 41.
    Summary:
	inferred   1 Adder/Subtractor(s).
	inferred  20 D-type flip-flop(s).
	inferred   1 Multiplexer(s).
Unit <CLK> synthesized.

Synthesizing Unit <CLK_2>.
    Related source file is "C:\Users\Javier\Desktop\LabDigitales\Proyecto_Corto_1_LDSD\CLK_2.v".
    Found 16-bit register for signal <counter>.
    Found 1-bit register for signal <clk_o>.
    Found 16-bit adder for signal <counter[15]_GND_5_o_add_1_OUT> created at line 41.
    Summary:
	inferred   1 Adder/Subtractor(s).
	inferred  17 D-type flip-flop(s).
	inferred   1 Multiplexer(s).
Unit <CLK_2> synthesized.

Synthesizing Unit <Maquina_de_Estados>.
    Related source file is "C:\Users\Javier\Desktop\LabDigitales\Proyecto_Corto_1_LDSD\Maquina_de_Estados.v".
    Found 4-bit register for signal <EA>.
    Found finite state machine <FSM_0> for signal <EA>.
    -----------------------------------------------------------------------
    | States             | 4                                              |
    | Transitions        | 14                                             |
    | Inputs             | 5                                              |
    | Outputs            | 6                                              |
    | Clock              | clk_i (rising_edge)                            |
    | Reset              | rst_i (positive)                               |
    | Reset type         | asynchronous                                   |
    | Reset State        | 0000                                           |
    | Encoding           | auto                                           |
    | Implementation     | LUT                                            |
    -----------------------------------------------------------------------
    Found 5-bit comparator greater for signal <Temp_o[4]_PWR_6_o_LessThan_4_o> created at line 80
    Summary:
	inferred   1 Comparator(s).
	inferred   3 Multiplexer(s).
	inferred   1 Finite State Machine(s).
Unit <Maquina_de_Estados> synthesized.

Synthesizing Unit <seven_segment_mux>.
    Related source file is "C:\Users\Javier\Desktop\LabDigitales\Proyecto_Corto_1_LDSD\seven_segment_mux.v".
    Found 4-bit register for signal <EA>.
    Found finite state machine <FSM_1> for signal <EA>.
    -----------------------------------------------------------------------
    | States             | 4                                              |
    | Transitions        | 8                                              |
    | Inputs             | 1                                              |
    | Outputs            | 6                                              |
    | Clock              | clk_i (rising_edge)                            |
    | Reset              | rst_i (positive)                               |
    | Reset type         | asynchronous                                   |
    | Reset State        | 0000                                           |
    | Encoding           | auto                                           |
    | Implementation     | LUT                                            |
    -----------------------------------------------------------------------
    Found 16x8-bit Read Only RAM for signal <SSegm>
    Found 4-bit 4-to-1 multiplexer for signal <letra> created at line 35.
    Summary:
	inferred   1 RAM(s).
	inferred   1 Multiplexer(s).
	inferred   1 Finite State Machine(s).
Unit <seven_segment_mux> synthesized.

=========================================================================
HDL Synthesis Report

Macro Statistics
# RAMs                                                 : 1
 16x8-bit single-port Read Only RAM                    : 1
# Adders/Subtractors                                   : 2
 16-bit adder                                          : 1
 19-bit adder                                          : 1
# Registers                                            : 7
 1-bit register                                        : 4
 16-bit register                                       : 1
 19-bit register                                       : 1
 5-bit register                                        : 1
# Comparators                                          : 1
 5-bit comparator greater                              : 1
# Multiplexers                                         : 6
 1-bit 2-to-1 multiplexer                              : 3
 16-bit 2-to-1 multiplexer                             : 1
 19-bit 2-to-1 multiplexer                             : 1
 4-bit 4-to-1 multiplexer                              : 1
# FSMs                                                 : 2

=========================================================================

=========================================================================
*                       Advanced HDL Synthesis                          *
=========================================================================


Synthesizing (advanced) Unit <CLK>.
The following registers are absorbed into counter <counter>: 1 register on signal <counter>.
Unit <CLK> synthesized (advanced).

Synthesizing (advanced) Unit <CLK_2>.
The following registers are absorbed into counter <counter>: 1 register on signal <counter>.
Unit <CLK_2> synthesized (advanced).

Synthesizing (advanced) Unit <seven_segment_mux>.
INFO:Xst:3218 - HDL ADVISOR - The RAM <Mram_SSegm> will be implemented on LUTs either because you have described an asynchronous read or because of currently unsupported block RAM features. If you have described an asynchronous read, making it synchronous would allow you to take advantage of available block RAM resources, for optimized device usage and improved timings. Please refer to your documentation for coding guidelines.
    -----------------------------------------------------------------------
    | ram_type           | Distributed                         |          |
    -----------------------------------------------------------------------
    | Port A                                                              |
    |     aspect ratio   | 16-word x 8-bit                     |          |
    |     weA            | connected to signal <GND>           | high     |
    |     addrA          | connected to signal <letra>         |          |
    |     diA            | connected to signal <GND>           |          |
    |     doA            | connected to signal <SSegm>         |          |
    -----------------------------------------------------------------------
Unit <seven_segment_mux> synthesized (advanced).

=========================================================================
Advanced HDL Synthesis Report

Macro Statistics
# RAMs                                                 : 1
 16x8-bit single-port distributed Read Only RAM        : 1
# Counters                                             : 2
 16-bit up counter                                     : 1
 19-bit up counter                                     : 1
# Registers                                            : 9
 Flip-Flops                                            : 9
# Comparators                                          : 1
 5-bit comparator greater                              : 1
# Multiplexers                                         : 4
 1-bit 2-to-1 multiplexer                              : 3
 4-bit 4-to-1 multiplexer                              : 1
# FSMs                                                 : 2

=========================================================================

=========================================================================
*                         Low Level Synthesis                           *
=========================================================================
Analyzing FSM <MFsm> for best encoding.
Optimizing FSM <FSM_1> on signal <EA[1:2]> with sequential encoding.
-------------------
 State | Encoding
-------------------
 0000  | 00
 0001  | 01
 0010  | 10
 0011  | 11
-------------------
Analyzing FSM <MFsm> for best encoding.
Optimizing FSM <F/FSM_0> on signal <EA[1:2]> with sequential encoding.
-------------------
 State | Encoding
-------------------
 0000  | 00
 0001  | 01
 0010  | 10
 0011  | 11
-------------------

Optimizing unit <Proyecto_Corto_1> ...

Optimizing unit <Maquina_de_Estados> ...
INFO:Xst:2261 - The FF/Latch <D/counter_0> in Unit <Proyecto_Corto_1> is equivalent to the following FF/Latch, which will be removed : <E/counter_0> 
INFO:Xst:2261 - The FF/Latch <D/counter_1> in Unit <Proyecto_Corto_1> is equivalent to the following FF/Latch, which will be removed : <E/counter_1> 
INFO:Xst:2261 - The FF/Latch <D/counter_2> in Unit <Proyecto_Corto_1> is equivalent to the following FF/Latch, which will be removed : <E/counter_2> 
INFO:Xst:2261 - The FF/Latch <D/counter_3> in Unit <Proyecto_Corto_1> is equivalent to the following FF/Latch, which will be removed : <E/counter_3> 

Mapping all equations...
Building and optimizing final netlist ...
Found area constraint ratio of 100 (+ 5) on block Proyecto_Corto_1, actual ratio is 1.
FlipFlop A/Q_o_4 has been replicated 1 time(s) to handle iob=true attribute.
FlipFlop A/Q_o_3 has been replicated 1 time(s) to handle iob=true attribute.
FlipFlop A/Q_o_2 has been replicated 1 time(s) to handle iob=true attribute.
FlipFlop B/Q_o has been replicated 1 time(s) to handle iob=true attribute.
FlipFlop C/Q_o has been replicated 1 time(s) to handle iob=true attribute.

Final Macro Processing ...

=========================================================================
Final Register Report

Macro Statistics
# Registers                                            : 49
 Flip-Flops                                            : 49

=========================================================================

=========================================================================
*                           Partition Report                            *
=========================================================================

Partition Implementation Status
-------------------------------

  No Partitions were found in this design.

-------------------------------

=========================================================================
*                            Design Summary                             *
=========================================================================

Top Level Output File Name         : Proyecto_Corto_1.ngc

Primitive and Black Box Usage:
------------------------------
# BELS                             : 159
#      GND                         : 1
#      INV                         : 3
#      LUT1                        : 33
#      LUT2                        : 10
#      LUT3                        : 2
#      LUT4                        : 3
#      LUT5                        : 4
#      LUT6                        : 38
#      MUXCY                       : 33
#      VCC                         : 1
#      XORCY                       : 31
# FlipFlops/Latches                : 49
#      FDC                         : 39
#      FDCE                        : 10
# Clock Buffers                    : 1
#      BUFG                        : 1
# IO Buffers                       : 31
#      IBUF                        : 9
#      OBUF                        : 22

Device utilization summary:
---------------------------

Selected Device : 6slx16csg324-2 


Slice Logic Utilization: 
 Number of Slice Registers:              37  out of  18224     0%  
 Number of Slice LUTs:                   93  out of   9112     1%  
    Number used as Logic:                93  out of   9112     1%  

Slice Logic Distribution: 
 Number of LUT Flip Flop pairs used:     93
   Number with an unused Flip Flop:      56  out of     93    60%  
   Number with an unused LUT:             0  out of     93     0%  
   Number of fully used LUT-FF pairs:    37  out of     93    39%  
   Number of unique control sets:         6

IO Utilization: 
 Number of IOs:                          31
 Number of bonded IOBs:                  31  out of    232    13%  
    IOB Flip Flops/Latches:              12

Specific Feature Utilization:
 Number of BUFG/BUFGCTRLs:                1  out of     16     6%  

---------------------------
Partition Resource Summary:
---------------------------

  No Partitions were found in this design.

---------------------------


=========================================================================
Timing Report

NOTE: THESE TIMING NUMBERS ARE ONLY A SYNTHESIS ESTIMATE.
      FOR ACCURATE TIMING INFORMATION PLEASE REFER TO THE TRACE REPORT
      GENERATED AFTER PLACE-and-ROUTE.

Clock Information:
------------------
-----------------------------------+------------------------+-------+
Clock Signal                       | Clock buffer(FF name)  | Load  |
-----------------------------------+------------------------+-------+
clk_i                              | IBUF+BUFG              | 45    |
E/clk_o                            | NONE(G/EA_FSM_FFd2)    | 2     |
D/clk_o                            | NONE(F/EA_FSM_FFd2)    | 2     |
-----------------------------------+------------------------+-------+
INFO:Xst:2169 - HDL ADVISOR - Some clock signals were not automatically buffered by XST with BUFG/BUFR resources. Please use the buffer_type constraint in order to insert these buffers to the clock signals to help prevent skew problems.

Asynchronous Control Signals Information:
----------------------------------------
No asynchronous control signals found in this design

Timing Summary:
---------------
Speed Grade: -2

   Minimum period: 4.441ns (Maximum Frequency: 225.175MHz)
   Minimum input arrival time before clock: 3.590ns
   Maximum output required time after clock: 6.823ns
   Maximum combinational path delay: No path found

Timing Details:
---------------
All values displayed in nanoseconds (ns)

=========================================================================
Timing constraint: Default period analysis for Clock 'clk_i'
  Clock period: 4.441ns (frequency: 225.175MHz)
  Total number of paths / destination ports: 906 / 35
-------------------------------------------------------------------------
Delay:               4.441ns (Levels of Logic = 3)
  Source:            E/counter_11 (FF)
  Destination:       E/counter_14 (FF)
  Source Clock:      clk_i rising
  Destination Clock: clk_i rising

  Data Path: E/counter_11 to E/counter_14
                                Gate     Net
    Cell:in->out      fanout   Delay   Delay  Logical Name (Net Name)
    ----------------------------------------  ------------
     FDC:C->Q              2   0.525   1.181  E/counter_11 (E/counter_11)
     LUT6:I0->O           12   0.254   1.177  E/counter[15]_PWR_5_o_equal_1_o<15>4_SW0 (N2)
     LUT6:I4->O            2   0.250   0.726  E/counter[15]_PWR_5_o_equal_1_o<15>4 (E/counter[15]_PWR_5_o_equal_1_o)
     LUT2:I1->O            1   0.254   0.000  E/Mcount_counter_eqn_151 (E/Mcount_counter_eqn_15)
     FDC:D                     0.074          E/counter_15
    ----------------------------------------
    Total                      4.441ns (1.357ns logic, 3.084ns route)
                                       (30.6% logic, 69.4% route)

=========================================================================
Timing constraint: Default period analysis for Clock 'E/clk_o'
  Clock period: 2.632ns (frequency: 379.939MHz)
  Total number of paths / destination ports: 3 / 2
-------------------------------------------------------------------------
Delay:               2.632ns (Levels of Logic = 1)
  Source:            G/EA_FSM_FFd2 (FF)
  Destination:       G/EA_FSM_FFd2 (FF)
  Source Clock:      E/clk_o rising
  Destination Clock: E/clk_o rising

  Data Path: G/EA_FSM_FFd2 to G/EA_FSM_FFd2
                                Gate     Net
    Cell:in->out      fanout   Delay   Delay  Logical Name (Net Name)
    ----------------------------------------  ------------
     FDC:C->Q             13   0.525   1.097  G/EA_FSM_FFd2 (G/EA_FSM_FFd2)
     INV:I->O              1   0.255   0.681  G/EA_FSM_FFd2-In1_INV_0 (G/EA_FSM_FFd2-In)
     FDC:D                     0.074          G/EA_FSM_FFd2
    ----------------------------------------
    Total                      2.632ns (0.854ns logic, 1.778ns route)
                                       (32.4% logic, 67.6% route)

=========================================================================
Timing constraint: Default period analysis for Clock 'D/clk_o'
  Clock period: 2.284ns (frequency: 437.828MHz)
  Total number of paths / destination ports: 4 / 2
-------------------------------------------------------------------------
Delay:               2.284ns (Levels of Logic = 1)
  Source:            F/EA_FSM_FFd1 (FF)
  Destination:       F/EA_FSM_FFd2 (FF)
  Source Clock:      D/clk_o rising
  Destination Clock: D/clk_o rising

  Data Path: F/EA_FSM_FFd1 to F/EA_FSM_FFd2
                                Gate     Net
    Cell:in->out      fanout   Delay   Delay  Logical Name (Net Name)
    ----------------------------------------  ------------
     FDC:C->Q              9   0.525   1.431  F/EA_FSM_FFd1 (F/EA_FSM_FFd1)
     LUT6:I0->O            1   0.254   0.000  F/EA_FSM_FFd2-In2 (F/EA_FSM_FFd2-In)
     FDC:D                     0.074          F/EA_FSM_FFd2
    ----------------------------------------
    Total                      2.284ns (0.853ns logic, 1.431ns route)
                                       (37.3% logic, 62.7% route)

=========================================================================
Timing constraint: Default OFFSET IN BEFORE for Clock 'clk_i'
  Total number of paths / destination ports: 65 / 65
-------------------------------------------------------------------------
Offset:              3.590ns (Levels of Logic = 1)
  Source:            rst_i (PAD)
  Destination:       A/Q_o_4 (FF)
  Destination Clock: clk_i rising

  Data Path: rst_i to A/Q_o_4
                                Gate     Net
    Cell:in->out      fanout   Delay   Delay  Logical Name (Net Name)
    ----------------------------------------  ------------
     IBUF:I->O            49   1.328   1.803  rst_i_IBUF (rst_i_IBUF)
     FDCE:CLR                  0.459          A/Q_o_0
    ----------------------------------------
    Total                      3.590ns (1.787ns logic, 1.803ns route)
                                       (49.8% logic, 50.2% route)

=========================================================================
Timing constraint: Default OFFSET IN BEFORE for Clock 'E/clk_o'
  Total number of paths / destination ports: 2 / 2
-------------------------------------------------------------------------
Offset:              3.590ns (Levels of Logic = 1)
  Source:            rst_i (PAD)
  Destination:       G/EA_FSM_FFd2 (FF)
  Destination Clock: E/clk_o rising

  Data Path: rst_i to G/EA_FSM_FFd2
                                Gate     Net
    Cell:in->out      fanout   Delay   Delay  Logical Name (Net Name)
    ----------------------------------------  ------------
     IBUF:I->O            49   1.328   1.803  rst_i_IBUF (rst_i_IBUF)
     FDC:CLR                   0.459          G/EA_FSM_FFd2
    ----------------------------------------
    Total                      3.590ns (1.787ns logic, 1.803ns route)
                                       (49.8% logic, 50.2% route)

=========================================================================
Timing constraint: Default OFFSET IN BEFORE for Clock 'D/clk_o'
  Total number of paths / destination ports: 2 / 2
-------------------------------------------------------------------------
Offset:              3.590ns (Levels of Logic = 1)
  Source:            rst_i (PAD)
  Destination:       F/EA_FSM_FFd2 (FF)
  Destination Clock: D/clk_o rising

  Data Path: rst_i to F/EA_FSM_FFd2
                                Gate     Net
    Cell:in->out      fanout   Delay   Delay  Logical Name (Net Name)
    ----------------------------------------  ------------
     IBUF:I->O            49   1.328   1.803  rst_i_IBUF (rst_i_IBUF)
     FDC:CLR                   0.459          F/EA_FSM_FFd1
    ----------------------------------------
    Total                      3.590ns (1.787ns logic, 1.803ns route)
                                       (49.8% logic, 50.2% route)

=========================================================================
Timing constraint: Default OFFSET OUT AFTER for Clock 'clk_i'
  Total number of paths / destination ports: 28 / 13
-------------------------------------------------------------------------
Offset:              6.626ns (Levels of Logic = 3)
  Source:            C/Q_o (FF)
  Destination:       SSegm_o<6> (PAD)
  Source Clock:      clk_i rising

  Data Path: C/Q_o to SSegm_o<6>
                                Gate     Net
    Cell:in->out      fanout   Delay   Delay  Logical Name (Net Name)
    ----------------------------------------  ------------
     FDC:C->Q              4   0.525   1.234  C/Q_o (C/Q_o)
     LUT6:I1->O            3   0.254   0.766  F/Alarm_o1 (Alarm_o_OBUF)
     LUT4:I3->O            1   0.254   0.681  G/Mram_SSegm61 (SSegm_o_6_OBUF)
     OBUF:I->O                 2.912          SSegm_o_6_OBUF (SSegm_o<6>)
    ----------------------------------------
    Total                      6.626ns (3.945ns logic, 2.681ns route)
                                       (59.5% logic, 40.5% route)

=========================================================================
Timing constraint: Default OFFSET OUT AFTER for Clock 'E/clk_o'
  Total number of paths / destination ports: 22 / 11
-------------------------------------------------------------------------
Offset:              5.900ns (Levels of Logic = 2)
  Source:            G/EA_FSM_FFd2 (FF)
  Destination:       SSegm_o<3> (PAD)
  Source Clock:      E/clk_o rising

  Data Path: G/EA_FSM_FFd2 to SSegm_o<3>
                                Gate     Net
    Cell:in->out      fanout   Delay   Delay  Logical Name (Net Name)
    ----------------------------------------  ------------
     FDC:C->Q             13   0.525   1.528  G/EA_FSM_FFd2 (G/EA_FSM_FFd2)
     LUT5:I0->O            1   0.254   0.681  SSegm_o<3>1 (SSegm_o_3_OBUF)
     OBUF:I->O                 2.912          SSegm_o_3_OBUF (SSegm_o<3>)
    ----------------------------------------
    Total                      5.900ns (3.691ns logic, 2.209ns route)
                                       (62.6% logic, 37.4% route)

=========================================================================
Timing constraint: Default OFFSET OUT AFTER for Clock 'D/clk_o'
  Total number of paths / destination ports: 20 / 8
-------------------------------------------------------------------------
Offset:              6.823ns (Levels of Logic = 3)
  Source:            F/EA_FSM_FFd1 (FF)
  Destination:       SSegm_o<6> (PAD)
  Source Clock:      D/clk_o rising

  Data Path: F/EA_FSM_FFd1 to SSegm_o<6>
                                Gate     Net
    Cell:in->out      fanout   Delay   Delay  Logical Name (Net Name)
    ----------------------------------------  ------------
     FDC:C->Q              9   0.525   1.431  F/EA_FSM_FFd1 (F/EA_FSM_FFd1)
     LUT6:I0->O            3   0.254   0.766  F/Alarm_o1 (Alarm_o_OBUF)
     LUT4:I3->O            1   0.254   0.681  G/Mram_SSegm61 (SSegm_o_6_OBUF)
     OBUF:I->O                 2.912          SSegm_o_6_OBUF (SSegm_o<6>)
    ----------------------------------------
    Total                      6.823ns (3.945ns logic, 2.878ns route)
                                       (57.8% logic, 42.2% route)

=========================================================================

Cross Clock Domains Report:
--------------------------

Clock to Setup on destination clock D/clk_o
---------------+---------+---------+---------+---------+
               | Src:Rise| Src:Fall| Src:Rise| Src:Fall|
Source Clock   |Dest:Rise|Dest:Rise|Dest:Fall|Dest:Fall|
---------------+---------+---------+---------+---------+
D/clk_o        |    2.284|         |         |         |
clk_i          |    3.089|         |         |         |
---------------+---------+---------+---------+---------+

Clock to Setup on destination clock E/clk_o
---------------+---------+---------+---------+---------+
               | Src:Rise| Src:Fall| Src:Rise| Src:Fall|
Source Clock   |Dest:Rise|Dest:Rise|Dest:Fall|Dest:Fall|
---------------+---------+---------+---------+---------+
E/clk_o        |    2.632|         |         |         |
---------------+---------+---------+---------+---------+

Clock to Setup on destination clock clk_i
---------------+---------+---------+---------+---------+
               | Src:Rise| Src:Fall| Src:Rise| Src:Fall|
Source Clock   |Dest:Rise|Dest:Rise|Dest:Fall|Dest:Fall|
---------------+---------+---------+---------+---------+
clk_i          |    4.441|         |         |         |
---------------+---------+---------+---------+---------+

=========================================================================


Total REAL time to Xst completion: 15.00 secs
Total CPU time to Xst completion: 14.39 secs
 
--> 

Total memory usage is 194672 kilobytes

Number of errors   :    0 (   0 filtered)
Number of warnings :    0 (   0 filtered)
Number of infos    :    6 (   0 filtered)

