Release 14.7 - xst P.20131013 (nt)
Copyright (c) 1995-2013 Xilinx, Inc.  All rights reserved.
--> Parameter TMPDIR set to xst/projnav.tmp


Total REAL time to Xst completion: 1.00 secs
Total CPU time to Xst completion: 0.12 secs
 
--> Parameter xsthdpdir set to xst


Total REAL time to Xst completion: 1.00 secs
Total CPU time to Xst completion: 0.12 secs
 
--> Reading design: kb_monitor.prj

TABLE OF CONTENTS
  1) Synthesis Options Summary
  2) HDL Parsing
  3) HDL Elaboration
  4) HDL Synthesis
       4.1) HDL Synthesis Report
  5) Advanced HDL Synthesis
       5.1) Advanced HDL Synthesis Report
  6) Low Level Synthesis
  7) Partition Report
  8) Design Summary
       8.1) Primitive and Black Box Usage
       8.2) Device utilization summary
       8.3) Partition Resource Summary
       8.4) Timing Report
            8.4.1) Clock Information
            8.4.2) Asynchronous Control Signals Information
            8.4.3) Timing Summary
            8.4.4) Timing Details
            8.4.5) Cross Clock Domains Report


=========================================================================
*                      Synthesis Options Summary                        *
=========================================================================
---- Source Parameters
Input File Name                    : "kb_monitor.prj"
Ignore Synthesis Constraint File   : NO

---- Target Parameters
Output File Name                   : "kb_monitor"
Output Format                      : NGC
Target Device                      : xc6slx16-2-csg324

---- Source Options
Top Module Name                    : kb_monitor
Automatic FSM Extraction           : YES
FSM Encoding Algorithm             : Auto
Safe Implementation                : No
FSM Style                          : LUT
RAM Extraction                     : Yes
RAM Style                          : Auto
ROM Extraction                     : Yes
Shift Register Extraction          : YES
ROM Style                          : Auto
Resource Sharing                   : YES
Asynchronous To Synchronous        : NO
Shift Register Minimum Size        : 2
Use DSP Block                      : Auto
Automatic Register Balancing       : No

---- Target Options
LUT Combining                      : Auto
Reduce Control Sets                : Auto
Add IO Buffers                     : YES
Global Maximum Fanout              : 100000
Add Generic Clock Buffer(BUFG)     : 16
Register Duplication               : YES
Optimize Instantiated Primitives   : NO
Use Clock Enable                   : Auto
Use Synchronous Set                : Auto
Use Synchronous Reset              : Auto
Pack IO Registers into IOBs        : Auto
Equivalent register Removal        : YES

---- General Options
Optimization Goal                  : Speed
Optimization Effort                : 1
Power Reduction                    : NO
Keep Hierarchy                     : No
Netlist Hierarchy                  : As_Optimized
RTL Output                         : Yes
Global Optimization                : AllClockNets
Read Cores                         : YES
Write Timing Constraints           : NO
Cross Clock Analysis               : NO
Hierarchy Separator                : /
Bus Delimiter                      : <>
Case Specifier                     : Maintain
Slice Utilization Ratio            : 100
BRAM Utilization Ratio             : 100
DSP48 Utilization Ratio            : 100
Auto BRAM Packing                  : NO
Slice Utilization Ratio Delta      : 5

=========================================================================


=========================================================================
*                          HDL Parsing                                  *
=========================================================================
Analyzing Verilog file "D:/fpga_vlog_src/ch08/list_ch08_03_uart_tx.v" into library work
Parsing module <uart_tx>.
Analyzing Verilog file "D:/fpga_vlog_src/ch08/list_ch08_01_uart_rx.v" into library work
Parsing module <uart_rx>.
Analyzing Verilog file "D:/fpga_vlog_src/ch04/list_ch04_20_fifo.v" into library work
Parsing module <fifo>.
Analyzing Verilog file "D:/fpga_vlog_src/ch04/list_ch04_11_mod_m_counter.v" into library work
Parsing module <mod_m_counter>.
Analyzing Verilog file "D:/fpga_vlog_src/ch09/list_ch09_01_ps2_rx.v" into library work
Parsing module <ps2_rx>.
Analyzing Verilog file "D:/fpga_vlog_src/ch08/list_ch08_04_uart.v" into library work
Parsing module <uart>.
Analyzing Verilog file "C:\Users\Javier\Desktop\LabDigitales\Proyecto_Corto_2_LDSD\CLK_2.v" into library work
Parsing module <CLK_2>.
Analyzing Verilog file "D:/fpga_vlog_src/ch09/list_ch09_02_kb_monitor.v" into library work
Parsing module <kb_monitor>.

=========================================================================
*                            HDL Elaboration                            *
=========================================================================

Elaborating module <kb_monitor>.

Elaborating module <CLK_2>.

Elaborating module <ps2_rx>.
WARNING:HDLCompiler:413 - "D:/fpga_vlog_src/ch09/list_ch09_01_ps2_rx.v" Line 88: Result of 32-bit expression is truncated to fit in 4-bit target.

Elaborating module <uart>.

Elaborating module <mod_m_counter(M=163,N=8)>.
WARNING:HDLCompiler:413 - "D:/fpga_vlog_src/ch04/list_ch04_11_mod_m_counter.v" Line 26: Result of 32-bit expression is truncated to fit in 8-bit target.

Elaborating module <uart_rx(DBIT=8,SB_TICK=16)>.
WARNING:HDLCompiler:413 - "D:/fpga_vlog_src/ch08/list_ch08_01_uart_rx.v" Line 69: Result of 5-bit expression is truncated to fit in 4-bit target.
WARNING:HDLCompiler:413 - "D:/fpga_vlog_src/ch08/list_ch08_01_uart_rx.v" Line 79: Result of 4-bit expression is truncated to fit in 3-bit target.
WARNING:HDLCompiler:413 - "D:/fpga_vlog_src/ch08/list_ch08_01_uart_rx.v" Line 82: Result of 5-bit expression is truncated to fit in 4-bit target.
WARNING:HDLCompiler:413 - "D:/fpga_vlog_src/ch08/list_ch08_01_uart_rx.v" Line 91: Result of 5-bit expression is truncated to fit in 4-bit target.

Elaborating module <fifo(B=8,W=2)>.
WARNING:HDLCompiler:413 - "D:/fpga_vlog_src/ch04/list_ch04_20_fifo.v" Line 54: Result of 3-bit expression is truncated to fit in 2-bit target.
WARNING:HDLCompiler:413 - "D:/fpga_vlog_src/ch04/list_ch04_20_fifo.v" Line 55: Result of 3-bit expression is truncated to fit in 2-bit target.

Elaborating module <uart_tx(DBIT=8,SB_TICK=16)>.
WARNING:HDLCompiler:413 - "D:/fpga_vlog_src/ch08/list_ch08_03_uart_tx.v" Line 80: Result of 5-bit expression is truncated to fit in 4-bit target.
WARNING:HDLCompiler:413 - "D:/fpga_vlog_src/ch08/list_ch08_03_uart_tx.v" Line 93: Result of 4-bit expression is truncated to fit in 3-bit target.
WARNING:HDLCompiler:413 - "D:/fpga_vlog_src/ch08/list_ch08_03_uart_tx.v" Line 96: Result of 5-bit expression is truncated to fit in 4-bit target.
WARNING:HDLCompiler:413 - "D:/fpga_vlog_src/ch08/list_ch08_03_uart_tx.v" Line 108: Result of 5-bit expression is truncated to fit in 4-bit target.

=========================================================================
*                           HDL Synthesis                               *
=========================================================================

Synthesizing Unit <kb_monitor>.
    Related source file is "D:/fpga_vlog_src/ch09/list_ch09_02_kb_monitor.v".
INFO:Xst:3210 - "D:/fpga_vlog_src/ch09/list_ch09_02_kb_monitor.v" line 38: Output port <r_data> of the instance <uart_unit> is unconnected or connected to loadless signal.
INFO:Xst:3210 - "D:/fpga_vlog_src/ch09/list_ch09_02_kb_monitor.v" line 38: Output port <tx_full> of the instance <uart_unit> is unconnected or connected to loadless signal.
INFO:Xst:3210 - "D:/fpga_vlog_src/ch09/list_ch09_02_kb_monitor.v" line 38: Output port <rx_empty> of the instance <uart_unit> is unconnected or connected to loadless signal.
    Found 2-bit register for signal <state_reg>.
    Found finite state machine <FSM_0> for signal <state_reg>.
    -----------------------------------------------------------------------
    | States             | 4                                              |
    | Transitions        | 5                                              |
    | Inputs             | 1                                              |
    | Outputs            | 4                                              |
    | Clock              | clk (rising_edge)                              |
    | Reset              | reset (positive)                               |
    | Reset type         | asynchronous                                   |
    | Reset State        | 00                                             |
    | Encoding           | auto                                           |
    | Implementation     | LUT                                            |
    -----------------------------------------------------------------------
    Summary:
	inferred   7 Multiplexer(s).
	inferred   1 Finite State Machine(s).
Unit <kb_monitor> synthesized.

Synthesizing Unit <CLK_2>.
    Related source file is "C:\Users\Javier\Desktop\LabDigitales\Proyecto_Corto_2_LDSD\CLK_2.v".
    Found 11-bit register for signal <counter>.
    Found 1-bit register for signal <clk_o>.
    Found 11-bit adder for signal <counter[10]_GND_2_o_add_1_OUT> created at line 41.
    Summary:
	inferred   1 Adder/Subtractor(s).
	inferred  12 D-type flip-flop(s).
	inferred   1 Multiplexer(s).
Unit <CLK_2> synthesized.

Synthesizing Unit <ps2_rx>.
    Related source file is "D:/fpga_vlog_src/ch09/list_ch09_01_ps2_rx.v".
    Found 2-bit register for signal <state_reg>.
    Found 4-bit register for signal <n_reg>.
    Found 11-bit register for signal <b_reg>.
    Found 8-bit register for signal <filter_reg>.
    Found 1-bit register for signal <f_ps2c_reg>.
    Found finite state machine <FSM_1> for signal <state_reg>.
    -----------------------------------------------------------------------
    | States             | 3                                              |
    | Transitions        | 8                                              |
    | Inputs             | 3                                              |
    | Outputs            | 3                                              |
    | Clock              | clk (rising_edge)                              |
    | Reset              | reset (positive)                               |
    | Reset type         | asynchronous                                   |
    | Reset State        | 00                                             |
    | Encoding           | auto                                           |
    | Implementation     | LUT                                            |
    -----------------------------------------------------------------------
    Found 4-bit subtractor for signal <GND_3_o_GND_3_o_sub_12_OUT<3:0>> created at line 88.
    Summary:
	inferred   1 Adder/Subtractor(s).
	inferred  24 D-type flip-flop(s).
	inferred   3 Multiplexer(s).
	inferred   1 Finite State Machine(s).
Unit <ps2_rx> synthesized.

Synthesizing Unit <uart>.
    Related source file is "D:/fpga_vlog_src/ch08/list_ch08_04_uart.v".
        DBIT = 8
        SB_TICK = 16
        DVSR = 163
        DVSR_BIT = 8
        FIFO_W = 2
INFO:Xst:3210 - "D:/fpga_vlog_src/ch08/list_ch08_04_uart.v" line 28: Output port <q> of the instance <baud_gen_unit> is unconnected or connected to loadless signal.
INFO:Xst:3210 - "D:/fpga_vlog_src/ch08/list_ch08_04_uart.v" line 35: Output port <full> of the instance <fifo_rx_unit> is unconnected or connected to loadless signal.
    Summary:
	no macro.
Unit <uart> synthesized.

Synthesizing Unit <mod_m_counter>.
    Related source file is "D:/fpga_vlog_src/ch04/list_ch04_11_mod_m_counter.v".
        N = 8
        M = 163
    Found 8-bit register for signal <r_reg>.
    Found 9-bit adder for signal <n0013[8:0]> created at line 26.
    Summary:
	inferred   1 Adder/Subtractor(s).
	inferred   8 D-type flip-flop(s).
	inferred   1 Multiplexer(s).
Unit <mod_m_counter> synthesized.

Synthesizing Unit <uart_rx>.
    Related source file is "D:/fpga_vlog_src/ch08/list_ch08_01_uart_rx.v".
        DBIT = 8
        SB_TICK = 16
    Found 4-bit register for signal <s_reg>.
    Found 3-bit register for signal <n_reg>.
    Found 8-bit register for signal <b_reg>.
    Found 2-bit register for signal <state_reg>.
    Summary:
	inferred   8 D-type flip-flop(s).
Unit <uart_rx> synthesized.

Synthesizing Unit <fifo>.
    Related source file is "D:/fpga_vlog_src/ch04/list_ch04_20_fifo.v".
        B = 8
        W = 2
    Found 4x8-bit dual-port RAM <Mram_array_reg> for signal <array_reg>.
    Found 1-bit register for signal <empty_reg>.
    Found 2-bit register for signal <r_ptr_reg>.
    Found 2-bit register for signal <w_ptr_reg>.
    Found 1-bit register for signal <full_reg>.
    Found 2-bit adder for signal <w_ptr_succ> created at line 54.
    Found 2-bit adder for signal <r_ptr_succ> created at line 55.
    Found 2-bit comparator not equal for signal <r_ptr_reg[1]_w_ptr_reg[1]_equal_8_o> created at line 68
    Found 2-bit comparator not equal for signal <w_ptr_reg[1]_r_ptr_reg[1]_equal_10_o> created at line 76
    Summary:
	inferred   1 RAM(s).
	inferred   2 Adder/Subtractor(s).
	inferred   6 D-type flip-flop(s).
	inferred   2 Comparator(s).
Unit <fifo> synthesized.

Synthesizing Unit <uart_tx>.
    Related source file is "D:/fpga_vlog_src/ch08/list_ch08_03_uart_tx.v".
        DBIT = 8
        SB_TICK = 16
    Found 1-bit register for signal <tx_reg>.
    Found 4-bit register for signal <s_reg>.
    Found 3-bit register for signal <n_reg>.
    Found 8-bit register for signal <b_reg>.
    Found 2-bit register for signal <state_reg>.
    Found finite state machine <FSM_3> for signal <state_reg>.
    -----------------------------------------------------------------------
    | States             | 4                                              |
    | Transitions        | 12                                             |
    | Inputs             | 4                                              |
    | Outputs            | 2                                              |
    | Clock              | clk (rising_edge)                              |
    | Reset              | reset (positive)                               |
    | Reset type         | asynchronous                                   |
    | Reset State        | 00                                             |
    | Encoding           | auto                                           |
    | Implementation     | LUT                                            |
    -----------------------------------------------------------------------
    Found 3-bit adder for signal <n_reg[2]_GND_9_o_add_17_OUT> created at line 93.
    Found 4-bit adder for signal <s_reg[3]_GND_9_o_add_30_OUT> created at line 108.
    Found 4-bit 4-to-1 multiplexer for signal <s_next> created at line 58.
    Summary:
	inferred   2 Adder/Subtractor(s).
	inferred  16 D-type flip-flop(s).
	inferred  10 Multiplexer(s).
	inferred   1 Finite State Machine(s).
Unit <uart_tx> synthesized.

=========================================================================
HDL Synthesis Report

Macro Statistics
# RAMs                                                 : 2
 4x8-bit dual-port RAM                                 : 2
# Adders/Subtractors                                   : 9
 11-bit adder                                          : 1
 2-bit adder                                           : 4
 3-bit adder                                           : 1
 4-bit adder                                           : 1
 4-bit subtractor                                      : 1
 9-bit adder                                           : 1
# Registers                                            : 20
 1-bit register                                        : 7
 11-bit register                                       : 2
 2-bit register                                        : 4
 3-bit register                                        : 1
 4-bit register                                        : 2
 8-bit register                                        : 4
# Comparators                                          : 4
 2-bit comparator not equal                            : 4
# Multiplexers                                         : 22
 1-bit 2-to-1 multiplexer                              : 8
 11-bit 2-to-1 multiplexer                             : 1
 3-bit 2-to-1 multiplexer                              : 1
 32-bit 2-to-1 multiplexer                             : 1
 4-bit 2-to-1 multiplexer                              : 6
 4-bit 4-to-1 multiplexer                              : 1
 8-bit 2-to-1 multiplexer                              : 4
# FSMs                                                 : 3

=========================================================================

=========================================================================
*                       Advanced HDL Synthesis                          *
=========================================================================

WARNING:Xst:1290 - Hierarchical block <uart_rx_unit> is unconnected in block <uart_unit>.
   It will be removed from the design.
WARNING:Xst:1290 - Hierarchical block <fifo_rx_unit> is unconnected in block <uart_unit>.
   It will be removed from the design.
WARNING:Xst:2677 - Node <b_reg_0> of sequential type is unconnected in block <ps2_rx_unit>.

Synthesizing (advanced) Unit <CLK_2>.
The following registers are absorbed into counter <counter>: 1 register on signal <counter>.
Unit <CLK_2> synthesized (advanced).

Synthesizing (advanced) Unit <fifo>.
The following registers are absorbed into counter <r_ptr_reg>: 1 register on signal <r_ptr_reg>.
The following registers are absorbed into counter <w_ptr_reg>: 1 register on signal <w_ptr_reg>.
INFO:Xst:3217 - HDL ADVISOR - Register <b_reg> currently described with an asynchronous reset, could be combined with distributed RAM <Mram_array_reg> for implementation on block RAM resources if you made this reset synchronous instead.
    -----------------------------------------------------------------------
    | ram_type           | Distributed                         |          |
    -----------------------------------------------------------------------
    | Port A                                                              |
    |     aspect ratio   | 4-word x 8-bit                      |          |
    |     clkA           | connected to signal <clk>           | rise     |
    |     weA            | connected to signal <wr_en>         | high     |
    |     addrA          | connected to signal <w_ptr_reg>     |          |
    |     diA            | connected to signal <w_data>        |          |
    -----------------------------------------------------------------------
    | Port B                                                              |
    |     aspect ratio   | 4-word x 8-bit                      |          |
    |     addrB          | connected to signal <r_ptr_reg>     |          |
    |     doB            | connected to internal node          |          |
    -----------------------------------------------------------------------
Unit <fifo> synthesized (advanced).

Synthesizing (advanced) Unit <ps2_rx>.
The following registers are absorbed into counter <n_reg>: 1 register on signal <n_reg>.
Unit <ps2_rx> synthesized (advanced).

Synthesizing (advanced) Unit <uart_tx>.
The following registers are absorbed into counter <n_reg>: 1 register on signal <n_reg>.
Unit <uart_tx> synthesized (advanced).
WARNING:Xst:2677 - Node <b_reg_0> of sequential type is unconnected in block <ps2_rx>.

=========================================================================
Advanced HDL Synthesis Report

Macro Statistics
# RAMs                                                 : 2
 4x8-bit dual-port distributed RAM                     : 2
# Adders/Subtractors                                   : 6
 2-bit adder                                           : 4
 4-bit adder                                           : 1
 9-bit adder                                           : 1
# Counters                                             : 7
 11-bit up counter                                     : 1
 2-bit up counter                                      : 4
 3-bit up counter                                      : 1
 4-bit down counter                                    : 1
# Registers                                            : 53
 Flip-Flops                                            : 53
# Comparators                                          : 4
 2-bit comparator not equal                            : 4
# Multiplexers                                         : 19
 1-bit 2-to-1 multiplexer                              : 8
 32-bit 2-to-1 multiplexer                             : 1
 4-bit 2-to-1 multiplexer                              : 5
 4-bit 4-to-1 multiplexer                              : 1
 8-bit 2-to-1 multiplexer                              : 4
# FSMs                                                 : 3

=========================================================================

=========================================================================
*                         Low Level Synthesis                           *
=========================================================================
WARNING:Xst:1710 - FF/Latch <b_reg_7> (without init value) has a constant value of 0 in block <uart_rx>. This FF/Latch will be trimmed during the optimization process.
WARNING:Xst:1895 - Due to other FF/Latch trimming, FF/Latch <b_reg_6> (without init value) has a constant value of 0 in block <uart_rx>. This FF/Latch will be trimmed during the optimization process.
WARNING:Xst:1895 - Due to other FF/Latch trimming, FF/Latch <b_reg_5> (without init value) has a constant value of 0 in block <uart_rx>. This FF/Latch will be trimmed during the optimization process.
WARNING:Xst:1895 - Due to other FF/Latch trimming, FF/Latch <b_reg_4> (without init value) has a constant value of 0 in block <uart_rx>. This FF/Latch will be trimmed during the optimization process.
WARNING:Xst:1895 - Due to other FF/Latch trimming, FF/Latch <b_reg_3> (without init value) has a constant value of 0 in block <uart_rx>. This FF/Latch will be trimmed during the optimization process.
WARNING:Xst:1895 - Due to other FF/Latch trimming, FF/Latch <b_reg_2> (without init value) has a constant value of 0 in block <uart_rx>. This FF/Latch will be trimmed during the optimization process.
WARNING:Xst:1895 - Due to other FF/Latch trimming, FF/Latch <b_reg_1> (without init value) has a constant value of 0 in block <uart_rx>. This FF/Latch will be trimmed during the optimization process.
WARNING:Xst:1895 - Due to other FF/Latch trimming, FF/Latch <b_reg_0> (without init value) has a constant value of 0 in block <uart_rx>. This FF/Latch will be trimmed during the optimization process.
WARNING:Xst:2973 - All outputs of instance <uart_unit/fifo_rx_unit> of block <fifo> are unconnected in block <kb_monitor>. Underlying logic will be removed.
Analyzing FSM <MFsm> for best encoding.
Optimizing FSM <FSM_0> on signal <state_reg[1:2]> with user encoding.
-------------------
 State | Encoding
-------------------
 00    | 00
 01    | 01
 10    | 10
 11    | 11
-------------------
Analyzing FSM <MFsm> for best encoding.
Optimizing FSM <ps2_rx_unit/FSM_1> on signal <state_reg[1:2]> with gray encoding.
-------------------
 State | Encoding
-------------------
 00    | 00
 01    | 01
 10    | 11
-------------------
Analyzing FSM <MFsm> for best encoding.
Optimizing FSM <uart_unit/uart_tx_unit/FSM_3> on signal <state_reg[1:2]> with gray encoding.
-------------------
 State | Encoding
-------------------
 00    | 00
 01    | 01
 10    | 11
 11    | 10
-------------------

Optimizing unit <kb_monitor> ...

Optimizing unit <ps2_rx> ...

Optimizing unit <fifo> ...

Optimizing unit <mod_m_counter> ...

Optimizing unit <uart_tx> ...

Mapping all equations...
Building and optimizing final netlist ...
Found area constraint ratio of 100 (+ 5) on block kb_monitor, actual ratio is 1.

Final Macro Processing ...

=========================================================================
Final Register Report

Macro Statistics
# Registers                                            : 71
 Flip-Flops                                            : 71

=========================================================================

=========================================================================
*                           Partition Report                            *
=========================================================================

Partition Implementation Status
-------------------------------

  No Partitions were found in this design.

-------------------------------

=========================================================================
*                            Design Summary                             *
=========================================================================

Top Level Output File Name         : kb_monitor.ngc

Primitive and Black Box Usage:
------------------------------
# BELS                             : 169
#      GND                         : 1
#      LUT2                        : 9
#      LUT3                        : 17
#      LUT4                        : 17
#      LUT5                        : 30
#      LUT6                        : 71
#      MUXCY                       : 10
#      MUXF7                       : 3
#      XORCY                       : 11
# FlipFlops/Latches                : 71
#      FDC                         : 58
#      FDCE                        : 11
#      FDP                         : 2
# RAMS                             : 3
#      RAM16X1D                    : 2
#      RAM32M                      : 1
# Clock Buffers                    : 2
#      BUFG                        : 1
#      BUFGP                       : 1
# IO Buffers                       : 4
#      IBUF                        : 3
#      OBUF                        : 1

Device utilization summary:
---------------------------

Selected Device : 6slx16csg324-2 


Slice Logic Utilization: 
 Number of Slice Registers:              71  out of  18224     0%  
 Number of Slice LUTs:                  152  out of   9112     1%  
    Number used as Logic:               144  out of   9112     1%  
    Number used as Memory:                8  out of   2176     0%  
       Number used as RAM:                8

Slice Logic Distribution: 
 Number of LUT Flip Flop pairs used:    159
   Number with an unused Flip Flop:      88  out of    159    55%  
   Number with an unused LUT:             7  out of    159     4%  
   Number of fully used LUT-FF pairs:    64  out of    159    40%  
   Number of unique control sets:         6

IO Utilization: 
 Number of IOs:                           5
 Number of bonded IOBs:                   5  out of    232     2%  

Specific Feature Utilization:
 Number of BUFG/BUFGCTRLs:                2  out of     16    12%  

---------------------------
Partition Resource Summary:
---------------------------

  No Partitions were found in this design.

---------------------------


=========================================================================
Timing Report

NOTE: THESE TIMING NUMBERS ARE ONLY A SYNTHESIS ESTIMATE.
      FOR ACCURATE TIMING INFORMATION PLEASE REFER TO THE TRACE REPORT
      GENERATED AFTER PLACE-and-ROUTE.

Clock Information:
------------------
-----------------------------------+------------------------+-------+
Clock Signal                       | Clock buffer(FF name)  | Load  |
-----------------------------------+------------------------+-------+
A/clk_o                            | BUFG                   | 62    |
clk_i                              | BUFGP                  | 12    |
-----------------------------------+------------------------+-------+

Asynchronous Control Signals Information:
----------------------------------------
No asynchronous control signals found in this design

Timing Summary:
---------------
Speed Grade: -2

   Minimum period: 4.522ns (Maximum Frequency: 221.141MHz)
   Minimum input arrival time before clock: 3.770ns
   Maximum output required time after clock: 4.118ns
   Maximum combinational path delay: No path found

Timing Details:
---------------
All values displayed in nanoseconds (ns)

=========================================================================
Timing constraint: Default period analysis for Clock 'A/clk_o'
  Clock period: 4.522ns (frequency: 221.141MHz)
  Total number of paths / destination ports: 920 / 89
-------------------------------------------------------------------------
Delay:               4.522ns (Levels of Logic = 3)
  Source:            uart_unit/baud_gen_unit/r_reg_4 (FF)
  Destination:       uart_unit/uart_tx_unit/s_reg_3 (FF)
  Source Clock:      A/clk_o rising
  Destination Clock: A/clk_o rising

  Data Path: uart_unit/baud_gen_unit/r_reg_4 to uart_unit/uart_tx_unit/s_reg_3
                                Gate     Net
    Cell:in->out      fanout   Delay   Delay  Logical Name (Net Name)
    ----------------------------------------  ------------
     FDC:C->Q              5   0.525   1.069  uart_unit/baud_gen_unit/r_reg_4 (uart_unit/baud_gen_unit/r_reg_4)
     LUT3:I0->O           18   0.235   1.235  uart_unit/baud_gen_unit/max_tick<7>_SW0 (N16)
     LUT6:I5->O            6   0.254   0.876  uart_unit/baud_gen_unit/max_tick<7> (uart_unit/tick)
     LUT6:I5->O            1   0.254   0.000  uart_unit/uart_tx_unit/Mmux_s_next11 (uart_unit/uart_tx_unit/s_next<0>)
     FDC:D                     0.074          uart_unit/uart_tx_unit/s_reg_0
    ----------------------------------------
    Total                      4.522ns (1.342ns logic, 3.180ns route)
                                       (29.7% logic, 70.3% route)

=========================================================================
Timing constraint: Default period analysis for Clock 'clk_i'
  Clock period: 4.506ns (frequency: 221.951MHz)
  Total number of paths / destination ports: 901 / 12
-------------------------------------------------------------------------
Delay:               4.506ns (Levels of Logic = 13)
  Source:            A/counter_10 (FF)
  Destination:       A/counter_10 (FF)
  Source Clock:      clk_i rising
  Destination Clock: clk_i rising

  Data Path: A/counter_10 to A/counter_10
                                Gate     Net
    Cell:in->out      fanout   Delay   Delay  Logical Name (Net Name)
    ----------------------------------------  ------------
     FDC:C->Q              2   0.525   1.181  A/counter_10 (A/counter_10)
     LUT6:I0->O           13   0.254   1.098  A/counter[10]_PWR_2_o_equal_1_o<10>_SW0 (N2)
     LUT6:I5->O            1   0.254   0.681  A/counter[10]_PWR_2_o_equal_1_o_inv1 (A/counter[10]_PWR_2_o_equal_1_o_inv)
     MUXCY:CI->O           1   0.023   0.000  A/Mcount_counter_cy<0> (A/Mcount_counter_cy<0>)
     MUXCY:CI->O           1   0.023   0.000  A/Mcount_counter_cy<1> (A/Mcount_counter_cy<1>)
     MUXCY:CI->O           1   0.023   0.000  A/Mcount_counter_cy<2> (A/Mcount_counter_cy<2>)
     MUXCY:CI->O           1   0.023   0.000  A/Mcount_counter_cy<3> (A/Mcount_counter_cy<3>)
     MUXCY:CI->O           1   0.023   0.000  A/Mcount_counter_cy<4> (A/Mcount_counter_cy<4>)
     MUXCY:CI->O           1   0.023   0.000  A/Mcount_counter_cy<5> (A/Mcount_counter_cy<5>)
     MUXCY:CI->O           1   0.023   0.000  A/Mcount_counter_cy<6> (A/Mcount_counter_cy<6>)
     MUXCY:CI->O           1   0.023   0.000  A/Mcount_counter_cy<7> (A/Mcount_counter_cy<7>)
     MUXCY:CI->O           1   0.023   0.000  A/Mcount_counter_cy<8> (A/Mcount_counter_cy<8>)
     MUXCY:CI->O           0   0.023   0.000  A/Mcount_counter_cy<9> (A/Mcount_counter_cy<9>)
     XORCY:CI->O           1   0.206   0.000  A/Mcount_counter_xor<10> (A/Mcount_counter10)
     FDC:D                     0.074          A/counter_10
    ----------------------------------------
    Total                      4.506ns (1.546ns logic, 2.960ns route)
                                       (34.3% logic, 65.7% route)

=========================================================================
Timing constraint: Default OFFSET IN BEFORE for Clock 'A/clk_o'
  Total number of paths / destination ports: 61 / 61
-------------------------------------------------------------------------
Offset:              3.770ns (Levels of Logic = 1)
  Source:            reset (PAD)
  Destination:       state_reg_FSM_FFd1 (FF)
  Destination Clock: A/clk_o rising

  Data Path: reset to state_reg_FSM_FFd1
                                Gate     Net
    Cell:in->out      fanout   Delay   Delay  Logical Name (Net Name)
    ----------------------------------------  ------------
     IBUF:I->O            71   1.328   1.983  reset_IBUF (reset_IBUF)
     FDC:CLR                   0.459          state_reg_FSM_FFd1
    ----------------------------------------
    Total                      3.770ns (1.787ns logic, 1.983ns route)
                                       (47.4% logic, 52.6% route)

=========================================================================
Timing constraint: Default OFFSET IN BEFORE for Clock 'clk_i'
  Total number of paths / destination ports: 12 / 12
-------------------------------------------------------------------------
Offset:              3.770ns (Levels of Logic = 1)
  Source:            reset (PAD)
  Destination:       A/counter_0 (FF)
  Destination Clock: clk_i rising

  Data Path: reset to A/counter_0
                                Gate     Net
    Cell:in->out      fanout   Delay   Delay  Logical Name (Net Name)
    ----------------------------------------  ------------
     IBUF:I->O            71   1.328   1.983  reset_IBUF (reset_IBUF)
     FDC:CLR                   0.459          A/counter_0
    ----------------------------------------
    Total                      3.770ns (1.787ns logic, 1.983ns route)
                                       (47.4% logic, 52.6% route)

=========================================================================
Timing constraint: Default OFFSET OUT AFTER for Clock 'A/clk_o'
  Total number of paths / destination ports: 1 / 1
-------------------------------------------------------------------------
Offset:              4.118ns (Levels of Logic = 1)
  Source:            uart_unit/uart_tx_unit/tx_reg (FF)
  Destination:       tx (PAD)
  Source Clock:      A/clk_o rising

  Data Path: uart_unit/uart_tx_unit/tx_reg to tx
                                Gate     Net
    Cell:in->out      fanout   Delay   Delay  Logical Name (Net Name)
    ----------------------------------------  ------------
     FDP:C->Q              1   0.525   0.681  uart_unit/uart_tx_unit/tx_reg (uart_unit/uart_tx_unit/tx_reg)
     OBUF:I->O                 2.912          tx_OBUF (tx)
    ----------------------------------------
    Total                      4.118ns (3.437ns logic, 0.681ns route)
                                       (83.5% logic, 16.5% route)

=========================================================================

Cross Clock Domains Report:
--------------------------

Clock to Setup on destination clock A/clk_o
---------------+---------+---------+---------+---------+
               | Src:Rise| Src:Fall| Src:Rise| Src:Fall|
Source Clock   |Dest:Rise|Dest:Rise|Dest:Fall|Dest:Fall|
---------------+---------+---------+---------+---------+
A/clk_o        |    4.522|         |         |         |
---------------+---------+---------+---------+---------+

Clock to Setup on destination clock clk_i
---------------+---------+---------+---------+---------+
               | Src:Rise| Src:Fall| Src:Rise| Src:Fall|
Source Clock   |Dest:Rise|Dest:Rise|Dest:Fall|Dest:Fall|
---------------+---------+---------+---------+---------+
clk_i          |    4.506|         |         |         |
---------------+---------+---------+---------+---------+

=========================================================================


Total REAL time to Xst completion: 7.00 secs
Total CPU time to Xst completion: 6.16 secs
 
--> 

Total memory usage is 182192 kilobytes

Number of errors   :    0 (   0 filtered)
Number of warnings :   25 (   0 filtered)
Number of infos    :    6 (   0 filtered)

