--------------------------------------------------------------------------------
Release 14.7 Trace  (nt)
Copyright (c) 1995-2013 Xilinx, Inc.  All rights reserved.

F:\Xilinx\14.7\ISE_DS\ISE\bin\nt\unwrapped\trce.exe -intstyle ise -v 3 -s 2 -n
3 -fastpaths -xml Prueba_1.twx Prueba_1.ncd -o Prueba_1.twr Prueba_1.pcf -ucf
Pines_Prueba.ucf

Design file:              Prueba_1.ncd
Physical constraint file: Prueba_1.pcf
Device,package,speed:     xc6slx16,csg324,C,-2 (PRODUCTION 1.23 2013-10-13)
Report level:             verbose report

Environment Variable      Effect 
--------------------      ------ 
NONE                      No environment variables were set
--------------------------------------------------------------------------------

INFO:Timing:2698 - No timing constraints found, doing default enumeration.
INFO:Timing:3412 - To improve timing, see the Timing Closure User Guide (UG612).
INFO:Timing:2752 - To get complete path coverage, use the unconstrained paths 
   option. All paths that are not constrained will be reported in the 
   unconstrained paths section(s) of the report.
INFO:Timing:3339 - The clock-to-out numbers in this timing report are based on 
   a 50 Ohm transmission line loading model.  For the details of this model, 
   and for more information on accounting for different loading conditions, 
   please see the device datasheet.



Data Sheet report:
-----------------
All values displayed in nanoseconds (ns)

Setup/Hold to clock clk_i
------------+------------+------------+------------+------------+------------------+--------+
            |Max Setup to|  Process   |Max Hold to |  Process   |                  | Clock  |
Source      | clk (edge) |   Corner   | clk (edge) |   Corner   |Internal Clock(s) | Phase  |
------------+------------+------------+------------+------------+------------------+--------+
ps2_clk     |    3.134(R)|      SLOW  |   -1.563(R)|      FAST  |clk_i_BUFGP       |   0.000|
ps2_data    |    4.900(R)|      SLOW  |   -2.433(R)|      FAST  |clk_i_BUFGP       |   0.000|
rst_i       |    3.637(R)|      SLOW  |   -1.005(R)|      FAST  |clk_i_BUFGP       |   0.000|
rx_en       |    3.990(R)|      SLOW  |   -0.716(R)|      FAST  |clk_i_BUFGP       |   0.000|
------------+------------+------------+------------+------------+------------------+--------+

Clock clk_i to Pad
------------+-----------------+------------+-----------------+------------+------------------+--------+
            |Max (slowest) clk|  Process   |Min (fastest) clk|  Process   |                  | Clock  |
Destination |  (edge) to PAD  |   Corner   |  (edge) to PAD  |   Corner   |Internal Clock(s) | Phase  |
------------+-----------------+------------+-----------------+------------+------------------+--------+
clk_o       |         8.875(R)|      SLOW  |         3.686(R)|      FAST  |clk_i_BUFGP       |   0.000|
codigo_o<0> |        12.530(R)|      SLOW  |         4.363(R)|      FAST  |clk_i_BUFGP       |   0.000|
codigo_o<1> |        11.957(R)|      SLOW  |         4.373(R)|      FAST  |clk_i_BUFGP       |   0.000|
codigo_o<2> |        12.805(R)|      SLOW  |         4.252(R)|      FAST  |clk_i_BUFGP       |   0.000|
codigo_o<3> |        13.221(R)|      SLOW  |         4.353(R)|      FAST  |clk_i_BUFGP       |   0.000|
codigo_o<4> |        12.319(R)|      SLOW  |         4.497(R)|      FAST  |clk_i_BUFGP       |   0.000|
codigo_o<5> |        12.255(R)|      SLOW  |         4.340(R)|      FAST  |clk_i_BUFGP       |   0.000|
codigo_o<6> |        12.074(R)|      SLOW  |         4.271(R)|      FAST  |clk_i_BUFGP       |   0.000|
data_o_o    |         9.312(R)|      SLOW  |         3.878(R)|      FAST  |clk_i_BUFGP       |   0.000|
rx_listo    |         9.111(R)|      SLOW  |         3.814(R)|      FAST  |clk_i_BUFGP       |   0.000|
------------+-----------------+------------+-----------------+------------+------------------+--------+

Clock to Setup on destination clock clk_i
---------------+---------+---------+---------+---------+
               | Src:Rise| Src:Fall| Src:Rise| Src:Fall|
Source Clock   |Dest:Rise|Dest:Rise|Dest:Fall|Dest:Fall|
---------------+---------+---------+---------+---------+
clk_i          |    3.985|         |         |         |
---------------+---------+---------+---------+---------+

Pad to Pad
---------------+---------------+---------+
Source Pad     |Destination Pad|  Delay  |
---------------+---------------+---------+
ps2_clk        |ps2_clk_o      |   11.710|
ps2_data       |ps2_data_o     |   11.701|
rx_en          |rx_en_o        |    8.090|
---------------+---------------+---------+


Analysis completed Tue Mar 10 14:23:33 2015 
--------------------------------------------------------------------------------

Trace Settings:
-------------------------
Trace Settings 

Peak Memory Usage: 162 MB



