--------------------------------------------------------------------------------
Release 14.7 Trace  (nt)
Copyright (c) 1995-2013 Xilinx, Inc.  All rights reserved.

F:\Xilinx\14.7\ISE_DS\ISE\bin\nt\unwrapped\trce.exe -intstyle ise -v 3 -s 2 -n
3 -fastpaths -xml Proyecto_Corto_2.twx Proyecto_Corto_2.ncd -o
Proyecto_Corto_2.twr Proyecto_Corto_2.pcf -ucf Pines_Salida_Proyecto.ucf

Design file:              Proyecto_Corto_2.ncd
Physical constraint file: Proyecto_Corto_2.pcf
Device,package,speed:     xc6slx16,csg324,C,-2 (PRODUCTION 1.23 2013-10-13)
Report level:             verbose report

Environment Variable      Effect 
--------------------      ------ 
NONE                      No environment variables were set
--------------------------------------------------------------------------------

INFO:Timing:2698 - No timing constraints found, doing default enumeration.
INFO:Timing:3412 - To improve timing, see the Timing Closure User Guide (UG612).
INFO:Timing:2752 - To get complete path coverage, use the unconstrained paths 
   option. All paths that are not constrained will be reported in the 
   unconstrained paths section(s) of the report.
INFO:Timing:3339 - The clock-to-out numbers in this timing report are based on 
   a 50 Ohm transmission line loading model.  For the details of this model, 
   and for more information on accounting for different loading conditions, 
   please see the device datasheet.



Data Sheet report:
-----------------
All values displayed in nanoseconds (ns)

Setup/Hold to clock clk_i
------------+------------+------------+------------+------------+------------------+--------+
            |Max Setup to|  Process   |Max Hold to |  Process   |                  | Clock  |
Source      | clk (edge) |   Corner   | clk (edge) |   Corner   |Internal Clock(s) | Phase  |
------------+------------+------------+------------+------------+------------------+--------+
ps2_clk     |    3.087(R)|      SLOW  |   -1.523(R)|      FAST  |clk_i_BUFGP       |   0.000|
ps2_data    |    4.548(R)|      SLOW  |   -2.247(R)|      FAST  |clk_i_BUFGP       |   0.000|
rst_i       |    3.661(R)|      SLOW  |   -0.934(R)|      FAST  |clk_i_BUFGP       |   0.000|
rx_en       |    4.697(R)|      SLOW  |   -1.094(R)|      FAST  |clk_i_BUFGP       |   0.000|
------------+------------+------------+------------+------------+------------------+--------+

Clock clk_i to Pad
------------+-----------------+------------+-----------------+------------+------------------+--------+
            |Max (slowest) clk|  Process   |Min (fastest) clk|  Process   |                  | Clock  |
Destination |  (edge) to PAD  |   Corner   |  (edge) to PAD  |   Corner   |Internal Clock(s) | Phase  |
------------+-----------------+------------+-----------------+------------+------------------+--------+
Ing_o       |         9.083(R)|      SLOW  |         3.781(R)|      FAST  |clk_i_BUFGP       |   0.000|
Pres_o      |         9.011(R)|      SLOW  |         3.699(R)|      FAST  |clk_i_BUFGP       |   0.000|
Temp_o<0>   |         9.467(R)|      SLOW  |         4.065(R)|      FAST  |clk_i_BUFGP       |   0.000|
Temp_o<1>   |         9.503(R)|      SLOW  |         4.110(R)|      FAST  |clk_i_BUFGP       |   0.000|
Temp_o<2>   |         9.602(R)|      SLOW  |         4.148(R)|      FAST  |clk_i_BUFGP       |   0.000|
Temp_o<3>   |         9.312(R)|      SLOW  |         3.995(R)|      FAST  |clk_i_BUFGP       |   0.000|
Temp_o<4>   |         8.989(R)|      SLOW  |         3.721(R)|      FAST  |clk_i_BUFGP       |   0.000|
codigo_o<0> |        11.529(R)|      SLOW  |         4.300(R)|      FAST  |clk_i_BUFGP       |   0.000|
codigo_o<3> |        11.118(R)|      SLOW  |         4.622(R)|      FAST  |clk_i_BUFGP       |   0.000|
codigo_o<6> |        11.237(R)|      SLOW  |         4.691(R)|      FAST  |clk_i_BUFGP       |   0.000|
data_o_o    |        10.610(R)|      SLOW  |         4.384(R)|      FAST  |clk_i_BUFGP       |   0.000|
------------+-----------------+------------+-----------------+------------+------------------+--------+

Clock to Setup on destination clock clk_i
---------------+---------+---------+---------+---------+
               | Src:Rise| Src:Fall| Src:Rise| Src:Fall|
Source Clock   |Dest:Rise|Dest:Rise|Dest:Fall|Dest:Fall|
---------------+---------+---------+---------+---------+
clk_i          |    3.644|         |         |         |
---------------+---------+---------+---------+---------+


Analysis completed Wed Mar 18 12:14:24 2015 
--------------------------------------------------------------------------------

Trace Settings:
-------------------------
Trace Settings 

Peak Memory Usage: 163 MB



