Release 14.7 - xst P.20131013 (nt)
Copyright (c) 1995-2013 Xilinx, Inc.  All rights reserved.
--> Parameter TMPDIR set to xst/projnav.tmp


Total REAL time to Xst completion: 0.00 secs
Total CPU time to Xst completion: 0.22 secs
 
--> Parameter xsthdpdir set to xst


Total REAL time to Xst completion: 0.00 secs
Total CPU time to Xst completion: 0.22 secs
 
--> Reading design: Prueba_1.prj

TABLE OF CONTENTS
  1) Synthesis Options Summary
  2) HDL Parsing
  3) HDL Elaboration
  4) HDL Synthesis
       4.1) HDL Synthesis Report
  5) Advanced HDL Synthesis
       5.1) Advanced HDL Synthesis Report
  6) Low Level Synthesis
  7) Partition Report
  8) Design Summary
       8.1) Primitive and Black Box Usage
       8.2) Device utilization summary
       8.3) Partition Resource Summary
       8.4) Timing Report
            8.4.1) Clock Information
            8.4.2) Asynchronous Control Signals Information
            8.4.3) Timing Summary
            8.4.4) Timing Details
            8.4.5) Cross Clock Domains Report


=========================================================================
*                      Synthesis Options Summary                        *
=========================================================================
---- Source Parameters
Input File Name                    : "Prueba_1.prj"
Ignore Synthesis Constraint File   : NO

---- Target Parameters
Output File Name                   : "Prueba_1"
Output Format                      : NGC
Target Device                      : xc6slx16-2-csg324

---- Source Options
Top Module Name                    : Prueba_1
Automatic FSM Extraction           : YES
FSM Encoding Algorithm             : Auto
Safe Implementation                : No
FSM Style                          : LUT
RAM Extraction                     : Yes
RAM Style                          : Auto
ROM Extraction                     : Yes
Shift Register Extraction          : YES
ROM Style                          : Auto
Resource Sharing                   : YES
Asynchronous To Synchronous        : NO
Shift Register Minimum Size        : 2
Use DSP Block                      : Auto
Automatic Register Balancing       : No

---- Target Options
LUT Combining                      : Auto
Reduce Control Sets                : Auto
Add IO Buffers                     : YES
Global Maximum Fanout              : 100000
Add Generic Clock Buffer(BUFG)     : 16
Register Duplication               : YES
Optimize Instantiated Primitives   : NO
Use Clock Enable                   : Auto
Use Synchronous Set                : Auto
Use Synchronous Reset              : Auto
Pack IO Registers into IOBs        : Auto
Equivalent register Removal        : YES

---- General Options
Optimization Goal                  : Speed
Optimization Effort                : 1
Power Reduction                    : NO
Keep Hierarchy                     : No
Netlist Hierarchy                  : As_Optimized
RTL Output                         : Yes
Global Optimization                : AllClockNets
Read Cores                         : YES
Write Timing Constraints           : NO
Cross Clock Analysis               : NO
Hierarchy Separator                : /
Bus Delimiter                      : <>
Case Specifier                     : Maintain
Slice Utilization Ratio            : 100
BRAM Utilization Ratio             : 100
DSP48 Utilization Ratio            : 100
Auto BRAM Packing                  : NO
Slice Utilization Ratio Delta      : 5

=========================================================================


=========================================================================
*                          HDL Parsing                                  *
=========================================================================
Analyzing Verilog file "\\psf\home\Documents\I semestre 2015\Lab. Sistemas Digitales\Laboratorio_DSDigitales\LabDigitales\Proyecto_Corto_2_LDSD\ps2.v" into library work
Parsing module <ps2>.
Analyzing Verilog file "\\psf\home\Documents\I semestre 2015\Lab. Sistemas Digitales\Laboratorio_DSDigitales\LabDigitales\Proyecto_Corto_2_LDSD\maquina_de_estados_teclado.v" into library work
Parsing module <maquina_de_estados_teclado>.
Analyzing Verilog file "\\psf\home\Documents\I semestre 2015\Lab. Sistemas Digitales\Laboratorio_DSDigitales\LabDigitales\Proyecto_Corto_2_LDSD\cnvrsr_k_c.v" into library work
Parsing module <cnvrsr_k_c>.
Analyzing Verilog file "\\psf\home\Documents\I semestre 2015\Lab. Sistemas Digitales\Laboratorio_DSDigitales\LabDigitales\Proyecto_Corto_1_LDSD\Registro_5bits.v" into library work
Parsing module <Registro_5bits>.
Analyzing Verilog file "\\psf\home\Documents\I semestre 2015\Lab. Sistemas Digitales\Laboratorio_DSDigitales\LabDigitales\Proyecto_Corto_1_LDSD\FlipFlop_D.v" into library work
Parsing module <FlipFlop_D>.
Analyzing Verilog file "\\psf\home\Documents\I semestre 2015\Lab. Sistemas Digitales\Laboratorio_DSDigitales\LabDigitales\Proyecto_Corto_1_LDSD\CLK_2.v" into library work
Parsing module <CLK_2>.
Analyzing Verilog file "\\psf\home\Documents\I semestre 2015\Lab. Sistemas Digitales\Laboratorio_DSDigitales\LabDigitales\Proyecto_Corto_2_LDSD\Prueba_1.v" into library work
Parsing module <Prueba_1>.

=========================================================================
*                            HDL Elaboration                            *
=========================================================================

Elaborating module <Prueba_1>.

Elaborating module <ps2>.

Elaborating module <cnvrsr_k_c>.

Elaborating module <maquina_de_estados_teclado>.

Elaborating module <Registro_5bits>.

Elaborating module <FlipFlop_D>.

Elaborating module <CLK_2>.

=========================================================================
*                           HDL Synthesis                               *
=========================================================================

Synthesizing Unit <Prueba_1>.
    Related source file is "\\psf\home\Documents\I semestre 2015\Lab. Sistemas Digitales\Laboratorio_DSDigitales\LabDigitales\Proyecto_Corto_2_LDSD\Prueba_1.v".
    Summary:
	no macro.
Unit <Prueba_1> synthesized.

Synthesizing Unit <ps2>.
    Related source file is "\\psf\home\Documents\I semestre 2015\Lab. Sistemas Digitales\Laboratorio_DSDigitales\LabDigitales\Proyecto_Corto_2_LDSD\ps2.v".
    Found 2-bit register for signal <estado_actl>.
    Found 4-bit register for signal <n_reg>.
    Found 11-bit register for signal <b_reg>.
    Found 8-bit register for signal <filtro_reg>.
    Found 1-bit register for signal <f_ps2c_reg>.
    Found finite state machine <FSM_0> for signal <estado_actl>.
    -----------------------------------------------------------------------
    | States             | 3                                              |
    | Transitions        | 9                                              |
    | Inputs             | 4                                              |
    | Outputs            | 3                                              |
    | Clock              | clk_i (rising_edge)                            |
    | Reset              | rst_i (positive)                               |
    | Reset type         | asynchronous                                   |
    | Reset State        | 00                                             |
    | Encoding           | auto                                           |
    | Implementation     | LUT                                            |
    -----------------------------------------------------------------------
    Found 4-bit subtractor for signal <n_reg[3]_GND_2_o_sub_12_OUT> created at line 93.
    Summary:
	inferred   1 Adder/Subtractor(s).
	inferred  24 D-type flip-flop(s).
	inferred   3 Multiplexer(s).
	inferred   1 Finite State Machine(s).
Unit <ps2> synthesized.

Synthesizing Unit <cnvrsr_k_c>.
    Related source file is "\\psf\home\Documents\I semestre 2015\Lab. Sistemas Digitales\Laboratorio_DSDigitales\LabDigitales\Proyecto_Corto_2_LDSD\cnvrsr_k_c.v".
    Found 4-bit register for signal <EA>.
    Found finite state machine <FSM_1> for signal <EA>.
    -----------------------------------------------------------------------
    | States             | 4                                              |
    | Transitions        | 8                                              |
    | Inputs             | 1                                              |
    | Outputs            | 8                                              |
    | Clock              | clk_i (rising_edge)                            |
    | Reset              | rst_i (positive)                               |
    | Reset type         | asynchronous                                   |
    | Reset State        | 0000                                           |
    | Encoding           | auto                                           |
    | Implementation     | LUT                                            |
    -----------------------------------------------------------------------
    Summary:
	inferred   1 Multiplexer(s).
	inferred   1 Finite State Machine(s).
Unit <cnvrsr_k_c> synthesized.

Synthesizing Unit <maquina_de_estados_teclado>.
    Related source file is "\\psf\home\Documents\I semestre 2015\Lab. Sistemas Digitales\Laboratorio_DSDigitales\LabDigitales\Proyecto_Corto_2_LDSD\maquina_de_estados_teclado.v".
    Found 4-bit register for signal <EA>.
    Found finite state machine <FSM_2> for signal <EA>.
    -----------------------------------------------------------------------
    | States             | 4                                              |
    | Transitions        | 12                                             |
    | Inputs             | 7                                              |
    | Outputs            | 3                                              |
    | Clock              | clk_i (rising_edge)                            |
    | Reset              | rst_i (positive)                               |
    | Reset type         | asynchronous                                   |
    | Reset State        | 0000                                           |
    | Encoding           | auto                                           |
    | Implementation     | LUT                                            |
    -----------------------------------------------------------------------
WARNING:Xst:737 - Found 1-bit latch for signal <Q_o>. Latches may be generated from incomplete case or if statements. We do not recommend the use of latches in FPGA/CPLD designs, as they may lead to timing problems.
WARNING:Xst:737 - Found 1-bit latch for signal <Q1_o>. Latches may be generated from incomplete case or if statements. We do not recommend the use of latches in FPGA/CPLD designs, as they may lead to timing problems.
WARNING:Xst:737 - Found 1-bit latch for signal <temp_o<4>>. Latches may be generated from incomplete case or if statements. We do not recommend the use of latches in FPGA/CPLD designs, as they may lead to timing problems.
WARNING:Xst:737 - Found 1-bit latch for signal <temp_o<2>>. Latches may be generated from incomplete case or if statements. We do not recommend the use of latches in FPGA/CPLD designs, as they may lead to timing problems.
WARNING:Xst:737 - Found 1-bit latch for signal <ign_o>. Latches may be generated from incomplete case or if statements. We do not recommend the use of latches in FPGA/CPLD designs, as they may lead to timing problems.
WARNING:Xst:737 - Found 1-bit latch for signal <pres_o>. Latches may be generated from incomplete case or if statements. We do not recommend the use of latches in FPGA/CPLD designs, as they may lead to timing problems.
WARNING:Xst:737 - Found 1-bit latch for signal <temp_i<4>>. Latches may be generated from incomplete case or if statements. We do not recommend the use of latches in FPGA/CPLD designs, as they may lead to timing problems.
WARNING:Xst:737 - Found 1-bit latch for signal <temp_i<2>>. Latches may be generated from incomplete case or if statements. We do not recommend the use of latches in FPGA/CPLD designs, as they may lead to timing problems.
    Summary:
	inferred   8 Latch(s).
	inferred   1 Multiplexer(s).
	inferred   1 Finite State Machine(s).
Unit <maquina_de_estados_teclado> synthesized.

Synthesizing Unit <Registro_5bits>.
    Related source file is "\\psf\home\Documents\I semestre 2015\Lab. Sistemas Digitales\Laboratorio_DSDigitales\LabDigitales\Proyecto_Corto_1_LDSD\Registro_5bits.v".
    Found 5-bit register for signal <Q_o>.
    Summary:
	inferred   5 D-type flip-flop(s).
Unit <Registro_5bits> synthesized.

Synthesizing Unit <FlipFlop_D>.
    Related source file is "\\psf\home\Documents\I semestre 2015\Lab. Sistemas Digitales\Laboratorio_DSDigitales\LabDigitales\Proyecto_Corto_1_LDSD\FlipFlop_D.v".
    Found 1-bit register for signal <Q_o>.
    Summary:
	inferred   1 D-type flip-flop(s).
Unit <FlipFlop_D> synthesized.

Synthesizing Unit <CLK_2>.
    Related source file is "\\psf\home\Documents\I semestre 2015\Lab. Sistemas Digitales\Laboratorio_DSDigitales\LabDigitales\Proyecto_Corto_1_LDSD\CLK_2.v".
    Found 16-bit register for signal <counter>.
    Found 1-bit register for signal <clk_o>.
    Found 16-bit adder for signal <counter[15]_GND_21_o_add_1_OUT> created at line 41.
    Summary:
	inferred   1 Adder/Subtractor(s).
	inferred  17 D-type flip-flop(s).
	inferred   1 Multiplexer(s).
Unit <CLK_2> synthesized.

=========================================================================
HDL Synthesis Report

Macro Statistics
# Adders/Subtractors                                   : 2
 16-bit adder                                          : 1
 4-bit subtractor                                      : 1
# Registers                                            : 9
 1-bit register                                        : 4
 11-bit register                                       : 1
 16-bit register                                       : 1
 4-bit register                                        : 1
 5-bit register                                        : 1
 8-bit register                                        : 1
# Latches                                              : 8
 1-bit latch                                           : 8
# Multiplexers                                         : 6
 1-bit 2-to-1 multiplexer                              : 3
 16-bit 2-to-1 multiplexer                             : 1
 4-bit 2-to-1 multiplexer                              : 1
 8-bit 2-to-1 multiplexer                              : 1
# FSMs                                                 : 3

=========================================================================

=========================================================================
*                       Advanced HDL Synthesis                          *
=========================================================================

WARNING:Xst:1710 - FF/Latch <temp_i_2> (without init value) has a constant value of 1 in block <C>. This FF/Latch will be trimmed during the optimization process.
WARNING:Xst:1895 - Due to other FF/Latch trimming, FF/Latch <temp_o_2> (without init value) has a constant value of 1 in block <C>. This FF/Latch will be trimmed during the optimization process.

Synthesizing (advanced) Unit <CLK_2>.
The following registers are absorbed into counter <counter>: 1 register on signal <counter>.
Unit <CLK_2> synthesized (advanced).

Synthesizing (advanced) Unit <ps2>.
The following registers are absorbed into counter <n_reg>: 1 register on signal <n_reg>.
Unit <ps2> synthesized (advanced).

=========================================================================
Advanced HDL Synthesis Report

Macro Statistics
# Counters                                             : 2
 16-bit up counter                                     : 1
 4-bit down counter                                    : 1
# Registers                                            : 28
 Flip-Flops                                            : 28
# Multiplexers                                         : 4
 1-bit 2-to-1 multiplexer                              : 3
 8-bit 2-to-1 multiplexer                              : 1
# FSMs                                                 : 3

=========================================================================

=========================================================================
*                         Low Level Synthesis                           *
=========================================================================
WARNING:Xst:1710 - FF/Latch <temp_i_2> (without init value) has a constant value of 1 in block <maquina_de_estados_teclado>. This FF/Latch will be trimmed during the optimization process.
WARNING:Xst:1895 - Due to other FF/Latch trimming, FF/Latch <temp_o_2> (without init value) has a constant value of 1 in block <maquina_de_estados_teclado>. This FF/Latch will be trimmed during the optimization process.
Analyzing FSM <MFsm> for best encoding.
Optimizing FSM <A/FSM_0> on signal <estado_actl[1:2]> with gray encoding.
-------------------
 State | Encoding
-------------------
 00    | 00
 01    | 01
 10    | 11
-------------------
Analyzing FSM <MFsm> for best encoding.
Optimizing FSM <C/FSM_2> on signal <EA[1:2]> with gray encoding.
-------------------
 State | Encoding
-------------------
 0000  | 00
 0001  | 01
 0010  | 11
 0011  | 10
-------------------
Analyzing FSM <MFsm> for best encoding.
Optimizing FSM <B/FSM_1> on signal <EA[1:2]> with gray encoding.
-------------------
 State | Encoding
-------------------
 0000  | 00
 0001  | 01
 0010  | 11
 0011  | 10
-------------------

Optimizing unit <Prueba_1> ...

Optimizing unit <ps2> ...

Optimizing unit <maquina_de_estados_teclado> ...

Optimizing unit <cnvrsr_k_c> ...
INFO:Xst:2261 - The FF/Latch <E/Q_o_4> in Unit <Prueba_1> is equivalent to the following 3 FFs/Latches, which will be removed : <E/Q_o_3> <E/Q_o_1> <E/Q_o_0> 

Mapping all equations...
Building and optimizing final netlist ...
Found area constraint ratio of 100 (+ 5) on block Prueba_1, actual ratio is 1.
FlipFlop E/Q_o_4 has been replicated 3 time(s) to handle iob=true attribute.

Final Macro Processing ...

=========================================================================
Final Register Report

Macro Statistics
# Registers                                            : 54
 Flip-Flops                                            : 54

=========================================================================

=========================================================================
*                           Partition Report                            *
=========================================================================

Partition Implementation Status
-------------------------------

  No Partitions were found in this design.

-------------------------------

=========================================================================
*                            Design Summary                             *
=========================================================================

Top Level Output File Name         : Prueba_1.ngc

Primitive and Black Box Usage:
------------------------------
# BELS                             : 132
#      GND                         : 1
#      INV                         : 2
#      LUT1                        : 15
#      LUT2                        : 8
#      LUT3                        : 5
#      LUT4                        : 6
#      LUT5                        : 16
#      LUT6                        : 45
#      MUXCY                       : 15
#      MUXF7                       : 2
#      VCC                         : 1
#      XORCY                       : 16
# FlipFlops/Latches                : 60
#      FDC                         : 34
#      FDCE                        : 20
#      LD                          : 4
#      LDE                         : 2
# Clock Buffers                    : 1
#      BUFG                        : 1
# IO Buffers                       : 22
#      IBUF                        : 5
#      OBUF                        : 17

Device utilization summary:
---------------------------

Selected Device : 6slx16csg324-2 


Slice Logic Utilization: 
 Number of Slice Registers:              53  out of  18224     0%  
 Number of Slice LUTs:                   97  out of   9112     1%  
    Number used as Logic:                97  out of   9112     1%  

Slice Logic Distribution: 
 Number of LUT Flip Flop pairs used:    114
   Number with an unused Flip Flop:      61  out of    114    53%  
   Number with an unused LUT:            17  out of    114    14%  
   Number of fully used LUT-FF pairs:    36  out of    114    31%  
   Number of unique control sets:         9

IO Utilization: 
 Number of IOs:                          22
 Number of bonded IOBs:                  22  out of    232     9%  
    IOB Flip Flops/Latches:               7

Specific Feature Utilization:
 Number of BUFG/BUFGCTRLs:                1  out of     16     6%  

---------------------------
Partition Resource Summary:
---------------------------

  No Partitions were found in this design.

---------------------------


=========================================================================
Timing Report

NOTE: THESE TIMING NUMBERS ARE ONLY A SYNTHESIS ESTIMATE.
      FOR ACCURATE TIMING INFORMATION PLEASE REFER TO THE TRACE REPORT
      GENERATED AFTER PLACE-and-ROUTE.

Clock Information:
------------------
------------------------------------------------------------------------+------------------------+-------+
Clock Signal                                                            | Clock buffer(FF name)  | Load  |
------------------------------------------------------------------------+------------------------+-------+
clk_i                                                                   | IBUF+BUFG              | 52    |
C/datotec_o[7]_PWR_5_o_equal_2_o(C/datotec_o[7]_PWR_5_o_equal_2_o<7>2:O)| NONE(*)(C/temp_o_4)    | 3     |
C/_n0066(C/Mmux__n006611:O)                                             | NONE(*)(C/temp_i_4)    | 1     |
C/EA[3]_GND_4_o_equal_21_o(C/EA_EA[3]_GND_4_o_equal_21_o1:O)            | NONE(*)(C/ign_o)       | 1     |
C/EA[3]_GND_4_o_equal_22_o(C/EA_EA[3]_GND_4_o_equal_22_o1:O)            | NONE(*)(C/pres_o)      | 1     |
D/clk_o                                                                 | NONE(B/EA_FSM_FFd1)    | 2     |
------------------------------------------------------------------------+------------------------+-------+
(*) These 4 clock signal(s) are generated by combinatorial logic,
and XST is not able to identify which are the primary clock signals.
Please use the CLOCK_SIGNAL constraint to specify the clock signal(s) generated by combinatorial logic.
INFO:Xst:2169 - HDL ADVISOR - Some clock signals were not automatically buffered by XST with BUFG/BUFR resources. Please use the buffer_type constraint in order to insert these buffers to the clock signals to help prevent skew problems.

Asynchronous Control Signals Information:
----------------------------------------
No asynchronous control signals found in this design

Timing Summary:
---------------
Speed Grade: -2

   Minimum period: 6.146ns (Maximum Frequency: 162.707MHz)
   Minimum input arrival time before clock: 4.002ns
   Maximum output required time after clock: 5.317ns
   Maximum combinational path delay: 5.043ns

Timing Details:
---------------
All values displayed in nanoseconds (ns)

=========================================================================
Timing constraint: Default period analysis for Clock 'clk_i'
  Clock period: 6.146ns (frequency: 162.707MHz)
  Total number of paths / destination ports: 1074 / 58
-------------------------------------------------------------------------
Delay:               6.146ns (Levels of Logic = 4)
  Source:            A/b_reg_1 (FF)
  Destination:       C/EA_FSM_FFd1 (FF)
  Source Clock:      clk_i rising
  Destination Clock: clk_i rising

  Data Path: A/b_reg_1 to C/EA_FSM_FFd1
                                Gate     Net
    Cell:in->out      fanout   Delay   Delay  Logical Name (Net Name)
    ----------------------------------------  ------------
     FDCE:C->Q            16   0.525   1.612  A/b_reg_1 (A/b_reg_1)
     LUT6:I1->O            7   0.254   1.018  B/out14_SW1 (N16)
     LUT5:I3->O            7   0.250   1.138  B/codigo_o<5>2 (codigo_o<3>)
     LUT5:I2->O            1   0.235   0.790  C/EA_FSM_FFd1-In11_SW2 (N45)
     LUT6:I4->O            1   0.250   0.000  C/EA_FSM_FFd1-In11 (C/EA_FSM_FFd1-In)
     FDC:D                     0.074          C/EA_FSM_FFd1
    ----------------------------------------
    Total                      6.146ns (1.588ns logic, 4.558ns route)
                                       (25.8% logic, 74.2% route)

=========================================================================
Timing constraint: Default period analysis for Clock 'D/clk_o'
  Clock period: 2.375ns (frequency: 421.053MHz)
  Total number of paths / destination ports: 2 / 2
-------------------------------------------------------------------------
Delay:               2.375ns (Levels of Logic = 1)
  Source:            B/EA_FSM_FFd1 (FF)
  Destination:       B/EA_FSM_FFd2 (FF)
  Source Clock:      D/clk_o rising
  Destination Clock: D/clk_o rising

  Data Path: B/EA_FSM_FFd1 to B/EA_FSM_FFd2
                                Gate     Net
    Cell:in->out      fanout   Delay   Delay  Logical Name (Net Name)
    ----------------------------------------  ------------
     FDC:C->Q              5   0.525   0.840  B/EA_FSM_FFd1 (B/EA_FSM_FFd1)
     INV:I->O              1   0.255   0.681  B/EA_FSM_FFd2-In1_INV_0 (B/EA_FSM_FFd2-In)
     FDC:D                     0.074          B/EA_FSM_FFd2
    ----------------------------------------
    Total                      2.375ns (0.854ns logic, 1.521ns route)
                                       (36.0% logic, 64.0% route)

=========================================================================
Timing constraint: Default OFFSET IN BEFORE for Clock 'clk_i'
  Total number of paths / destination ports: 75 / 75
-------------------------------------------------------------------------
Offset:              4.002ns (Levels of Logic = 2)
  Source:            rx_en (PAD)
  Destination:       A/b_reg_10 (FF)
  Destination Clock: clk_i rising

  Data Path: rx_en to A/b_reg_10
                                Gate     Net
    Cell:in->out      fanout   Delay   Delay  Logical Name (Net Name)
    ----------------------------------------  ------------
     IBUF:I->O             4   1.328   1.080  rx_en_IBUF (rx_en_o_OBUF)
     LUT4:I0->O           11   0.254   1.038  A/_n0082_inv1 (A/_n0082_inv)
     FDCE:CE                   0.302          A/b_reg_0
    ----------------------------------------
    Total                      4.002ns (1.884ns logic, 2.118ns route)
                                       (47.1% logic, 52.9% route)

=========================================================================
Timing constraint: Default OFFSET IN BEFORE for Clock 'D/clk_o'
  Total number of paths / destination ports: 2 / 2
-------------------------------------------------------------------------
Offset:              3.638ns (Levels of Logic = 1)
  Source:            rst_i (PAD)
  Destination:       B/EA_FSM_FFd1 (FF)
  Destination Clock: D/clk_o rising

  Data Path: rst_i to B/EA_FSM_FFd1
                                Gate     Net
    Cell:in->out      fanout   Delay   Delay  Logical Name (Net Name)
    ----------------------------------------  ------------
     IBUF:I->O            54   1.328   1.851  rst_i_IBUF (rst_i_IBUF)
     FDC:CLR                   0.459          B/EA_FSM_FFd2
    ----------------------------------------
    Total                      3.638ns (1.787ns logic, 1.851ns route)
                                       (49.1% logic, 50.9% route)

=========================================================================
Timing constraint: Default OFFSET OUT AFTER for Clock 'D/clk_o'
  Total number of paths / destination ports: 8 / 4
-------------------------------------------------------------------------
Offset:              5.317ns (Levels of Logic = 2)
  Source:            B/EA_FSM_FFd1 (FF)
  Destination:       anodos_o<3> (PAD)
  Source Clock:      D/clk_o rising

  Data Path: B/EA_FSM_FFd1 to anodos_o<3>
                                Gate     Net
    Cell:in->out      fanout   Delay   Delay  Logical Name (Net Name)
    ----------------------------------------  ------------
     FDC:C->Q              5   0.525   0.949  B/EA_FSM_FFd1 (B/EA_FSM_FFd1)
     LUT2:I0->O            1   0.250   0.681  B/EA__n0079<1>1 (anodos_o_3_OBUF)
     OBUF:I->O                 2.912          anodos_o_3_OBUF (anodos_o<3>)
    ----------------------------------------
    Total                      5.317ns (3.687ns logic, 1.630ns route)
                                       (69.3% logic, 30.7% route)

=========================================================================
Timing constraint: Default OFFSET OUT AFTER for Clock 'clk_i'
  Total number of paths / destination ports: 10 / 10
-------------------------------------------------------------------------
Offset:              4.412ns (Levels of Logic = 1)
  Source:            A/estado_actl_FSM_FFd1 (FF)
  Destination:       rx_listo (PAD)
  Source Clock:      clk_i rising

  Data Path: A/estado_actl_FSM_FFd1 to rx_listo
                                Gate     Net
    Cell:in->out      fanout   Delay   Delay  Logical Name (Net Name)
    ----------------------------------------  ------------
     FDC:C->Q              9   0.525   0.975  A/estado_actl_FSM_FFd1 (A/estado_actl_FSM_FFd1)
     OBUF:I->O                 2.912          rx_listo_OBUF (rx_listo)
    ----------------------------------------
    Total                      4.412ns (3.437ns logic, 0.975ns route)
                                       (77.9% logic, 22.1% route)

=========================================================================
Timing constraint: Default path analysis
  Total number of paths / destination ports: 3 / 3
-------------------------------------------------------------------------
Delay:               5.043ns (Levels of Logic = 2)
  Source:            rx_en (PAD)
  Destination:       rx_en_o (PAD)

  Data Path: rx_en to rx_en_o
                                Gate     Net
    Cell:in->out      fanout   Delay   Delay  Logical Name (Net Name)
    ----------------------------------------  ------------
     IBUF:I->O             4   1.328   0.803  rx_en_IBUF (rx_en_o_OBUF)
     OBUF:I->O                 2.912          rx_en_o_OBUF (rx_en_o)
    ----------------------------------------
    Total                      5.043ns (4.240ns logic, 0.803ns route)
                                       (84.1% logic, 15.9% route)

=========================================================================

Cross Clock Domains Report:
--------------------------

Clock to Setup on destination clock C/EA[3]_GND_4_o_equal_21_o
---------------+---------+---------+---------+---------+
               | Src:Rise| Src:Fall| Src:Rise| Src:Fall|
Source Clock   |Dest:Rise|Dest:Rise|Dest:Fall|Dest:Fall|
---------------+---------+---------+---------+---------+
clk_i          |         |         |    7.793|         |
---------------+---------+---------+---------+---------+

Clock to Setup on destination clock C/EA[3]_GND_4_o_equal_22_o
---------------+---------+---------+---------+---------+
               | Src:Rise| Src:Fall| Src:Rise| Src:Fall|
Source Clock   |Dest:Rise|Dest:Rise|Dest:Fall|Dest:Fall|
---------------+---------+---------+---------+---------+
clk_i          |         |         |    8.027|         |
---------------+---------+---------+---------+---------+

Clock to Setup on destination clock C/_n0066
---------------+---------+---------+---------+---------+
               | Src:Rise| Src:Fall| Src:Rise| Src:Fall|
Source Clock   |Dest:Rise|Dest:Rise|Dest:Fall|Dest:Fall|
---------------+---------+---------+---------+---------+
clk_i          |         |         |    6.444|         |
---------------+---------+---------+---------+---------+

Clock to Setup on destination clock C/datotec_o[7]_PWR_5_o_equal_2_o
--------------------------+---------+---------+---------+---------+
                          | Src:Rise| Src:Fall| Src:Rise| Src:Fall|
Source Clock              |Dest:Rise|Dest:Rise|Dest:Fall|Dest:Fall|
--------------------------+---------+---------+---------+---------+
C/EA[3]_GND_4_o_equal_21_o|         |         |    1.298|         |
C/EA[3]_GND_4_o_equal_22_o|         |         |    1.298|         |
C/_n0066                  |         |         |    1.298|         |
--------------------------+---------+---------+---------+---------+

Clock to Setup on destination clock D/clk_o
---------------+---------+---------+---------+---------+
               | Src:Rise| Src:Fall| Src:Rise| Src:Fall|
Source Clock   |Dest:Rise|Dest:Rise|Dest:Fall|Dest:Fall|
---------------+---------+---------+---------+---------+
D/clk_o        |    2.375|         |         |         |
---------------+---------+---------+---------+---------+

Clock to Setup on destination clock clk_i
--------------------------------+---------+---------+---------+---------+
                                | Src:Rise| Src:Fall| Src:Rise| Src:Fall|
Source Clock                    |Dest:Rise|Dest:Rise|Dest:Fall|Dest:Fall|
--------------------------------+---------+---------+---------+---------+
C/datotec_o[7]_PWR_5_o_equal_2_o|         |    1.458|         |         |
clk_i                           |    6.146|         |         |         |
--------------------------------+---------+---------+---------+---------+

=========================================================================


Total REAL time to Xst completion: 9.00 secs
Total CPU time to Xst completion: 8.94 secs
 
--> 

Total memory usage is 189132 kilobytes

Number of errors   :    0 (   0 filtered)
Number of warnings :   12 (   0 filtered)
Number of infos    :    2 (   0 filtered)

