Release 14.7 - xst P.20131013 (nt)
Copyright (c) 1995-2013 Xilinx, Inc.  All rights reserved.
--> Parameter TMPDIR set to xst/projnav.tmp


Total REAL time to Xst completion: 1.00 secs
Total CPU time to Xst completion: 0.11 secs
 
--> Parameter xsthdpdir set to xst


Total REAL time to Xst completion: 1.00 secs
Total CPU time to Xst completion: 0.11 secs
 
--> Reading design: ps2.prj

TABLE OF CONTENTS
  1) Synthesis Options Summary
  2) HDL Parsing
  3) HDL Elaboration
  4) HDL Synthesis
       4.1) HDL Synthesis Report
  5) Advanced HDL Synthesis
       5.1) Advanced HDL Synthesis Report
  6) Low Level Synthesis
  7) Partition Report
  8) Design Summary
       8.1) Primitive and Black Box Usage
       8.2) Device utilization summary
       8.3) Partition Resource Summary
       8.4) Timing Report
            8.4.1) Clock Information
            8.4.2) Asynchronous Control Signals Information
            8.4.3) Timing Summary
            8.4.4) Timing Details
            8.4.5) Cross Clock Domains Report


=========================================================================
*                      Synthesis Options Summary                        *
=========================================================================
---- Source Parameters
Input File Name                    : "ps2.prj"
Ignore Synthesis Constraint File   : NO

---- Target Parameters
Output File Name                   : "ps2"
Output Format                      : NGC
Target Device                      : xc6slx16-2-csg324

---- Source Options
Top Module Name                    : ps2
Automatic FSM Extraction           : YES
FSM Encoding Algorithm             : Auto
Safe Implementation                : No
FSM Style                          : LUT
RAM Extraction                     : Yes
RAM Style                          : Auto
ROM Extraction                     : Yes
Shift Register Extraction          : YES
ROM Style                          : Auto
Resource Sharing                   : YES
Asynchronous To Synchronous        : NO
Shift Register Minimum Size        : 2
Use DSP Block                      : Auto
Automatic Register Balancing       : No

---- Target Options
LUT Combining                      : Auto
Reduce Control Sets                : Auto
Add IO Buffers                     : YES
Global Maximum Fanout              : 100000
Add Generic Clock Buffer(BUFG)     : 16
Register Duplication               : YES
Optimize Instantiated Primitives   : NO
Use Clock Enable                   : Auto
Use Synchronous Set                : Auto
Use Synchronous Reset              : Auto
Pack IO Registers into IOBs        : Auto
Equivalent register Removal        : YES

---- General Options
Optimization Goal                  : Speed
Optimization Effort                : 1
Power Reduction                    : NO
Keep Hierarchy                     : No
Netlist Hierarchy                  : As_Optimized
RTL Output                         : Yes
Global Optimization                : AllClockNets
Read Cores                         : YES
Write Timing Constraints           : NO
Cross Clock Analysis               : NO
Hierarchy Separator                : /
Bus Delimiter                      : <>
Case Specifier                     : Maintain
Slice Utilization Ratio            : 100
BRAM Utilization Ratio             : 100
DSP48 Utilization Ratio            : 100
Auto BRAM Packing                  : NO
Slice Utilization Ratio Delta      : 5

=========================================================================


=========================================================================
*                          HDL Parsing                                  *
=========================================================================
Analyzing Verilog file "C:\Users\Javier\Desktop\LabDigitales\Proyecto_Corto_2_LDSD\ps2.v" into library work
Parsing module <ps2>.

=========================================================================
*                            HDL Elaboration                            *
=========================================================================

Elaborating module <ps2>.

=========================================================================
*                           HDL Synthesis                               *
=========================================================================

Synthesizing Unit <ps2>.
    Related source file is "C:\Users\Javier\Desktop\LabDigitales\Proyecto_Corto_2_LDSD\ps2.v".
    Found 2-bit register for signal <estado_actl>.
    Found 4-bit register for signal <n_reg>.
    Found 11-bit register for signal <b_reg>.
    Found 8-bit register for signal <filtro_reg>.
    Found 1-bit register for signal <f_ps2c_reg>.
    Found finite state machine <FSM_0> for signal <estado_actl>.
    -----------------------------------------------------------------------
    | States             | 3                                              |
    | Transitions        | 9                                              |
    | Inputs             | 4                                              |
    | Outputs            | 3                                              |
    | Clock              | clk_i (rising_edge)                            |
    | Reset              | rst_i (positive)                               |
    | Reset type         | asynchronous                                   |
    | Reset State        | 00                                             |
    | Encoding           | auto                                           |
    | Implementation     | LUT                                            |
    -----------------------------------------------------------------------
    Found 4-bit subtractor for signal <n_reg[3]_GND_1_o_sub_12_OUT> created at line 93.
    Summary:
	inferred   1 Adder/Subtractor(s).
	inferred  24 D-type flip-flop(s).
	inferred   3 Multiplexer(s).
	inferred   1 Finite State Machine(s).
Unit <ps2> synthesized.

=========================================================================
HDL Synthesis Report

Macro Statistics
# Adders/Subtractors                                   : 1
 4-bit subtractor                                      : 1
# Registers                                            : 4
 1-bit register                                        : 1
 11-bit register                                       : 1
 4-bit register                                        : 1
 8-bit register                                        : 1
# Multiplexers                                         : 3
 1-bit 2-to-1 multiplexer                              : 2
 4-bit 2-to-1 multiplexer                              : 1
# FSMs                                                 : 1

=========================================================================

=========================================================================
*                       Advanced HDL Synthesis                          *
=========================================================================

WARNING:Xst:2677 - Node <b_reg_0> of sequential type is unconnected in block <ps2>.

Synthesizing (advanced) Unit <ps2>.
The following registers are absorbed into counter <n_reg>: 1 register on signal <n_reg>.
Unit <ps2> synthesized (advanced).
WARNING:Xst:2677 - Node <b_reg_0> of sequential type is unconnected in block <ps2>.

=========================================================================
Advanced HDL Synthesis Report

Macro Statistics
# Counters                                             : 1
 4-bit down counter                                    : 1
# Registers                                            : 19
 Flip-Flops                                            : 19
# Multiplexers                                         : 2
 1-bit 2-to-1 multiplexer                              : 2
# FSMs                                                 : 1

=========================================================================

=========================================================================
*                         Low Level Synthesis                           *
=========================================================================
Analyzing FSM <MFsm> for best encoding.
Optimizing FSM <FSM_0> on signal <estado_actl[1:2]> with gray encoding.
-------------------
 State | Encoding
-------------------
 00    | 00
 01    | 01
 10    | 11
-------------------

Optimizing unit <ps2> ...

Mapping all equations...
Building and optimizing final netlist ...
Found area constraint ratio of 100 (+ 5) on block ps2, actual ratio is 0.

Final Macro Processing ...

=========================================================================
Final Register Report

Macro Statistics
# Registers                                            : 25
 Flip-Flops                                            : 25

=========================================================================

=========================================================================
*                           Partition Report                            *
=========================================================================

Partition Implementation Status
-------------------------------

  No Partitions were found in this design.

-------------------------------

=========================================================================
*                            Design Summary                             *
=========================================================================

Top Level Output File Name         : ps2.ngc

Primitive and Black Box Usage:
------------------------------
# BELS                             : 28
#      LUT2                        : 1
#      LUT3                        : 3
#      LUT4                        : 4
#      LUT5                        : 3
#      LUT6                        : 17
# FlipFlops/Latches                : 25
#      FDC                         : 21
#      FDCE                        : 4
# Clock Buffers                    : 1
#      BUFGP                       : 1
# IO Buffers                       : 13
#      IBUF                        : 4
#      OBUF                        : 9

Device utilization summary:
---------------------------

Selected Device : 6slx16csg324-2 


Slice Logic Utilization: 
 Number of Slice Registers:              25  out of  18224     0%  
 Number of Slice LUTs:                   28  out of   9112     0%  
    Number used as Logic:                28  out of   9112     0%  

Slice Logic Distribution: 
 Number of LUT Flip Flop pairs used:     36
   Number with an unused Flip Flop:      11  out of     36    30%  
   Number with an unused LUT:             8  out of     36    22%  
   Number of fully used LUT-FF pairs:    17  out of     36    47%  
   Number of unique control sets:         2

IO Utilization: 
 Number of IOs:                          14
 Number of bonded IOBs:                  14  out of    232     6%  

Specific Feature Utilization:
 Number of BUFG/BUFGCTRLs:                1  out of     16     6%  

---------------------------
Partition Resource Summary:
---------------------------

  No Partitions were found in this design.

---------------------------


=========================================================================
Timing Report

NOTE: THESE TIMING NUMBERS ARE ONLY A SYNTHESIS ESTIMATE.
      FOR ACCURATE TIMING INFORMATION PLEASE REFER TO THE TRACE REPORT
      GENERATED AFTER PLACE-and-ROUTE.

Clock Information:
------------------
-----------------------------------+------------------------+-------+
Clock Signal                       | Clock buffer(FF name)  | Load  |
-----------------------------------+------------------------+-------+
clk_i                              | BUFGP                  | 25    |
-----------------------------------+------------------------+-------+

Asynchronous Control Signals Information:
----------------------------------------
No asynchronous control signals found in this design

Timing Summary:
---------------
Speed Grade: -2

   Minimum period: 4.461ns (Maximum Frequency: 224.165MHz)
   Minimum input arrival time before clock: 4.107ns
   Maximum output required time after clock: 4.412ns
   Maximum combinational path delay: No path found

Timing Details:
---------------
All values displayed in nanoseconds (ns)

=========================================================================
Timing constraint: Default period analysis for Clock 'clk_i'
  Clock period: 4.461ns (frequency: 224.165MHz)
  Total number of paths / destination ports: 273 / 28
-------------------------------------------------------------------------
Delay:               4.461ns (Levels of Logic = 2)
  Source:            filtro_reg_1 (FF)
  Destination:       n_reg_0 (FF)
  Source Clock:      clk_i rising
  Destination Clock: clk_i rising

  Data Path: filtro_reg_1 to n_reg_0
                                Gate     Net
    Cell:in->out      fanout   Delay   Delay  Logical Name (Net Name)
    ----------------------------------------  ------------
     FDC:C->Q              3   0.525   1.196  filtro_reg_1 (filtro_reg_1)
     LUT6:I1->O           14   0.254   1.127  Mmux_f_ps2c_sgt11 (Mmux_f_ps2c_sgt1)
     LUT5:I4->O            4   0.254   0.803  _n0070_inv_cepot (_n0070_inv_cepot)
     FDCE:CE                   0.302          n_reg_0
    ----------------------------------------
    Total                      4.461ns (1.335ns logic, 3.126ns route)
                                       (29.9% logic, 70.1% route)

=========================================================================
Timing constraint: Default OFFSET IN BEFORE for Clock 'clk_i'
  Total number of paths / destination ports: 42 / 41
-------------------------------------------------------------------------
Offset:              4.107ns (Levels of Logic = 3)
  Source:            rx_en (PAD)
  Destination:       b_reg_1 (FF)
  Destination Clock: clk_i rising

  Data Path: rx_en to b_reg_1
                                Gate     Net
    Cell:in->out      fanout   Delay   Delay  Logical Name (Net Name)
    ----------------------------------------  ------------
     IBUF:I->O             6   1.328   1.104  rx_en_IBUF (rx_en_IBUF)
     LUT4:I1->O           10   0.235   1.116  Mmux_f_ps2c_sgt13_SW0 (N8)
     LUT6:I4->O            1   0.250   0.000  b_reg_1_rstpot (b_reg_1_rstpot)
     FDC:D                     0.074          b_reg_1
    ----------------------------------------
    Total                      4.107ns (1.887ns logic, 2.220ns route)
                                       (45.9% logic, 54.1% route)

=========================================================================
Timing constraint: Default OFFSET OUT AFTER for Clock 'clk_i'
  Total number of paths / destination ports: 9 / 9
-------------------------------------------------------------------------
Offset:              4.412ns (Levels of Logic = 1)
  Source:            estado_actl_FSM_FFd1 (FF)
  Destination:       rx_listo (PAD)
  Source Clock:      clk_i rising

  Data Path: estado_actl_FSM_FFd1 to rx_listo
                                Gate     Net
    Cell:in->out      fanout   Delay   Delay  Logical Name (Net Name)
    ----------------------------------------  ------------
     FDC:C->Q              9   0.525   0.975  estado_actl_FSM_FFd1 (estado_actl_FSM_FFd1)
     OBUF:I->O                 2.912          rx_listo_OBUF (rx_listo)
    ----------------------------------------
    Total                      4.412ns (3.437ns logic, 0.975ns route)
                                       (77.9% logic, 22.1% route)

=========================================================================

Cross Clock Domains Report:
--------------------------

Clock to Setup on destination clock clk_i
---------------+---------+---------+---------+---------+
               | Src:Rise| Src:Fall| Src:Rise| Src:Fall|
Source Clock   |Dest:Rise|Dest:Rise|Dest:Fall|Dest:Fall|
---------------+---------+---------+---------+---------+
clk_i          |    4.461|         |         |         |
---------------+---------+---------+---------+---------+

=========================================================================


Total REAL time to Xst completion: 5.00 secs
Total CPU time to Xst completion: 4.86 secs
 
--> 

Total memory usage is 195312 kilobytes

Number of errors   :    0 (   0 filtered)
Number of warnings :    2 (   0 filtered)
Number of infos    :    0 (   0 filtered)

